<p>Tool use, whether using a stone, stick, rake, or pliers, provides an extension of the body (<xref rid="bib105" ref-type="bibr">Van Lawick-Goodall, 1970</xref>) and involves, among other things, the transfer of a proximal movement goal for the hand into a more distal goal for the tool (<xref rid="bib57" ref-type="bibr">Johnson and Grafton, 2003</xref>; <xref rid="bib3" ref-type="bibr">Arbib et al., 2009</xref>).
Map(start -> 82, end -> 83, match -> of)
Map(start -> 85, end -> 87, match -> the)
Map(start -> 197, end -> 199, match -> the)
Map(start -> 210, end -> 211, match -> of)
Map(start -> 238, end -> 240, match -> for)
Map(start -> 242, end -> 244, match -> the)
Map(start -> 275, end -> 277, match -> for)
Map(start -> 279, end -> 281, match -> the)
Map(start -> 402, end -> 402, match -> ,)

A compelling demonstration that this transfer might actually occur at the cortical level comes from neural recordings of grasping neurons in the ventral premotor cortex (PMv) and motor cortex (M1) of macaque monkeys trained to use pliers (<xref rid="bib101" ref-type="bibr">Umilta et al., 2008</xref>).
Map(start -> 32, end -> 35, match -> this)
Map(start -> 70, end -> 72, match -> the)
Map(start -> 118, end -> 119, match -> of)
Map(start -> 141, end -> 143, match -> the)
Map(start -> 197, end -> 198, match -> of)
Map(start -> 287, end -> 287, match -> ,)

In both these areas, many neurons that encoded the specifics of hand grasping subsequently encoded tool grasping, even when use of the specific tool (reverse pliers that close as the hand grip opens) required hand kinematics opposite to those required when grasping with the hand alone.
Map(start -> 47, end -> 49, match -> the)
Map(start -> 61, end -> 62, match -> of)
Map(start -> 128, end -> 129, match -> of)
Map(start -> 131, end -> 133, match -> the)
Map(start -> 179, end -> 181, match -> the)
Map(start -> 271, end -> 273, match -> the)

These findings suggest that tool use is supported by an effector-independent level of representation, in which the overall goal of the motor act is coded separately from the precise hand kinematics required to operate the tool.
Map(start -> 83, end -> 84, match -> of)
Map(start -> 111, end -> 113, match -> the)
Map(start -> 128, end -> 129, match -> of)
Map(start -> 131, end -> 133, match -> the)
Map(start -> 170, end -> 172, match -> the)
Map(start -> 218, end -> 220, match -> the)

In further support of this notion, findings from human neuropsychology (<xref rid="bib8" ref-type="bibr">Berti and Frassinetti, 2000</xref>; <xref rid="bib70" ref-type="bibr">Maravita and Iriki, 2004</xref>), human behavior (<xref rid="bib42" ref-type="bibr">Gentilucci et al., 2004</xref>; <xref rid="bib12" ref-type="bibr">Cardinali et al., 2009</xref>, <xref rid="bib13" ref-type="bibr">2012</xref>), and macaque monkey neurophysiology (<xref rid="bib53" ref-type="bibr">Iriki et al., 1996</xref>) suggest that following training, a tool may actually become incorporated into the body schema of the actor and coded as an extension of the hand/limb.
Map(start -> 19, end -> 20, match -> of)
Map(start -> 22, end -> 25, match -> this)
Map(start -> 207, end -> 207, match -> ,)
Map(start -> 276, end -> 276, match -> ,)
Map(start -> 341, end -> 341, match -> ,)
Map(start -> 354, end -> 354, match -> ,)
Map(start -> 402, end -> 402, match -> ,)
Map(start -> 486, end -> 486, match -> ,)
Map(start -> 579, end -> 581, match -> the)
Map(start -> 595, end -> 596, match -> of)
Map(start -> 598, end -> 600, match -> the)
Map(start -> 634, end -> 635, match -> of)
Map(start -> 637, end -> 639, match -> the)

While provocative, how well does this single mechanism explain the neural substrates of tool use in humans, particularly within established networks that have been identified for tools (<xref rid="bib65" ref-type="bibr">Lewis, 2006</xref>), hand actions (<xref rid="bib23" ref-type="bibr">Culham et al., 2006</xref>), and body perception (<xref rid="bib82" ref-type="bibr">Peelen and Downing, 2007</xref>)?</p>
Map(start -> 33, end -> 36, match -> this)
Map(start -> 63, end -> 65, match -> the)
Map(start -> 85, end -> 86, match -> of)
Map(start -> 154, end -> 157, match -> have)
Map(start -> 175, end -> 177, match -> for)
Map(start -> 239, end -> 239, match -> ,)
Map(start -> 302, end -> 302, match -> ,)
Map(start -> 316, end -> 316, match -> ,)

<p>Although considerable research has been done on the brain networks specialized for visual processing of tools and bodies and the visual-motor processing of hand actions, these topics have largely been studied in isolation.
Map(start -> 25, end -> 32, match -> research)
Map(start -> 34, end -> 36, match -> has)
Map(start -> 51, end -> 53, match -> the)
Map(start -> 82, end -> 84, match -> for)
Map(start -> 104, end -> 105, match -> of)
Map(start -> 128, end -> 130, match -> the)
Map(start -> 156, end -> 157, match -> of)
Map(start -> 186, end -> 189, match -> have)

Increasing evidence from functional magnetic resonance imaging (fMRI) suggests that human frontoparietal and occipitotemporal cortex contain specialized regions that selectively represent tools and bodies (<xref rid="bib29" ref-type="bibr">Downing et al., 2001</xref>; <xref rid="bib65" ref-type="bibr">Lewis, 2006</xref>; <xref rid="bib37" ref-type="bibr">Frey, 2007</xref>; <xref rid="bib82" ref-type="bibr">Peelen and Downing, 2007</xref>; <xref rid="bib83" ref-type="bibr">Peeters et al., 2009</xref>; <xref rid="bib102" ref-type="bibr">Valyear and Culham, 2010</xref>; <xref rid="bib11" ref-type="bibr">Bracci et al., 2012</xref>).
Map(start -> 254, end -> 254, match -> ,)
Map(start -> 491, end -> 491, match -> ,)
Map(start -> 621, end -> 621, match -> ,)

For instance, when individuals view, imagine, or pantomime tool use actions, the supramarginal gyrus (SMG), posterior middle temporal gyrus (pMTG), and dorsal premotor cortex (PMd)—areas that have shown some of the greatest evolutionary expansion in humans (<xref rid="bib104" ref-type="bibr">Van Essen and Dierker, 2007</xref>)—are often co-activated (<xref rid="bib65" ref-type="bibr">Lewis, 2006</xref>; <xref rid="bib37" ref-type="bibr">Frey, 2007</xref>).
Map(start -> 0, end -> 2, match -> for)
Map(start -> 77, end -> 79, match -> the)
Map(start -> 106, end -> 106, match -> ,)
Map(start -> 146, end -> 146, match -> ,)
Map(start -> 192, end -> 195, match -> have)
Map(start -> 208, end -> 209, match -> of)
Map(start -> 211, end -> 213, match -> the)

fMRI studies further suggest that human occipitotemporal cortex also contains body-selective regions for perception, such as the extrastriate body area (EBA), which preferentially respond to viewing of the body and its parts (<xref rid="bib4" ref-type="bibr">Astafiev et al., 2004</xref>; <xref rid="bib27" ref-type="bibr">David et al., 2007</xref>; <xref rid="bib82" ref-type="bibr">Peelen and Downing, 2007</xref>).
Map(start -> 101, end -> 103, match -> for)
Map(start -> 125, end -> 127, match -> the)
Map(start -> 157, end -> 157, match -> ,)
Map(start -> 199, end -> 200, match -> of)
Map(start -> 202, end -> 204, match -> the)
Map(start -> 274, end -> 274, match -> ,)
Map(start -> 335, end -> 335, match -> ,)

The frontoparietal regions activated by tools are spatially close to (and perhaps overlapping with) brain areas implicated in hand actions, particularly the grip component of reach-to-grasp actions.
Map(start -> 0, end -> 2, match -> the)
Map(start -> 153, end -> 155, match -> the)
Map(start -> 172, end -> 173, match -> of)

Specifically, SMG lies very near the grasp-selective anterior intraparietal sulcus (aIPS, <xref rid="bib16" ref-type="bibr">Chao and Martin, 2000</xref>; <xref rid="bib103" ref-type="bibr">Valyear et al., 2007</xref>) and PMd shows grasp-selective as well as tool-selective responses (<xref rid="bib45" ref-type="bibr">Grezes and Decety, 2002</xref>; <xref rid="bib39" ref-type="bibr">Gallivan et al., 2011</xref>).
Map(start -> 33, end -> 35, match -> the)
Map(start -> 203, end -> 203, match -> ,)
Map(start -> 400, end -> 400, match -> ,)

In addition, real hand actions activate other frontoparietal regions including the superior parieto-occipital cortex (SPOC) region, PMd, and additional areas along the IPS (<xref rid="bib23" ref-type="bibr">Culham et al., 2006</xref>; <xref rid="bib34" ref-type="bibr">Filimon, 2010</xref>), but the specific role of these areas in tool use remains unexplored.
Map(start -> 79, end -> 81, match -> the)
Map(start -> 164, end -> 166, match -> the)
Map(start -> 220, end -> 220, match -> ,)
Map(start -> 290, end -> 290, match -> ,)
Map(start -> 296, end -> 298, match -> the)
Map(start -> 314, end -> 315, match -> of)
Map(start -> 341, end -> 347, match -> remains)

Moreover, almost all of the human neuroimaging studies of tools to date have used proxies for real tool use (reviewed in <xref rid="bib65" ref-type="bibr">Lewis, 2006</xref>), including visual stimuli such as images or movies (e.g., <xref rid="bib6" ref-type="bibr">Beauchamp et al., 2002</xref>), semantic tasks (e.g., <xref rid="bib71" ref-type="bibr">Martin et al., 1995</xref>), or simulated tool actions like pantomiming, imitating or imagining tool use (e.g., <xref rid="bib58" ref-type="bibr">Johnson-Frey et al., 2005</xref>; <xref rid="bib94" ref-type="bibr">Rumiati et al., 2004</xref>) or making perceptual judgments about how one would use a tool (e.g., <xref rid="bib55" ref-type="bibr">Jacobs et al., 2010</xref>).
Map(start -> 21, end -> 22, match -> of)
Map(start -> 24, end -> 26, match -> the)
Map(start -> 55, end -> 56, match -> of)
Map(start -> 72, end -> 75, match -> have)
Map(start -> 90, end -> 92, match -> for)
Map(start -> 174, end -> 174, match -> ,)
Map(start -> 231, end -> 231, match -> ,)
Map(start -> 282, end -> 282, match -> ,)
Map(start -> 296, end -> 296, match -> ,)
Map(start -> 318, end -> 318, match -> ,)
Map(start -> 367, end -> 367, match -> ,)
Map(start -> 381, end -> 381, match -> ,)
Map(start -> 464, end -> 464, match -> ,)
Map(start -> 519, end -> 519, match -> ,)
Map(start -> 582, end -> 582, match -> ,)
Map(start -> 664, end -> 664, match -> ,)
Map(start -> 713, end -> 713, match -> ,)

It remains unclear whether the highly specialized brain areas within these tool-, body-, and action-related networks in humans also play important roles in planning real movements with a tool or with the body (hand) alone.</p>
Map(start -> 3, end -> 9, match -> remains)
Map(start -> 0, end -> 25, match -> it remains unclear whether)
Map(start -> 27, end -> 29, match -> the)
Map(start -> 80, end -> 80, match -> ,)
Map(start -> 87, end -> 87, match -> ,)
Map(start -> 200, end -> 202, match -> the)

<p>The purpose of the current study was to examine exactly how and where in the human brain tool-specific, hand-specific, and effector-independent (shared hand and tool) representations are coded.
Map(start -> 15, end -> 16, match -> of)
Map(start -> 18, end -> 20, match -> the)
Map(start -> 36, end -> 38, match -> was)
Map(start -> 76, end -> 78, match -> the)

To this aim we used fMRI to examine neural activity while human subjects performed a delayed-movement task that required grasp or reach actions towards a single target object.
Map(start -> 3, end -> 6, match -> this)

Critically, subjects performed these two different movements using either their hand or reverse tongs, which required opposite operating kinematics compared to when the hand was used alone.
Map(start -> 165, end -> 167, match -> the)
Map(start -> 174, end -> 176, match -> was)

This manipulation allowed us to maintain a common set of actions throughout the experiment (grasping vs reaching) while at the same time varying the movement kinematics required to achieve those actions (i.e., depending on whether the hand vs tool effector was used).
Map(start -> 0, end -> 3, match -> this)
Map(start -> 54, end -> 55, match -> of)
Map(start -> 76, end -> 78, match -> the)
Map(start -> 123, end -> 125, match -> the)
Map(start -> 145, end -> 147, match -> the)
Map(start -> 208, end -> 208, match -> ,)
Map(start -> 231, end -> 233, match -> the)
Map(start -> 257, end -> 259, match -> was)

Using multi-voxel pattern analysis (MVPA) to decode preparatory (pre-movement) signals, we then probed exactly where in frontoparietal cortex and in tool- and body-selective areas in occipitotemporal cortex movement plans (grasping vs reaching) for the hand and tool were distinct (effector-specific) vs where signals related to upcoming actions of the hand could be used to predict the same actions performed with the tool (effector-independent).</p>
Map(start -> 245, end -> 247, match -> for)
Map(start -> 249, end -> 251, match -> the)
Map(start -> 346, end -> 347, match -> of)
Map(start -> 349, end -> 351, match -> the)
Map(start -> 358, end -> 365, match -> could be)
Map(start -> 383, end -> 385, match -> the)
Map(start -> 415, end -> 417, match -> the)

<p>Consistent with an effector-specific coding of hand- and tool-related movements we found that preparatory signals in SPOC and EBA differentiated upcoming movements of the hand only (i.e., hand-specific) whereas in SMG and pMTG they discriminated upcoming movements of the tool only (i.e., tool-specific).
Map(start -> 47, end -> 48, match -> of)
Map(start -> 167, end -> 168, match -> of)
Map(start -> 170, end -> 172, match -> the)
Map(start -> 179, end -> 182, match -> only)
Map(start -> 189, end -> 189, match -> ,)
Map(start -> 268, end -> 269, match -> of)
Map(start -> 271, end -> 273, match -> the)
Map(start -> 280, end -> 283, match -> only)
Map(start -> 290, end -> 290, match -> ,)

In addition, in anterior parietal regions (e.g., aIPS) and motor cortex we found that pre-movement activity patterns discriminated planned actions of ‘both’ the hand and tool but, importantly, could not be used to predict upcoming actions of the other effector.
Map(start -> 47, end -> 47, match -> ,)
Map(start -> 147, end -> 148, match -> of)
Map(start -> 157, end -> 159, match -> the)
Map(start -> 199, end -> 201, match -> not)
Map(start -> 239, end -> 240, match -> of)
Map(start -> 242, end -> 244, match -> the)

Instead, we found that this effector-independent type of coding was constrained to the preparatory signals of a subset of frontoparietal areas (posterior IPS and premotor cortex), suggesting that in these regions neural representations are more tightly linked to the goal of the action (grasping vs reaching) rather than the specific hand movements required to implement those goals.</p>
Map(start -> 23, end -> 26, match -> this)
Map(start -> 54, end -> 55, match -> of)
Map(start -> 64, end -> 66, match -> was)
Map(start -> 83, end -> 85, match -> the)
Map(start -> 107, end -> 108, match -> of)
Map(start -> 119, end -> 120, match -> of)
Map(start -> 178, end -> 178, match -> ,)
Map(start -> 263, end -> 265, match -> the)
Map(start -> 272, end -> 273, match -> of)
Map(start -> 275, end -> 277, match -> the)
Map(start -> 309, end -> 319, match -> rather than)
Map(start -> 316, end -> 319, match -> than)
Map(start -> 321, end -> 323, match -> the)

