reading CSV took 318 milliseconds
manipulating CSV input took 345 milliseconds
patterns representation building took 24 milliseconds
exapanding patterns containing article-self-references into all their combinations took 2 milliseconds
aho-corasick initialization (lazy operations not necessarily included) took 10 milliseconds
matching took 149 milliseconds
matching took 108 milliseconds
matching took 51 milliseconds
matching took 54 milliseconds
matching took 36 milliseconds
matching took 39 milliseconds
matching took 35 milliseconds
matching took 48 milliseconds
matching took 29 milliseconds
matching took 38 milliseconds
matching took 39 milliseconds
matching took 67 milliseconds
matching took 37 milliseconds
matching took 0 milliseconds
matching took 35 milliseconds
matching took 22 milliseconds
matching took 0 milliseconds
matching took 55 milliseconds
matching took 39 milliseconds
matching took 26 milliseconds
matching took 23 milliseconds
matching took 41 milliseconds
matching took 32 milliseconds
matching took 15 milliseconds
matching took 18 milliseconds
matching took 0 milliseconds
matching took 0 milliseconds
matching took 0 milliseconds
matching took 19 milliseconds
matching took 13 milliseconds
matching took 0 milliseconds
matching took 16 milliseconds
matching took 22 milliseconds
matching took 12 milliseconds
matching took 21 milliseconds
matching took 12 milliseconds
matching took 18 milliseconds
matching took 15 milliseconds
matching took 25 milliseconds
matching took 10 milliseconds
matching took 15 milliseconds
matching took 12 milliseconds
matching took 0 milliseconds
matching took 20 milliseconds
matching took 0 milliseconds
matching took 19 milliseconds
matching took 20 milliseconds
matching took 20 milliseconds
matching took 25 milliseconds
matching took 0 milliseconds
matching took 0 milliseconds
matching took 0 milliseconds
matching took 16 milliseconds
matching took 13 milliseconds
matching took 24 milliseconds
matching took 0 milliseconds
matching took 23 milliseconds
matching took 18 milliseconds
matching took 12 milliseconds
matching took 0 milliseconds
matching took 15 milliseconds
matching took 13 milliseconds
matching took 13 milliseconds
matching took 0 milliseconds
matching took 0 milliseconds
matching took 16 milliseconds
matching took 18 milliseconds
matching took 19 milliseconds
matching took 0 milliseconds
matching took 18 milliseconds
matching took 13 milliseconds
matching took 0 milliseconds
matching took 18 milliseconds
matching took 0 milliseconds
matching took 14 milliseconds
matching took 11 milliseconds
matching took 0 milliseconds
matching took 12 milliseconds
matching took 16 milliseconds
matching took 18 milliseconds
matching took 15 milliseconds
matching took 18 milliseconds
matching took 7 milliseconds
matching took 12 milliseconds
matching took 0 milliseconds
matching took 14 milliseconds
matching took 16 milliseconds
matching took 12 milliseconds
matching took 11 milliseconds
matching took 9 milliseconds
matching took 0 milliseconds
matching took 8 milliseconds
matching took 9 milliseconds
matching took 0 milliseconds
matching took 12 milliseconds
matching took 12 milliseconds
matching took 14 milliseconds
matching took 0 milliseconds
matching took 10 milliseconds
matching took 13 milliseconds
matching took 14 milliseconds
matching took 11 milliseconds
matching took 11 milliseconds
matching took 9 milliseconds
matching took 0 milliseconds
matching took 12 milliseconds
matching took 0 milliseconds
matching took 0 milliseconds
matching took 16 milliseconds
matching took 16 milliseconds
matching took 13 milliseconds
matching took 8 milliseconds
matching took 10 milliseconds
matching took 0 milliseconds
matching took 14 milliseconds
matching took 13 milliseconds
matching took 17 milliseconds
matching took 12 milliseconds
matching took 7 milliseconds
matching took 16 milliseconds
matching took 0 milliseconds
matching took 0 milliseconds
matching took 15 milliseconds
matching took 10 milliseconds
matching took 0 milliseconds
matching took 10 milliseconds
matching took 14 milliseconds
matching took 14 milliseconds
matching took 11 milliseconds
matching took 7 milliseconds
matching took 10 milliseconds
matching took 14 milliseconds
matching took 9 milliseconds
matching took 20 milliseconds
matching took 0 milliseconds
matching took 18 milliseconds
matching took 11 milliseconds
matching took 9 milliseconds
matching took 0 milliseconds
matching took 11 milliseconds
matching took 7 milliseconds
matching took 13 milliseconds
matching took 0 milliseconds
matching took 12 milliseconds
matching took 13 milliseconds
matching took 7 milliseconds
matching took 0 milliseconds
matching took 0 milliseconds
matching took 11 milliseconds
matching took 12 milliseconds
matching took 0 milliseconds
matching took 10 milliseconds
matching took 9 milliseconds
matching took 12 milliseconds
matching took 0 milliseconds
matching took 14 milliseconds
matching took 11 milliseconds
matching took 15 milliseconds
matching took 19 milliseconds
matching took 19 milliseconds
matching took 5 milliseconds
matching took 19 milliseconds
matching took 0 milliseconds
matching took 12 milliseconds
matching took 9 milliseconds
matching took 0 milliseconds
matching took 8 milliseconds
matching took 15 milliseconds
matching took 11 milliseconds
matching took 13 milliseconds
matching took 10 milliseconds
matching took 7 milliseconds
matching took 11 milliseconds
matching took 9 milliseconds
matching took 8 milliseconds
matching took 0 milliseconds
matching took 10 milliseconds
matching took 11 milliseconds
matching took 9 milliseconds
matching took 15 milliseconds
matching took 29 milliseconds
matching took 8 milliseconds
matching took 17 milliseconds
matching took 12 milliseconds
matching took 12 milliseconds
matching took 0 milliseconds
matching took 0 milliseconds
matching took 0 milliseconds
matching took 10 milliseconds
matching took 0 milliseconds
matching took 0 milliseconds
matching took 22 milliseconds
matching took 8 milliseconds
matching took 0 milliseconds
matching took 8 milliseconds
matching took 0 milliseconds
matching took 7 milliseconds
matching took 13 milliseconds
matching took 29 milliseconds
matching took 15 milliseconds
matching took 16 milliseconds
matching took 9 milliseconds
matching took 7 milliseconds
matching took 21 milliseconds
matching took 12 milliseconds
matching took 10 milliseconds
matching took 8 milliseconds
matching took 13 milliseconds
matching took 0 milliseconds
matching took 16 milliseconds
matching took 7 milliseconds
matching took 10 milliseconds
matching took 7 milliseconds
matching took 9 milliseconds
matching took 12 milliseconds
matching took 16 milliseconds
matching took 14 milliseconds
matching took 7 milliseconds
matching took 10 milliseconds
matching took 0 milliseconds
matching took 0 milliseconds
matching took 3 milliseconds
matching took 0 milliseconds
matching took 17 milliseconds
matching took 5 milliseconds
matching took 11 milliseconds
matching took 16 milliseconds
matching took 12 milliseconds
matching took 11 milliseconds
matching took 9 milliseconds
matching took 0 milliseconds
matching took 0 milliseconds
matching took 14 milliseconds
matching took 8 milliseconds
matching took 0 milliseconds
matching took 0 milliseconds
matching took 12 milliseconds
matching took 13 milliseconds
matching took 16 milliseconds
matching took 0 milliseconds
matching took 12 milliseconds
matching took 0 milliseconds
matching took 10 milliseconds
matching took 10 milliseconds
matching took 8 milliseconds
matching took 6 milliseconds
matching took 18 milliseconds
matching took 13 milliseconds
matching took 17 milliseconds
matching took 16 milliseconds
matching took 15 milliseconds
matching took 10 milliseconds
matching took 13 milliseconds
matching took 4 milliseconds
matching took 9 milliseconds
matching took 9 milliseconds
matching took 0 milliseconds
matching took 7 milliseconds
matching took 12 milliseconds
matching took 0 milliseconds
matching took 0 milliseconds
matching took 0 milliseconds
matching took 0 milliseconds
matching took 0 milliseconds
matching took 0 milliseconds
matching took 11 milliseconds
matching took 0 milliseconds
matching took 0 milliseconds
matching took 0 milliseconds
matching took 10 milliseconds
matching took 9 milliseconds
matching took 0 milliseconds
matching took 14 milliseconds
matching took 0 milliseconds
matching took 0 milliseconds
matching took 0 milliseconds
matching took 11 milliseconds
matching took 20 milliseconds
matching took 8 milliseconds
matching took 15 milliseconds
matching took 13 milliseconds
matching took 16 milliseconds
matching took 0 milliseconds
matching took 0 milliseconds
matching took 0 milliseconds
matching took 12 milliseconds
matching took 3 milliseconds
matching took 12 milliseconds
matching took 0 milliseconds
matching took 14 milliseconds
matching took 8 milliseconds
matching took 10 milliseconds
matching took 18 milliseconds
matching took 14 milliseconds
matching took 0 milliseconds
matching took 7 milliseconds
matching took 2 milliseconds
matching took 11 milliseconds
matching took 0 milliseconds
matching took 0 milliseconds
matching took 11 milliseconds
matching took 15 milliseconds
matching took 0 milliseconds
matching took 0 milliseconds
matching took 16 milliseconds
matching took 11 milliseconds
matching took 16 milliseconds
matching took 9 milliseconds
matching took 9 milliseconds
matching took 12 milliseconds
matching took 7 milliseconds
matching took 13 milliseconds
matching took 11 milliseconds
matching took 15 milliseconds
matching took 12 milliseconds
matching took 13 milliseconds
matching took 9 milliseconds
matching took 16 milliseconds
matching took 12 milliseconds
matching took 9 milliseconds
matching took 0 milliseconds
matching took 0 milliseconds
matching took 12 milliseconds
matching took 15 milliseconds
matching took 0 milliseconds
matching took 11 milliseconds
matching took 0 milliseconds
matching took 16 milliseconds
matching took 14 milliseconds
matching took 10 milliseconds
matching took 14 milliseconds
matching took 9 milliseconds
matching took 0 milliseconds
matching took 20 milliseconds
matching took 9 milliseconds
matching took 15 milliseconds
matching took 9 milliseconds
matching took 13 milliseconds
matching took 17 milliseconds
matching took 9 milliseconds
matching took 17 milliseconds
matching took 13 milliseconds
matching took 8 milliseconds
matching took 15 milliseconds
matching took 10 milliseconds
matching took 0 milliseconds
matching took 13 milliseconds
matching took 0 milliseconds
matching took 9 milliseconds
matching took 0 milliseconds
matching took 12 milliseconds
matching took 11 milliseconds
matching took 9 milliseconds
matching took 12 milliseconds
matching took 10 milliseconds
matching took 8 milliseconds
matching took 0 milliseconds
matching took 12 milliseconds
matching took 10 milliseconds
matching took 13 milliseconds
matching took 13 milliseconds
matching took 0 milliseconds
matching took 7 milliseconds
matching took 0 milliseconds
matching took 11 milliseconds
matching took 16 milliseconds
matching took 0 milliseconds
matching took 9 milliseconds
matching took 0 milliseconds
matching took 16 milliseconds
matching took 12 milliseconds
matching took 0 milliseconds
matching took 1 milliseconds
matching took 8 milliseconds
matching took 6 milliseconds
matching took 0 milliseconds
matching took 0 milliseconds
matching took 8 milliseconds
matching took 13 milliseconds
matching took 6 milliseconds
matching took 18 milliseconds
matching took 17 milliseconds
matching took 10 milliseconds
matching took 13 milliseconds
matching took 0 milliseconds
matching took 16 milliseconds
matching took 0 milliseconds
matching took 8 milliseconds
matching took 13 milliseconds
matching took 11 milliseconds
matching took 0 milliseconds
matching took 0 milliseconds
matching took 14 milliseconds
matching took 13 milliseconds
matching took 12 milliseconds
matching took 10 milliseconds
matching took 11 milliseconds
matching took 9 milliseconds
matching took 23 milliseconds
matching took 17 milliseconds
matching took 0 milliseconds
matching took 12 milliseconds
matching took 5 milliseconds
matching took 0 milliseconds
matching took 11 milliseconds
matching took 0 milliseconds
matching took 0 milliseconds
matching took 13 milliseconds
matching took 11 milliseconds
matching took 15 milliseconds
matching took 9 milliseconds
matching took 0 milliseconds
matching took 0 milliseconds
matching took 15 milliseconds
matching took 0 milliseconds
matching took 8 milliseconds
matching took 12 milliseconds
matching took 16 milliseconds
matching took 18 milliseconds
matching took 0 milliseconds
matching took 13 milliseconds
matching took 0 milliseconds
matching took 16 milliseconds
matching took 9 milliseconds
matching took 8 milliseconds
matching took 0 milliseconds
matching took 0 milliseconds
matching took 9 milliseconds
matching took 0 milliseconds
matching took 4 milliseconds
matching took 12 milliseconds
matching took 8 milliseconds
matching took 9 milliseconds
matching took 9 milliseconds
matching took 11 milliseconds
matching took 12 milliseconds
matching took 0 milliseconds
matching took 6 milliseconds
matching took 17 milliseconds
matching took 8 milliseconds
matching took 16 milliseconds
matching took 12 milliseconds
matching took 16 milliseconds
matching took 12 milliseconds
matching took 9 milliseconds
matching took 9 milliseconds
matching took 10 milliseconds
matching took 12 milliseconds
matching took 7 milliseconds
matching took 20 milliseconds
matching took 11 milliseconds
matching took 0 milliseconds
matching took 13 milliseconds
matching took 0 milliseconds
matching took 14 milliseconds
matching took 11 milliseconds
matching took 0 milliseconds
matching took 0 milliseconds
matching took 13 milliseconds
matching took 13 milliseconds
matching took 9 milliseconds
matching took 11 milliseconds
matching took 15 milliseconds
matching took 10 milliseconds
matching took 11 milliseconds
matching took 9 milliseconds
matching took 0 milliseconds
matching took 16 milliseconds
matching took 7 milliseconds
matching took 6 milliseconds
matching took 13 milliseconds
matching took 13 milliseconds
matching took 9 milliseconds
matching took 8 milliseconds
matching took 10 milliseconds
matching took 11 milliseconds
matching took 0 milliseconds
matching took 0 milliseconds
matching took 10 milliseconds
matching took 12 milliseconds
matching took 0 milliseconds
matching took 9 milliseconds
matching took 11 milliseconds
matching took 0 milliseconds
matching took 12 milliseconds
matching took 12 milliseconds
matching took 13 milliseconds
matching took 15 milliseconds
matching took 10 milliseconds
matching took 13 milliseconds
matching took 8 milliseconds
matching took 0 milliseconds
matching took 17 milliseconds
matching took 10 milliseconds
matching took 9 milliseconds
matching took 15 milliseconds
matching took 5 milliseconds
matching took 0 milliseconds
matching took 0 milliseconds
matching took 12 milliseconds
matching took 8 milliseconds
matching took 10 milliseconds
matching took 9 milliseconds
matching took 0 milliseconds
matching took 0 milliseconds
matching took 15 milliseconds
matching took 16 milliseconds
matching took 14 milliseconds
matching took 9 milliseconds
matching took 11 milliseconds
matching took 8 milliseconds
matching took 0 milliseconds
matching took 6 milliseconds
matching took 15 milliseconds
matching took 0 milliseconds
matching took 16 milliseconds
matching took 20 milliseconds
matching took 0 milliseconds
matching took 0 milliseconds
matching took 0 milliseconds
matching took 0 milliseconds
matching took 6 milliseconds
matching took 0 milliseconds
matching took 10 milliseconds
matching took 12 milliseconds
matching took 12 milliseconds
matching took 15 milliseconds
matching took 10 milliseconds
matching took 12 milliseconds
matching took 0 milliseconds
matching took 7 milliseconds
matching took 8 milliseconds
matching took 0 milliseconds
matching took 14 milliseconds
matching took 10 milliseconds
matching took 13 milliseconds
matching took 8 milliseconds
matching took 0 milliseconds
matching took 11 milliseconds
matching took 13 milliseconds
matching took 12 milliseconds
matching took 0 milliseconds
matching took 9 milliseconds
matching took 6 milliseconds
matching took 8 milliseconds
matching took 0 milliseconds
matching took 13 milliseconds
matching took 11 milliseconds
matching took 11 milliseconds
matching took 12 milliseconds
matching took 10 milliseconds
matching took 12 milliseconds
matching took 14 milliseconds
matching took 19 milliseconds
matching took 0 milliseconds
matching took 0 milliseconds
matching took 12 milliseconds
matching took 13 milliseconds
matching took 0 milliseconds
matching took 10 milliseconds
matching took 9 milliseconds
matching took 5 milliseconds
matching took 0 milliseconds
matching took 9 milliseconds
matching took 10 milliseconds
matching took 5 milliseconds
matching took 7 milliseconds
matching took 8 milliseconds
matching took 13 milliseconds
matching took 12 milliseconds
matching took 10 milliseconds
matching took 11 milliseconds
matching took 7 milliseconds
matching took 10 milliseconds
matching took 16 milliseconds
matching took 0 milliseconds
matching took 13 milliseconds
matching took 11 milliseconds
matching took 12 milliseconds
matching took 6 milliseconds
matching took 12 milliseconds
matching took 0 milliseconds
matching took 0 milliseconds
matching took 12 milliseconds
matching took 4 milliseconds
matching took 13 milliseconds
matching took 8 milliseconds
matching took 0 milliseconds
matching took 7 milliseconds
matching took 0 milliseconds
matching took 0 milliseconds
matching took 0 milliseconds
matching took 0 milliseconds
matching took 13 milliseconds
matching took 10 milliseconds
matching took 16 milliseconds
matching took 18 milliseconds
matching took 0 milliseconds
matching took 0 milliseconds
matching took 0 milliseconds
matching took 13 milliseconds
matching took 10 milliseconds
matching took 9 milliseconds
matching took 0 milliseconds
matching took 8 milliseconds
matching took 0 milliseconds
matching took 8 milliseconds
matching took 13 milliseconds
matching took 11 milliseconds
matching took 16 milliseconds
matching took 25 milliseconds
matching took 18 milliseconds
matching took 8 milliseconds
matching took 13 milliseconds
matching took 0 milliseconds
matching took 13 milliseconds
matching took 9 milliseconds
matching took 9 milliseconds
matching took 11 milliseconds
matching took 5 milliseconds
matching took 9 milliseconds
matching took 13 milliseconds
matching took 0 milliseconds
matching took 0 milliseconds
matching took 12 milliseconds
matching took 15 milliseconds
matching took 0 milliseconds
matching took 0 milliseconds
matching took 10 milliseconds
matching took 10 milliseconds
matching took 10 milliseconds
matching took 7 milliseconds
matching took 0 milliseconds
matching took 10 milliseconds
matching took 10 milliseconds
matching took 13 milliseconds
matching took 17 milliseconds
matching took 11 milliseconds
matching took 0 milliseconds
matching took 12 milliseconds
matching took 10 milliseconds
matching took 0 milliseconds
matching took 8 milliseconds
matching took 22 milliseconds
matching took 12 milliseconds
matching took 0 milliseconds
matching took 0 milliseconds
matching took 13 milliseconds
matching took 20 milliseconds
matching took 0 milliseconds
matching took 18 milliseconds
matching took 10 milliseconds
matching took 6 milliseconds
matching took 0 milliseconds
matching took 9 milliseconds
matching took 15 milliseconds
matching took 10 milliseconds
matching took 10 milliseconds
matching took 0 milliseconds
matching took 9 milliseconds
matching took 14 milliseconds
matching took 9 milliseconds
matching took 0 milliseconds
matching took 0 milliseconds
matching took 0 milliseconds
matching took 9 milliseconds
matching took 0 milliseconds
matching took 0 milliseconds
matching took 0 milliseconds
matching took 0 milliseconds
matching took 10 milliseconds
matching took 13 milliseconds
matching took 15 milliseconds
matching took 12 milliseconds
matching took 11 milliseconds
matching took 0 milliseconds
matching took 11 milliseconds
matching took 9 milliseconds
matching took 0 milliseconds
matching took 8 milliseconds
matching took 9 milliseconds
matching took 9 milliseconds
matching took 9 milliseconds
matching took 8 milliseconds
matching took 8 milliseconds
matching took 10 milliseconds
matching took 10 milliseconds
matching took 14 milliseconds
matching took 12 milliseconds
matching took 11 milliseconds
matching took 0 milliseconds
matching took 0 milliseconds
matching took 11 milliseconds
matching took 0 milliseconds
matching took 0 milliseconds
matching took 14 milliseconds
matching took 11 milliseconds
matching took 0 milliseconds
matching took 0 milliseconds
matching took 13 milliseconds
matching took 20 milliseconds
matching took 15 milliseconds
matching took 0 milliseconds
matching took 0 milliseconds
matching took 9 milliseconds
matching took 9 milliseconds
matching took 12 milliseconds
matching took 14 milliseconds
matching took 18 milliseconds
matching took 12 milliseconds
matching took 10 milliseconds
matching took 15 milliseconds
matching took 0 milliseconds
matching took 0 milliseconds
matching took 12 milliseconds
matching took 0 milliseconds
matching took 9 milliseconds
matching took 13 milliseconds
matching took 0 milliseconds
matching took 8 milliseconds
matching took 10 milliseconds
matching took 8 milliseconds
matching took 0 milliseconds
matching took 25 milliseconds
matching took 13 milliseconds
matching took 11 milliseconds
matching took 9 milliseconds
matching took 12 milliseconds
matching took 16 milliseconds
matching took 0 milliseconds
matching took 10 milliseconds
matching took 0 milliseconds
matching took 11 milliseconds
matching took 14 milliseconds
matching took 19 milliseconds
matching took 21 milliseconds
matching took 0 milliseconds
matching took 10 milliseconds
matching took 15 milliseconds
matching took 13 milliseconds
matching took 0 milliseconds
matching took 9 milliseconds
matching took 14 milliseconds
matching took 0 milliseconds
matching took 5 milliseconds
matching took 7 milliseconds
matching took 0 milliseconds
matching took 0 milliseconds
matching took 9 milliseconds
matching took 14 milliseconds
matching took 15 milliseconds
matching took 12 milliseconds
matching took 0 milliseconds
matching took 12 milliseconds
matching took 14 milliseconds
matching took 12 milliseconds
matching took 12 milliseconds
matching took 11 milliseconds
matching took 0 milliseconds
matching took 9 milliseconds
matching took 12 milliseconds
matching took 13 milliseconds
matching took 13 milliseconds
matching took 0 milliseconds
matching took 8 milliseconds
matching took 18 milliseconds
matching took 12 milliseconds
matching took 8 milliseconds
matching took 0 milliseconds
matching took 18 milliseconds
matching took 12 milliseconds
matching took 6 milliseconds
matching took 14 milliseconds
matching took 11 milliseconds
matching took 0 milliseconds
matching took 0 milliseconds
matching took 11 milliseconds
matching took 0 milliseconds
matching took 18 milliseconds
matching took 27 milliseconds
matching took 0 milliseconds
matching took 0 milliseconds
matching took 15 milliseconds
matching took 7 milliseconds
matching took 2 milliseconds
matching took 13 milliseconds
matching took 12 milliseconds
matching took 0 milliseconds
matching took 21 milliseconds
matching took 0 milliseconds
matching took 12 milliseconds
matching took 8 milliseconds
matching took 12 milliseconds
matching took 10 milliseconds
matching took 10 milliseconds
matching took 10 milliseconds
matching took 8 milliseconds
matching took 8 milliseconds
matching took 10 milliseconds
matching took 10 milliseconds
matching took 11 milliseconds
matching took 0 milliseconds
matching took 0 milliseconds
matching took 17 milliseconds
matching took 12 milliseconds
matching took 9 milliseconds
matching took 4 milliseconds
matching took 12 milliseconds
matching took 11 milliseconds
