as predicted in {asr}
nonetheless
creates a conceptual framework
for future research
not all these factors are understood
explained above, this
only partially understood
relative contribution
contributions of this
remains open
by examining
incompatibility between
question was investigated
future research might use a
not yet been determined
has been criticized
we evaluate whether
is clearly warranted
reasons for studying this topic
you will be able to

susceptible to
our results should be interpreted in the context of the following limitations
problems can be seen as
model was verified
for
research questions in this paper
increased awareness of
this limits our ability to rule out the possibility that
systematic bias
insight into
{asr-N} hypotheses
contributes to your understanding of
limitation needs to be  pointed out
negative effect of
future work could also explore
represents a challenge
{asr-V} addresses the question of
provide a basis for
provide little information
that may help in 
provided us with
enables  us  to  detect
much less is known
help you
additonal benefit
potential negative effect
{our-N} hypotheses
still some debate
are much higher
provide us with
it remains unclear whether
further research is needed to address
have yet to
size of sample population
deepen your understanding of
remain unanswered
{asr-V} predicted
challenge
spills over to affect
there is no guarantee that
there is a very real danger that
help you to
is a useful tool to
further studies that investigate
this
although potential benefits
takes time
central to our understanding of
negative consequence for
we know very little about
we need to know
areas for further research
further research needs to be conducted
the third limitation of the study results from the data collection method
danger of
lent further impetus
we hypothesised that
have
provide evidence that
insufficient research
provides strong evidence that
issue of
not enough data
need further investigation
we also expected that
likely to be a major factor in 
will help us to
did not provide for
still far from clear
partially explained by
the paper highlighted
additional analyses should examine
sharpens our understanding of
limited data available
avenues of future research
not known whether
question we addressed in this
need to be improved
must be complemented by
attempt to fill this gap between
not well understood
inconsistent
provides several insights
will 
there is no consensus regarding
laid the groundwork for
this study also makes contributions to our understanding of
you should be able to
avenues of future
help you to understand
{asr-V} test the hypothesis
some doubts as to whether
should be carried out in order to better understand 
as {asr-V} predicted 
merit attention
this study also makes contributions to 
further studies should control for
research question in this report
still requires additional
this limits our ability to 
{asr-N} research questions were as follows
been disappointing
significant challenges for
the hypothesis tested in {asr}
our knowledge of
new light
largely depends on
sharp rise
a major limitation of the current study was 
have become a crucial component of
laid the foundations for
research is needed 
than
must be exercised when generalizing the results
helps you to
one limitation in {asr}
research
the results of this study should be considered in light of
its limitations
under-represented
provide a useful correction to
questions were investigated
incomplete
further work needs to be done before
anecdotal evidence
we believe that this will help
has produced mixed results 
has its problems
questions addressed in this study
enables you to understand
how our results generalize to other
exists the possibility that the differences between
very little empirical data
may reflect
limited understanding
problem with this is that
while 
primary limitation of this study
questions remain unanswered 
the sample was small and homogenous 
these contributions must be qualified in light of
this study has established the importance of
mask differences across
future studies might include
however, little evidence
issue of reliability
an understanding of
larger sample population
this is a complicated problem that 
have not been determined
contributes to the research on
although
no guarantee that
needs to be explored further
have to be interpreted with
addresses only the question of
we hope our
study sheds light on the key role
may provide a better
limitation
a clear need for research in this area since 
negative effect
merit further investigation
exists the possibility that the differences between the experimental and control groups
suffer from a number of
will be revealed by future research
these results should be interpreted with caution
results of the current study highlight
hypotheses investigated in this paper
this solution also deals with
these findings provide support for
problem
{asr-V} tested the following hypothesis
might help you to
further validation is needed 
insufficient evidence
{asr} hypothesis in this
increasingly in need of
contributions
threat to the validity of the findings 
increased need for
could be
is still fragmentary.
in the aftermath
heighten your awareness of
we encourage future research
provides further support for
provide new
helps you
our
almost no
are required
sample size for this study was relatively small
future research should focus on
caveats 
very little research
questions we addressed in this
this study highlights
have to be interpreted with a certain amount of caution
not enough evidence
needs to be examined to identify
which remains underrecognised
provide new insights
these problems are
the possibility of
important to understand
further research is needed to clarify whether
limitations need to be
it may also be fruitful to explore
clarify the relationship between
limited-coverage
there is a need for a
not feasible
helpful for future research to
provides new
indicating significant
{asr-N} hypothesized that
{asr-N} research questions
sharp decline
however, most research has
research question
these findings should not be extrapolated to 
this study therefore validates
there are as yet few
picture we have is far from complete
major limitation
guide us
not fully successful
it is feasible that
needs a more
data sparseness
did not allow for
understand
to cross-validate our findings
future research should attempt to
future research 
sample was too small
offer powerful insights
greatly reduced
suggest a need for further research
alarming rate
have not yet been
{asr-N} research question was
benefit is
need to be conducted
literature available 
difficult to draw firm conclusions given the small sample size and the difficulties
not guarantee
was conducted in only one
should be explored further 
contribution to
further studies could examine the relationship among
question addressed in this study
future research might 
although this limitation is partially offset by
lack of
issues related to
in {asr} we address the question of
few existing empirical studies have addressed
has been criticised for
insights
paucity of data
previous studies have not 
should examine
number of challenges remain
few studies have specifically addressed
remains
an interesting line of future research could be 
questions in this article
{asr-N} first hypothesis
still have to find a way to
allow you  to understand
no evidence that
despite the importance of the findings, there were a number of limitations to the 
 the sample tends to skew towards
does not give adequate information on 
provides you with
limitation needs to be
has
increasingly aware of
very few attempts to
much previous research has focused on
semantic Parsing using Distributional Semantics and Probabilistic Logic
one limitation is the potential for
there is a need for a 
several limitations of our research
hypothesis of this study
replicating the findings
rather than
as yet no
a paucity of data
has not been determined
allows the treatment of
we call for
less than adequate
help us
we acknowledge several limitations to this study
limited the ability of the study to
previous research has not
time-consuming
further longitudinal research is
additional clarification is needed
yet
needs more
that should be considered
we recommend
{asr-N} set of hypotheses
will help you to
this paper presents new ideas 
provides a basis
{asr-N} hypothesis
central issue
a first limitation is our methodological
should endeavor to
enables you to
little is known about
in order to address this gap
groups
this study extends
little attention has been
limitations of this study
directions for additional research
problems 
allows us to
there are at least
doubts as to
may have contributed
problems
it is important to understand
the empirical literature has produced mixed results regarding
question in this report
light of its limitations
needs to be used with a wide variety of
may have influenced our
future research, therefore, should be conducted
has focused on
no data
mismatch between 
was not able to
some limitations that should be noted
research questions in this article
questions in this paper
this study identifies
benefits were
far less is known about
will enable us to
which can inflate correlations
limitations of the present study provide avenues for further research 
the results of this study are open to the criticism that
deeper understanding of
provided a portrait of
we have no way of knowing
call into question
there needs to be further work before
research question examined in this
there is little research available 
takes time and money
has developed a better understanding of
not enough is known about
need to understand 
allow you to see
concern
important to understand that
even though the sample size in this
problematic
to explore
problems remain
another possible limitation relates to
provide an accurate picture
would provide a more rigorous test of 
the study draws attention to
howeve
not always reliable
this study provides further evidence that
enabled us to
sharp drop
further research is needed
contributes to an understanding o
in {asr} it was hypothesized that
hypotheses:
systematic biases
need to be examined in more detail
this study identified
necessary to
help to explain
less is known about
minimal amount of research
second limitation is
there are a number of limitations to this study.
represent a positive contribution towards
future research
problem can be seen as
unique contribution
in order to solve
,
face
future studies are needed
little research
solution
have not reached
{ordinal number} hypothesis
benefits include
limited data
was
is the finding of
hazard
and raise questions about causal direction
there is no way of knowing
our hope is that this study will spar
there are several limitations to our
enable us to
future investigations should
may shed further light
previous studies have not addressed
highlights a potential way forward
hypothesis examined
suffer from a number of limitations
a number of limitations
cannot be completely ruled out
{asr-N} following hypotheses
directions for further research
additional studies are required
the second limitation is the fact that the questionnaire design can also  
{asr-V} addresses questions of
needs of
labour intensive
problem is to
we extend the model
future research is warranted 
there is little
better understanding of
future research could
should be conducted in order to  
not adequately operationalized
appear to be inconsistent with
for understanding
crucial link between
caution must be exercised when 
can be used
should help you to
as predicted by {asr}
we have suggested some ways in which
should prove useful for
limitations
added value
we conceptualise the findings in a theoretical model
has lacked
we recommend that 
form a framework for
however, there are still limitations to this questionnaire
still not completely understood
a major limitation of the current study was the composition of the 
future studies should
measurement bias
no research
neglect to take into account
require further investigation
another potential limitation is
address the needs of
is a subject for further research
sheds light on
major limitations of
progress
question in this study
paucity of research
these results validate
we limit our discussion to
some selection bias
there is growing concern 
need further exploration 
part of the problem
indicates a gap between
perform poorly
future research should be conducted 
solely
we have taken a few steps towards
has prevented
following question
positive contribution
research questions in this study
to further improve 
must be addressed
while a great deal of research has
sharp increase
{asr-N} sets of hypotheses
sheds light
however, extraneous factors
allow you to
offered some suggestions for
hazard to
this research expanded on
limitation is the fact that 
anecdotal results
negative impact on
researchers in the future could use
are also contributing
helps you to appreciate
little attention has been paid to
are a precious resource and it important that
we investigated whether
we ask why
we expected that
future research might examine
our findings could lead to 
contribution of
however
provide much more than
provide a unique glimpse into
there is currently little empirical evidence
another important area of future inquiry concerns
we were unable to address the long-term effects of
no substantial evidence
more research should be done to
our results should be interpreted 
hazardous
to provide valuable insights
consensus
benefits are
very valuable information
we explored whether
gives you
should be re-examined in light of
little
future work should also explore
very few studies have examined
without further empirical examination.
wasted
it is proposed to maintain  
is fragmented
not
certain amount of caution
little accumulated research
addressed the need for
have not reached consensus
sheds additional light
a need to identify factors that impact
we hypothesize that
overlooked
contribution
research question in this article
a possibility we leave open for exploration in future research
caution is warranted
 a selection bias may have influenced the results 
expand awareness
the sample was small and 
complex and multi-faceted issue
would provide a means of validating
nevertheless
there is a need for a well-designed longitudinal
this study adds to the theoretical framework
allows you to
future researchers should examine
never been fully realized
contribution of this
problem of
there are
further research 
a number of limitations do exist
this study extends the findings of
could be used effectively as a
constitute a potential
our research complements
an effective
further validation is however needed in order to confirm
{asr-V} hypothesized as
helps to highlight
our awareness
no previous research
limitations of the study
very few emipirical studies
to better represent 
our understanding of
may help to
should not be ignored
sets of research questions
will help guide the research
clarification of the relationship between
research needs to establish
sharp decrease
directions for future research
often suffer from
significant contribution
more research should be done to examine
problem we study is
extended research is necessary
{asr-N} final hypothesis
these studies are subject to
these findings should not be
understand 
little progress has been made
few existing empirical studies have
the first limitation deals with the nature of a
in order to solve this problem
loss of 
future studies should control for
future research should attempt to establish statistically significant evidence
problem area
research questions in this report
results of the study may be limited in their generalizability
issues which must be addressed
less is known
attempts should be made
question in this article
shed light
avenues for improvement
needs further
are still not completely understood
caution must be used
validity of the results of this study might be limited to
questions in this report
may help you to
research question in this study
{asr-N} research questions were
further research is needed to elucidate whether
it would be helpful for future research to
merits special attention
require further 
{asr-N} following hypothesis
valuable addition to
not completely understood
were not randomly assigned to
neglect to consider
{asr-V} address the question of
limitations of our study
insufficient data
future work
has restricted
the question of
problem remains as to how
further research is required to understand
the second contribution of this study
it needs to be acknowledged that there are limitations to
questions in this research
insufficient sample size
biases
question in this paper
{asr-N} hypothesis:
small size of the sample
ineffective
{asr-V} test whether
a limitation specific to
this study extends previous research
can help you to
we hypothesized that we would find
suggests a need to identify factors that impact
not enough
intended as a stepping-stone
research is needed
lack of sufficiently
could be influencing our results
lends support to
helps to reveal
no previous studies
a first limitation is 
such research would provide further
should address
we consider how to
requires further
increasingly important to
additional research is required
{asr-V} predicted that
provides support for
this study will spark continued interest
future research should include 
future research could expand
the study deepens the existing conceptualizations
longitudinal
needs to be examined to 
future researchers may wish to
 theory has seldom been applied
study sheds light on 
however, further validation is needed in order to 
{asr-N} hypothesis was
hypothesis investigated in this paper
questions in this study
further studies should
allow us to
problem remains as to why
enable you to
a potential limitation of this research
it is therefore suggested that
can contribute to
second limitation
hypotheses were examined
a number of limitations 
these results challenge
a finer-grained
{asr-N} set of research questions
address the problem
significant barrier
very real danger that
{asr-V} posit that
has been limited by its overwhelming reliance on 
threaten
undervalued
sample was not
increasingly widespread
problem with
provide a means of
hypotheses were investigated
{asr-N} hypotheses were
not a
{asr-N} prediction
necessary for understanding
significant declines
studies are needed
in {asr} we posit that
there is currently little
additional research is also needed to investigate
shed new light
map the territory
known
problem is that
as hypothesized by {asr}
presents a serious problem
inconclusive
there is a need for
little agreement as to
difficult to distinguish
future research should investigate
further studies are suggested
we extend
is necessary to
future work is also necessary to
of
some limitations are present in the current study
inconsistent with
challenge remains
question in this research
sharpens our theoretical understanding of
avenue for improvement
limitation of
problem of how to
study also contributes to a better understanding of
despite the fact that
little or no consensus
provide strong evidence that
research question in this paper
is essential to
yet there is a paucity of
extended research is necessary 
difficult to draw firm conclusions 
bias associated with
this study validates
there are some questions
convenience sampling framework
we will be able to
still lack
future research should
research should explore
although it leads to 
circumvent the need 
while overlooking 
one drawback in this study was
few if any
labor-intensive
provide us with a better understanding of the
our findings provide evidence for 
the
cannot be completely
our research highlights the importance of
will enable you to
cannot be generalized
are needed 
need to be confirmed
valuable contribution to
only
