Rule(our prediction,hypothesis/research question  ,Some(ArrayBuffer(ReferenceProperty('self,'must), ReferenceProperty('deictic,'must))))
Rule(certain amount of caution,limitation,Some(ArrayBuffer(LocationProperty('inside,List(conclusions, conclusions),'must))))
Rule(a number of limitations,limitation,Some(ArrayBuffer(LocationProperty('inside,List(conclusions, conclusions),'must))))
Rule(a paucity of data,problem statement,Some(ArrayBuffer(LocationProperty('inside,List(Introduction),'must))))
Rule(additional analyses should examine,recommendation ,Some(ArrayBuffer(LocationProperty('inside,List(conclusion),'must))))
Rule(added value,contribution,Some(ArrayBuffer(LocationProperty('inside,List(conclusion),'must))))
Rule(additonal benefit,contribution,Some(ArrayBuffer(LocationProperty('inside,List(conclusion),'must))))
Rule(additional research is required,problem statement,Some(ArrayBuffer(LocationProperty('inside,List(Introduction),'must))))
Rule(additional research is required,limitation,Some(ArrayBuffer(LocationProperty('inside,List(conclusions, conclusions),'must))))
Rule(additional studies are required,problem statement,Some(ArrayBuffer(LocationProperty('inside,List(Introduction),'must))))
Rule(additional studies are required,limitation,Some(ArrayBuffer(LocationProperty('inside,List(conclusions, conclusions),'must))))
Rule(address the needs of,problem statement,None)
Rule(address the problem,problem statement,None)
Rule(addressed the need for,contribution,Some(ArrayBuffer(LocationProperty('inside,List(conclusion),'must))))
Rule(addresses only the question of,limitation,Some(ArrayBuffer(LocationProperty('inside,List(conclusions, conclusions),'must))))
Rule(addresses questions of,hypothesis/research question  ,Some(ArrayBuffer(ReferenceProperty('self,'must), ReferenceProperty('deictic,'must))))
Rule(alarming rate,problem statement,Some(ArrayBuffer(LocationProperty('inside,List(intro),'must))))
Rule(allow us to,contribution,None)
Rule(allow you  to understand,contribution,None)
Rule(allow you to,contribution,None)
Rule(allow you to see,contribution,None)
Rule(allows the treatment of,contribution,Some(ArrayBuffer(LocationProperty('inside,List(intro),'must))))
Rule(allows us to,contribution,None)
Rule(allows you to,contribution,None)
Rule(almost no,problem statement,Some(ArrayBuffer(LocationProperty('inside,List(intro),'must))))
Rule(an effective ... for,contribution,Some(ArrayBuffer(LocationProperty('inside,List(discussion, conclusion),'must), ReferenceProperty('self,'must), ReferenceProperty('deictic,'must), ReferenceProperty('you,'must))))
Rule(an understanding of,contribution,Some(ArrayBuffer(LocationProperty('inside,List(discussion, conclusion),'must), ReferenceProperty('self,'must), ReferenceProperty('deictic,'must), ReferenceProperty('you,'must))))
Rule(anecdotal evidence,limitation,Some(ArrayBuffer(LocationProperty('inside,List(conclusions, conclusions),'must))))
Rule(anecdotal results,limitation,Some(ArrayBuffer(LocationProperty('inside,List(conclusions, conclusions),'must))))
Rule(are still not completely understood,problem statement,Some(ArrayBuffer(LocationProperty('inside,List(Introduction),'must))))
Rule(areas for further research,recommendation ,Some(ArrayBuffer(LocationProperty('inside,List(Conclusion),'must))))
Rule(as hypothesized,hypothesis/research question  ,Some(ArrayBuffer(ReferenceProperty('self,'must), ReferenceProperty('deictic,'must))))
Rule(as predicted,hypothesis/research question  ,Some(ArrayBuffer(ReferenceProperty('self,'must), ReferenceProperty('deictic,'must))))
Rule(as yet no,problem statement,Some(ArrayBuffer(LocationProperty('inside,List(intro),'must))))
Rule(attempt to fill this gap between,problem statement,Some(ArrayBuffer(LocationProperty('inside,List(the),'must))))
Rule(attempts should be made,recommendation ,None)
Rule(avenue for improvement,recommendation ,None)
Rule(avenues for improvement,recommendation ,None)
Rule(avenues of future,recommendation ,None)
Rule(avenues of future research,recommendation ,None)
Rule(benefit is,contribution,Some(ArrayBuffer(LocationProperty('inside,List(discussion, conclusion),'must), ReferenceProperty('self,'must), ReferenceProperty('deictic,'must), ReferenceProperty('you,'must))))
Rule(benefits are,contribution,Some(ArrayBuffer(LocationProperty('inside,List(discussion, conclusion),'must), ReferenceProperty('self,'must), ReferenceProperty('deictic,'must), ReferenceProperty('you,'must))))
Rule(benefits include,contribution,Some(ArrayBuffer(LocationProperty('inside,List(discussion, conclusion),'must), ReferenceProperty('self,'must), ReferenceProperty('deictic,'must), ReferenceProperty('you,'must))))
Rule(benefits were,contribution,Some(ArrayBuffer(LocationProperty('inside,List(discussion, conclusion),'must), ReferenceProperty('self,'must), ReferenceProperty('deictic,'must), ReferenceProperty('you,'must))))
Rule(better understanding of,contribution,Some(ArrayBuffer(LocationProperty('inside,List(discussion, conclusion),'must), ReferenceProperty('self,'must), ReferenceProperty('deictic,'must), ReferenceProperty('you,'must))))
Rule(bias associated with,limitation ,Some(ArrayBuffer(LocationProperty('inside,List(discussion, conclusion),'must))))
Rule(biases,limitation ,Some(ArrayBuffer(LocationProperty('inside,List(discussion, conclusion),'must))))
Rule(call into question,problem statement,Some(ArrayBuffer(LocationProperty('inside,List(intro),'must))))
Rule(can be used,recommendation ,None)
Rule(can contribute to,contribution,None)
Rule(can help you to,contribution,None)
Rule(cannot be generalized,limitation,Some(ArrayBuffer(LocationProperty('inside,List(discussion, 
conclusion),'must))))
Rule(caution is warranted,limitation,Some(ArrayBuffer(LocationProperty('inside,List(discussion, 
conclusion),'must))))
Rule(caution must be used,limitation,Some(ArrayBuffer(LocationProperty('inside,List(discussion, 
conclusion),'must))))
Rule(central issue,problem statement,Some(ArrayBuffer(LocationProperty('inside,List(introduction),'must))))
Rule(central to our understanding of,contribution,None)
Rule(challenge remains,limitation ,Some(ArrayBuffer(LocationProperty('inside,List(discussion, conclusion),'must))))
Rule(challenge remains,problem statement,Some(ArrayBuffer(LocationProperty('inside,List(intro),'must))))
Rule(clarification of the relationship between,contribution,Some(ArrayBuffer(LocationProperty('inside,List(discussion, conclusion),'must), ReferenceProperty('self,'must), ReferenceProperty('deictic,'must), ReferenceProperty('you,'must))))
Rule(doubts as to,problem statement,Some(ArrayBuffer(LocationProperty('inside,List(intro),'must))))
Rule(contributes to an understanding of...,contribution,None)
Rule(contributes to your understanding of,contribution,None)
Rule(contribution,contribution,None)
Rule(contribution of,contribution,None)
Rule(contribution of this,contribution,None)
Rule(contribution to,contribution,None)
Rule(contributions,contribution,None)
Rule(contributions of this,contribution,None)
Rule(creates a conceptual framework,contribution,Some(ArrayBuffer(LocationProperty('inside,List(discussion, conclusion),'must), ReferenceProperty('self,'must), ReferenceProperty('deictic,'must), ReferenceProperty('you,'must))))
Rule(crucial link between,contribution,Some(ArrayBuffer(LocationProperty('inside,List(discussion, conclusion),'must), ReferenceProperty('self,'must), ReferenceProperty('deictic,'must), ReferenceProperty('you,'must))))
Rule(data sparseness,limitation,Some(ArrayBuffer(LocationProperty('inside,List(discussion, conclusion),'must))))
Rule(deepen your understanding of,contribution,None)
Rule(deeper understanding of,contribution,Some(ArrayBuffer(LocationProperty('inside,List(discussion, conclusion),'must), ReferenceProperty('self,'must), ReferenceProperty('deictic,'must), ReferenceProperty('you,'must))))
Rule(difficult to distinguish,problem statement,Some(ArrayBuffer(LocationProperty('inside,List(intro),'must))))
Rule(directions for additional research,recommendation ,None)
Rule(directions for further research,recommendation ,None)
Rule(directions for future research,recommendation ,None)
Rule(enable us to,contribution,None)
Rule(enable you to,contribution,None)
Rule(enabled us to,contribution,None)
Rule(enables you to,contribution,None)
Rule(enables you to understand,contribution,None)
Rule(expand awareness,contribution,Some(ArrayBuffer(LocationProperty('inside,List(discussion, conclusion),'must), ReferenceProperty('self,'must), ReferenceProperty('deictic,'must), ReferenceProperty('you,'must))))
Rule(few studies have specifically addressed,problem statement,Some(ArrayBuffer(LocationProperty('inside,List(introduction),'must))))
Rule(final hypothesis,hypothesis/research question  ,Some(ArrayBuffer(ReferenceProperty('self,'must), ReferenceProperty('deictic,'must))))
Rule(first hypothesis,hypothesis/research question  ,Some(ArrayBuffer(ReferenceProperty('self,'must), ReferenceProperty('deictic,'must))))
Rule(following hypotheses,hypothesis/research question  ,Some(ArrayBuffer(ReferenceProperty('self,'must), ReferenceProperty('deictic,'must))))
Rule(following hypothesis,hypothesis/research question  ,Some(ArrayBuffer(ReferenceProperty('self,'must), ReferenceProperty('deictic,'must))))
Rule(following question,hypothesis/research question  ,Some(ArrayBuffer(ReferenceProperty('self,'must), ReferenceProperty('deictic,'must))))
Rule(for future research,recommendation ,None)
Rule(for understanding,contribution,Some(ArrayBuffer(LocationProperty('inside,List(discussion, conclusion),'must), ReferenceProperty('self,'must), ReferenceProperty('deictic,'must), ReferenceProperty('you,'must))))
Rule(form a framework for,contribution,Some(ArrayBuffer(LocationProperty('inside,List(discussion, conclusion),'must), ReferenceProperty('self,'must), ReferenceProperty('deictic,'must), ReferenceProperty('you,'must))))
Rule({number} hypothesis,hypothesis/research question  ,Some(ArrayBuffer(ReferenceProperty('self,'must), ReferenceProperty('deictic,'must))))
Rule(further research is needed,limitation,Some(ArrayBuffer(LocationProperty('inside,List(discussion, conclusion),'must))))
Rule(further research is needed,problem statement,Some(ArrayBuffer(LocationProperty('inside,List(introduction),'must))))
Rule(further studies should,recommendation ,None)
Rule(further studies should control for,recommendation ,None)
Rule(further studies that investigate,recommendation ,None)
Rule(future investigations should,recommendation ,None)
Rule(future research,recommendation ,None)
Rule(future studies are needed,recommendation ,None)
Rule(future studies should,recommendation ,None)
Rule(future studies should control for,recommendation ,None)
Rule(gives you,contribution,None)
Rule(greatly reduced,problem statement,Some(ArrayBuffer(LocationProperty('inside,List(introduction),'must))))
Rule(guide us,contribution,None)
Rule(has been criticized,problem statement,Some(ArrayBuffer(LocationProperty('inside,List(introduction),'must))))
Rule(has its problems,problem statement,Some(ArrayBuffer(LocationProperty('inside,List(introduction),'must))))
Rule(has lacked,problem statement,Some(ArrayBuffer(LocationProperty('inside,List(introduction),'must))))
Rule(has not been determined,problem statement,Some(ArrayBuffer(LocationProperty('inside,List(introduction),'must))))
Rule(have ... no data,problem statement,Some(ArrayBuffer(LocationProperty('inside,List(introduction),'must))))
Rule(have not been determined,problem statement,Some(ArrayBuffer(LocationProperty('inside,List(introduction),'must))))
Rule(have to be interpreted with,limitation,Some(ArrayBuffer(LocationProperty('inside,List(discussion, conclusion),'must))))
Rule(have to be interpreted with a certain amount of caution,limitation,Some(ArrayBuffer(LocationProperty('inside,List(discussion, conclusion),'must))))
Rule(have yet to,problem statement,Some(ArrayBuffer(LocationProperty('inside,List(introduction),'must))))
Rule(heighten your awareness of,contribution,None)
Rule(help to explain,contribution,Some(ArrayBuffer(LocationProperty('inside,List(discussion, conclusion),'must), ReferenceProperty('self,'must), ReferenceProperty('deictic,'must), ReferenceProperty('you,'must))))
Rule(help us,contribution,None)
Rule(help you,contribution,None)
Rule(help you to,contribution,None)
Rule(help you to understand,contribution,None)
Rule(helps to highlight,contribution,Some(ArrayBuffer(LocationProperty('inside,List(discussion, conclusion),'must), ReferenceProperty('self,'must), ReferenceProperty('deictic,'must), ReferenceProperty('you,'must))))
Rule(helps to reveal,contribution,Some(ArrayBuffer(LocationProperty('inside,List(discussion, conclusion),'must), ReferenceProperty('self,'must), ReferenceProperty('deictic,'must), ReferenceProperty('you,'must))))
Rule(helps you,contribution,None)
Rule(helps you to,contribution,None)
Rule(helps you to appreciate,contribution,None)
Rule(however, little evidence,problem statement,Some(ArrayBuffer(LocationProperty('inside,List(introduction),'must))))
Rule(hypotheses,hypothesis/research question  ,Some(ArrayBuffer(ReferenceProperty('self,'must), ReferenceProperty('deictic,'must))))
Rule(hypotheses investigated in this paper,hypothesis/research question  ,Some(ArrayBuffer(ReferenceProperty('self,'must), ReferenceProperty('deictic,'must))))
Rule(hypotheses were,hypothesis/research question  ,Some(ArrayBuffer(ReferenceProperty('self,'must), ReferenceProperty('deictic,'must))))
Rule(hypotheses were examined,hypothesis/research question  ,Some(ArrayBuffer(ReferenceProperty('self,'mustNot), ReferenceProperty('deictic,'mustNot))))
Rule(hypotheses were investigated,hypothesis/research question  ,Some(ArrayBuffer(ReferenceProperty('self,'mustNot), ReferenceProperty('deictic,'mustNot))))
Rule(hypotheses:,hypothesis/research question  ,Some(ArrayBuffer(ReferenceProperty('self,'mustNot), ReferenceProperty('deictic,'mustNot))))
Rule(hypothesis,hypothesis/research question  ,Some(ArrayBuffer(ReferenceProperty('self,'must), ReferenceProperty('deictic,'must))))
Rule(hypothesis examined,hypothesis/research question  ,Some(ArrayBuffer(ReferenceProperty('self,'mustNot), ReferenceProperty('deictic,'mustNot))))
Rule(hypothesis in this,hypothesis/research question  ,Some(ArrayBuffer(ReferenceProperty('self,'must), ReferenceProperty('deictic,'must))))
Rule(hypothesis investigated in this paper,hypothesis/research question  ,Some(ArrayBuffer(ReferenceProperty('self,'must), ReferenceProperty('deictic,'must))))
Rule(hypothesis of this study,hypothesis/research question  ,Some(ArrayBuffer(ReferenceProperty('self,'must), ReferenceProperty('deictic,'must))))
Rule(hypothesis:,hypothesis/research question  ,Some(ArrayBuffer(ReferenceProperty('self,'must), ReferenceProperty('deictic,'must))))
Rule(hypothesized as,hypothesis/research question  ,Some(ArrayBuffer(ReferenceProperty('self,'must), ReferenceProperty('deictic,'must))))
Rule(hypothesized that,hypothesis/research question  ,Some(ArrayBuffer(ReferenceProperty('self,'must), ReferenceProperty('deictic,'must))))
Rule(important to understand,contribution,Some(ArrayBuffer(LocationProperty('inside,List(discussion, conclusion),'must), ReferenceProperty('self,'must), ReferenceProperty('deictic,'must), ReferenceProperty('you,'must))))
Rule(important to understand that,contribution,Some(ArrayBuffer(LocationProperty('inside,List(discussion, conclusion),'must), ReferenceProperty('self,'must), ReferenceProperty('deictic,'must), ReferenceProperty('you,'must))))
Rule(not enough is known about,problem statement,Some(ArrayBuffer(LocationProperty('inside,List(introduction),'must))))
Rule(need to be improved,problem statement,Some(ArrayBuffer(LocationProperty('inside,List(introduction),'must))))
Rule(in order to solve,problem statement,Some(ArrayBuffer(LocationProperty('inside,List(introduction),'must), ReferenceProperty('self,'mustNot), ReferenceProperty('deictic,'mustNot))))
Rule(in order to solve this problem,problem statement,Some(ArrayBuffer(LocationProperty('inside,List(introduction),'must), ReferenceProperty('self,'mustNot), ReferenceProperty('deictic,'mustNot))))
Rule(in the aftermath,problem statement,Some(ArrayBuffer(LocationProperty('inside,List(introduction),'must))))
Rule(additional clarification is needed,problem statement,Some(ArrayBuffer(LocationProperty('inside,List(introduction),'must))))
Rule(are needed ,problem statement,Some(ArrayBuffer(LocationProperty('inside,List(introduction),'must))))
Rule(are required,problem statement,Some(ArrayBuffer(LocationProperty('inside,List(introduction),'must))))
Rule(lack of,problem statement,Some(ArrayBuffer(LocationProperty('inside,List(introduction),'must))))
Rule(not enough,problem statement,Some(ArrayBuffer(LocationProperty('inside,List(introduction),'must))))
Rule(Incompatibility between,problem statement,Some(ArrayBuffer(LocationProperty('inside,List(introduction),'must))))
Rule(incomplete,problem statement,Some(ArrayBuffer(LocationProperty('inside,List(introduction),'must))))
Rule(inconclusive,problem statement,Some(ArrayBuffer(LocationProperty('inside,List(introduction),'must))))
Rule(inconsistent,problem statement,Some(ArrayBuffer(LocationProperty('inside,List(introduction),'must))))
Rule(inconsistent with,problem statement,Some(ArrayBuffer(LocationProperty('inside,List(introduction),'must))))
Rule(increased awareness of,contribution,Some(ArrayBuffer(LocationProperty('inside,List(discussion, conclusion),'must), ReferenceProperty('self,'must), ReferenceProperty('deictic,'must), ReferenceProperty('you,'must))))
Rule(increased need for,problem statement,Some(ArrayBuffer(LocationProperty('inside,List(introduction),'must))))
Rule(questions remain unanswered ,problem statement,Some(ArrayBuffer(LocationProperty('inside,List(introduction),'must))))
Rule(increasingly aware of,problem statement,Some(ArrayBuffer(LocationProperty('inside,List(introduction),'must))))
Rule(increasingly important to,problem statement,Some(ArrayBuffer(LocationProperty('inside,List(introduction),'must))))
Rule(increasingly in need of,problem statement,Some(ArrayBuffer(LocationProperty('inside,List(introduction),'must))))
Rule(increasingly widespread,problem statement,Some(ArrayBuffer(LocationProperty('inside,List(introduction),'must))))
Rule(loss of ,problem statement,Some(ArrayBuffer(LocationProperty('inside,List(introduction),'must))))
Rule(not enough is known about,problem statement,Some(ArrayBuffer(LocationProperty('inside,List(introduction),'must))))
Rule(ineffective,problem statement,Some(ArrayBuffer(LocationProperty('inside,List(introduction),'must))))
Rule(insight into,contribution,Some(ArrayBuffer(LocationProperty('inside,List(discussion, conclusion),'must), ReferenceProperty('self,'must), ReferenceProperty('deictic,'must), ReferenceProperty('you,'must))))
Rule(insights,contribution,Some(ArrayBuffer(LocationProperty('inside,List(discussion, conclusion),'must), ReferenceProperty('self,'must), ReferenceProperty('deictic,'must), ReferenceProperty('you,'must))))
Rule(insufficient data,limitation,Some(ArrayBuffer(LocationProperty('inside,List(discussion, conclusion),'must))))
Rule(insufficient data,problem statement,Some(ArrayBuffer(LocationProperty('inside,List(introduction),'must))))
Rule(insufficient evidence,limitation,Some(ArrayBuffer(LocationProperty('inside,List(discussion, conclusion),'must))))
Rule(insufficient evidence,problem statement,Some(ArrayBuffer(LocationProperty('inside,List(introduction),'must))))
Rule(insufficient research,limitation,Some(ArrayBuffer(LocationProperty('inside,List(discussion, conclusion),'must))))
Rule(insufficient research,problem statement,Some(ArrayBuffer(LocationProperty('inside,List(introduction),'must))))
Rule(insufficient sample size,limitation,Some(ArrayBuffer(LocationProperty('inside,List(discussion, conclusion),'must))))
Rule(intended as a stepping-stone,contribution,Some(ArrayBuffer(LocationProperty('inside,List(discussion, conclusion),'must), ReferenceProperty('self,'must), ReferenceProperty('deictic,'must), ReferenceProperty('you,'must))))
Rule(however… remains,problem statement,Some(ArrayBuffer(LocationProperty('inside,List(introduction),'must))))
Rule(issue of reliability,limitation,Some(ArrayBuffer(LocationProperty('inside,List(discussion, conclusion),'must))))
Rule(issue of ... remain unanswered,limitation,Some(ArrayBuffer(LocationProperty('inside,List(discussion, conclusion),'must))))
Rule(issue of ... remain unanswered,problem statement,Some(ArrayBuffer(LocationProperty('inside,List(introduction),'must))))
Rule(issues which must be addressed,limitation,Some(ArrayBuffer(LocationProperty('inside,List(discussion, conclusion),'must))))
Rule(issues which must be addressed,problem statement,Some(ArrayBuffer(LocationProperty('inside,List(introduction),'must))))
Rule(it was hypothesized that,hypothesis/research question  ,Some(ArrayBuffer(ReferenceProperty('self,'must), ReferenceProperty('deictic,'must))))
Rule(it would be expected that,hypothesis/research question  ,Some(ArrayBuffer(ReferenceProperty('self,'must), ReferenceProperty('deictic,'must))))
Rule(labor-intensive,problem statement,Some(ArrayBuffer(LocationProperty('inside,List(introduction),'must))))
Rule(takes time and money,problem statement,Some(ArrayBuffer(LocationProperty('inside,List(introduction),'must))))
Rule(takes time,problem statement,Some(ArrayBuffer(LocationProperty('inside,List(introduction),'must))))
Rule(labour intensive,problem statement,Some(ArrayBuffer(LocationProperty('inside,List(introduction),'must))))
Rule(lack of sufficiently … has,problem statement,Some(ArrayBuffer(LocationProperty('inside,List(introduction),'must))))
Rule(lack of … has prevented,problem statement,Some(ArrayBuffer(LocationProperty('inside,List(introduction),'must))))
Rule(lack of ... has restricted,problem statement,Some(ArrayBuffer(LocationProperty('inside,List(introduction),'must))))
Rule(larger sample population,limitation,Some(ArrayBuffer(LocationProperty('inside,List(discussion, conclusion),'must))))
Rule(lends support to,contribution,Some(ArrayBuffer(LocationProperty('inside,List(conclusion),'must))))
Rule(lent further impetus,contribution,Some(ArrayBuffer(LocationProperty('inside,List(conclusion),'must))))
Rule(lent further impetus,contribution,None)
Rule(less is known,problem statement,Some(ArrayBuffer(LocationProperty('inside,List(introduction),'must))))
Rule(less is known about,problem statement,Some(ArrayBuffer(LocationProperty('inside,List(introduction),'must))))
Rule(less than adequate,problem statement,Some(ArrayBuffer(LocationProperty('inside,List(introduction),'must))))
Rule(limitation,limitation,Some(ArrayBuffer(LocationProperty('inside,List(discussion, conclusion),'must))))
Rule(limitation needs to be,limitation,Some(ArrayBuffer(LocationProperty('inside,List(discussion, conclusion),'must))))
Rule(limitation needs to be  pointed out,limitation,Some(ArrayBuffer(LocationProperty('inside,List(discussion, conclusion),'must))))
Rule(limitation of,limitation,Some(ArrayBuffer(LocationProperty('inside,List(discussion, conclusion),'must))))
Rule(limitations,limitation,Some(ArrayBuffer(LocationProperty('inside,List(discussion, conclusion),'must))))
Rule(limitations need to be,limitation,Some(ArrayBuffer(LocationProperty('inside,List(discussion, conclusion),'must))))
Rule(limitations of our study,limitation,Some(ArrayBuffer(LocationProperty('inside,List(discussion, conclusion),'must))))
Rule(limitations of this study,limitation,Some(ArrayBuffer(LocationProperty('inside,List(Discussion),'must))))
Rule(limited data,problem statement,Some(ArrayBuffer(LocationProperty('inside,List(introduction),'must))))
Rule(limited data,limitation,Some(ArrayBuffer(LocationProperty('inside,List(discussion, conclusion),'must))))
Rule(limited data available,problem statement,Some(ArrayBuffer(LocationProperty('inside,List(introduction),'must))))
Rule(limited data available,limitation,Some(ArrayBuffer(LocationProperty('inside,List(discussion, conclusion),'must))))
Rule(limited understanding,problem statement,Some(ArrayBuffer(LocationProperty('inside,List(introduction),'must))))
Rule(limited-coverage,limitation,Some(ArrayBuffer(LocationProperty('inside,List(discussion, conclusion),'must))))
Rule(little accumulated research,problem statement,Some(ArrayBuffer(LocationProperty('inside,List(introduction),'must))))
Rule(little agreement as to,problem statement,Some(ArrayBuffer(LocationProperty('inside,List(introduction),'must))))
Rule(little attention has been,problem statement,Some(ArrayBuffer(LocationProperty('inside,List(introduction),'must))))
Rule(little attention has been paid to,problem statement,Some(ArrayBuffer(LocationProperty('inside,List(introduction),'must))))
Rule(little is known about,problem statement,Some(ArrayBuffer(LocationProperty('inside,List(introduction),'must))))
Rule(little progress has been made,problem statement,Some(ArrayBuffer(LocationProperty('inside,List(introduction),'must))))
Rule(little research,problem statement,Some(ArrayBuffer(LocationProperty('inside,List(introduction),'must))))
Rule(major limitation,limitation,Some(ArrayBuffer(LocationProperty('inside,List(discussion, conclusion),'must))))
Rule(major limitations of,limitation,Some(ArrayBuffer(LocationProperty('inside,List(discussion, conclusion),'must))))
Rule(map the territory,contribution,Some(ArrayBuffer(LocationProperty('inside,List(conclusion),'must))))
Rule(may have contributed,contribution,None)
Rule(may help you to,contribution,None)
Rule(may provide a better,contribution,Some(ArrayBuffer(LocationProperty('inside,List(discussion, conclusion),'must), ReferenceProperty('self,'must), ReferenceProperty('deictic,'must), ReferenceProperty('you,'must))))
Rule(may shed further light,contribution,Some(ArrayBuffer(LocationProperty('inside,List(discussion, conclusion),'must), ReferenceProperty('self,'must), ReferenceProperty('deictic,'must), ReferenceProperty('you,'must))))
Rule(measurement bias,limitation,Some(ArrayBuffer(LocationProperty('inside,List(discussion, conclusion),'must))))
Rule(merit attention,limitation,Some(ArrayBuffer(LocationProperty('inside,List(discussion, conclusion),'must))))
Rule(merit further investigation,limitation,Some(ArrayBuffer(LocationProperty('inside,List(discussion, conclusion),'must))))
Rule(merit further investigation,problem statement,Some(ArrayBuffer(LocationProperty('inside,List(introduction),'must))))
Rule(merits special attention,problem statement,Some(ArrayBuffer(LocationProperty('inside,List(introduction),'must))))
Rule(might help you to,contribution,None)
Rule(minimal amount of research,problem statement,Some(ArrayBuffer(LocationProperty('inside,List(introduction),'must))))
Rule(research is needed,problem statement,Some(ArrayBuffer(LocationProperty('inside,List(introduction),'must))))
Rule(research is needed,limitation,Some(ArrayBuffer(LocationProperty('inside,List(discussion, conclusion),'must))))
Rule(studies are needed,rcommendation,Some(ArrayBuffer(LocationProperty('inside,List(discussion, conclusion),'must))))
Rule(research is needed,problem statement,Some(ArrayBuffer(LocationProperty('inside,List(introduction),'must))))
Rule(little is known about,problem statement,Some(ArrayBuffer(LocationProperty('inside,List(introduction),'must))))
Rule(much less is known,limitation,Some(ArrayBuffer(LocationProperty('inside,List(discussion, conclusion),'must))))
Rule(much less is known,problem statement,Some(ArrayBuffer(LocationProperty('inside,List(introduction),'must))))
Rule(must be addressed,limitation,Some(ArrayBuffer(LocationProperty('inside,List(discussion, conclusion),'must))))
Rule(must be addressed,problem statement,Some(ArrayBuffer(LocationProperty('inside,List(introduction),'must))))
Rule(must be complemented by,recommendation ,None)
Rule(necessary for understanding,contribution,Some(ArrayBuffer(LocationProperty('inside,List(discussion, conclusion),'must), ReferenceProperty('self,'must), ReferenceProperty('deictic,'must), ReferenceProperty('you,'must))))
Rule(need to be conducted,problem statement,Some(ArrayBuffer(LocationProperty('inside,List(introduction),'must))))
Rule(need to be confirmed,problem statement,Some(ArrayBuffer(LocationProperty('inside,List(introduction),'must))))
Rule(need to be examined in more detail,problem statement,Some(ArrayBuffer(LocationProperty('inside,List(introduction),'must))))
Rule(needs a more,problem statement,Some(ArrayBuffer(LocationProperty('inside,List(introduction),'must))))
Rule(needs further,problem statement,Some(ArrayBuffer(LocationProperty('inside,List(introduction),'must))))
Rule(needs more,problem statement,Some(ArrayBuffer(LocationProperty('inside,List(introduction),'must))))
Rule(needs of,problem statement,Some(ArrayBuffer(LocationProperty('inside,List(introduction),'must))))
Rule(negative consequence for,problem statement,Some(ArrayBuffer(LocationProperty('inside,List(introduction),'must))))
Rule(negative effect,problem statement,Some(ArrayBuffer(LocationProperty('inside,List(introduction),'must))))
Rule(negative effect of,problem statement,Some(ArrayBuffer(LocationProperty('inside,List(introduction),'must))))
Rule(neglect to consider,problem statement,Some(ArrayBuffer(LocationProperty('inside,List(introduction),'must))))
Rule(neglect to take into account,problem statement,Some(ArrayBuffer(LocationProperty('inside,List(introduction),'must))))
Rule(never been fully realized,problem statement,Some(ArrayBuffer(LocationProperty('inside,List(introduction),'must))))
Rule(new light,contribution,Some(ArrayBuffer(LocationProperty('inside,List(discussion, conclusion),'must), ReferenceProperty('self,'must), ReferenceProperty('deictic,'must), ReferenceProperty('you,'must))))
Rule(no evidence that,problem statement,Some(ArrayBuffer(LocationProperty('inside,List(introduction),'must))))
Rule(no guarantee that,problem statement,Some(ArrayBuffer(LocationProperty('inside,List(introduction),'must))))
Rule(no previous research,problem statement,Some(ArrayBuffer(LocationProperty('inside,List(introduction),'must))))
Rule(no previous studies,problem statement,Some(ArrayBuffer(LocationProperty('inside,List(introduction),'must))))
Rule(no research,problem statement,Some(ArrayBuffer(LocationProperty('inside,List(introduction),'must))))
Rule(no substantial evidence,problem statement,Some(ArrayBuffer(LocationProperty('inside,List(introduction),'must))))
Rule(not a ... solution,problem statement,Some(ArrayBuffer(LocationProperty('inside,List(introduction),'must))))
Rule(not adequately operationalized,limitation,Some(ArrayBuffer(LocationProperty('inside,List(conclusion),'must))))
Rule(not all these factors are understood,limitation,Some(ArrayBuffer(LocationProperty('inside,List(discussion, conclusion),'must))))
Rule(not always reliable,limitation,Some(ArrayBuffer(LocationProperty('inside,List(discussion, conclusion),'must))))
Rule(not completely understood,problem statement,Some(ArrayBuffer(LocationProperty('inside,List(introduction),'must))))
Rule(not enough data,problem statement,Some(ArrayBuffer(LocationProperty('inside,List(introduction),'must))))
Rule(not enough evidence,problem statement,Some(ArrayBuffer(LocationProperty('inside,List(introduction),'must))))
Rule(not enough is known about,problem statement,Some(ArrayBuffer(LocationProperty('inside,List(introduction),'must))))
Rule(not feasible,problem statement,Some(ArrayBuffer(LocationProperty('inside,List(introduction),'must))))
Rule(not fully successful,problem statement,Some(ArrayBuffer(LocationProperty('inside,List(introduction),'must))))
Rule(not guarantee,problem statement,Some(ArrayBuffer(LocationProperty('inside,List(introduction),'must))))
Rule(not known whether,problem statement,Some(ArrayBuffer(LocationProperty('inside,List(introduction),'must))))
Rule(not … known,problem statement,Some(ArrayBuffer(LocationProperty('inside,List(introduction),'must))))
Rule(not well understood,problem statement,Some(ArrayBuffer(LocationProperty('inside,List(introduction),'must))))
Rule(not yet been determined,problem statement,Some(ArrayBuffer(LocationProperty('inside,List(introduction),'must))))
Rule(number of challenges remain,problem statement,Some(ArrayBuffer(LocationProperty('inside,List(introduction),'must))))
Rule(represents a challenge,problem statement,Some(ArrayBuffer(LocationProperty('inside,List(introduction),'must))))
Rule(of ... concern,problem statement,Some(ArrayBuffer(LocationProperty('inside,List(introduction),'must))))
Rule(offer powerful insights,contribution,Some(ArrayBuffer(LocationProperty('inside,List(discussion, conclusion),'must), ReferenceProperty('self,'must), ReferenceProperty('deictic,'must), ReferenceProperty('you,'must))))
Rule(offered some suggestions for,contribution,Some(ArrayBuffer(LocationProperty('inside,List(discussion, conclusion),'must), ReferenceProperty('self,'must), ReferenceProperty('deictic,'must), ReferenceProperty('you,'must))))
Rule(often suffer from,problem statement,Some(ArrayBuffer(LocationProperty('inside,List(introduction),'must))))
Rule(only partially understood,problem statement,Some(ArrayBuffer(LocationProperty('inside,List(introduction),'must))))
Rule(our awareness,contribution,None)
Rule(our hypotheses,hypothesis/research question  ,Some(ArrayBuffer(ReferenceProperty('self,'must), ReferenceProperty('deictic,'must))))
Rule(our hypothesis was,hypothesis/research question  ,Some(ArrayBuffer(ReferenceProperty('self,'must), ReferenceProperty('deictic,'must))))
Rule(our research complements,contribution,None)
Rule(our research question was,hypothesis/research question  ,Some(ArrayBuffer(ReferenceProperty('self,'must), ReferenceProperty('deictic,'must))))
Rule(our research questions were,hypothesis/research question  ,Some(ArrayBuffer(ReferenceProperty('self,'must), ReferenceProperty('deictic,'must))))
Rule(our research questions were as follows,hypothesis/research question  ,Some(ArrayBuffer(ReferenceProperty('self,'must), ReferenceProperty('deictic,'must))))
Rule(our understanding of,contribution,None)
Rule(negative impact on,problem statement,Some(ArrayBuffer(LocationProperty('inside,List(introduction),'must))))
Rule(part of the problem,problem statement,Some(ArrayBuffer(LocationProperty('inside,List(introduction),'must))))
Rule(partially explained by,problem statement,Some(ArrayBuffer(LocationProperty('inside,List(introduction),'must))))
Rule(paucity of data,problem statement,Some(ArrayBuffer(LocationProperty('inside,List(introduction),'must))))
Rule(paucity of research,problem statement,Some(ArrayBuffer(LocationProperty('inside,List(introduction),'must))))
Rule(perform poorly,problem statement,Some(ArrayBuffer(LocationProperty('inside,List(introduction),'must))))
Rule(picture we have is far from complete,problem statement,Some(ArrayBuffer(LocationProperty('inside,List(introduction),'must))))
Rule(positive contribution,contribution,Some(ArrayBuffer(LocationProperty('inside,List(discussion, conclusion),'must))))
Rule(previous research has not,problem statement,Some(ArrayBuffer(LocationProperty('inside,List(introduction),'must))))
Rule(previous studies have not ,problem statement,Some(ArrayBuffer(LocationProperty('inside,List(introduction),'must))))
Rule(previous studies have not addressed,problem statement,Some(ArrayBuffer(LocationProperty('inside,List(introduction),'must))))
Rule(problem,problem statement,Some(ArrayBuffer(LocationProperty('inside,List(introduction),'must))))
Rule(problem area,problem statement,Some(ArrayBuffer(LocationProperty('inside,List(introduction),'must))))
Rule(problem can be seen as,problem statement,Some(ArrayBuffer(LocationProperty('inside,List(introduction),'must))))
Rule(problem is that,problem statement,Some(ArrayBuffer(LocationProperty('inside,List(introduction),'must))))
Rule(problem is to,problem statement,Some(ArrayBuffer(LocationProperty('inside,List(introduction),'must))))
Rule(problem of,problem statement,Some(ArrayBuffer(LocationProperty('inside,List(introduction),'must))))
Rule(problem of how to,problem statement,Some(ArrayBuffer(LocationProperty('inside,List(introduction),'must))))
Rule(problem remains as to how,problem statement,Some(ArrayBuffer(LocationProperty('inside,List(introduction),'must))))
Rule(problem remains as to why,problem statement,Some(ArrayBuffer(LocationProperty('inside,List(introduction),'must))))
Rule(problem we study is,problem statement,Some(ArrayBuffer(LocationProperty('inside,List(introduction),'must))))
Rule(problem with,problem statement,Some(ArrayBuffer(LocationProperty('inside,List(introduction),'must))))
Rule(problem with this is that,problem statement,Some(ArrayBuffer(LocationProperty('inside,List(introduction),'must))))
Rule(problematic,problem statement,Some(ArrayBuffer(LocationProperty('inside,List(introduction),'must))))
Rule(problems,problem statement,Some(ArrayBuffer(LocationProperty('inside,List(introduction),'must))))
Rule(problems can be seen as,problem statement,Some(ArrayBuffer(LocationProperty('inside,List(introduction),'must))))
Rule(problems remain,problem statement,Some(ArrayBuffer(LocationProperty('inside,List(introduction),'must))))
Rule(provide a basis for,contribution,Some(ArrayBuffer(LocationProperty('inside,List(conclusion),'must))))
Rule(provide a means of,contribution,Some(ArrayBuffer(LocationProperty('inside,List(discussion, conclusion),'must))))
Rule(provide a unique glimpse into,contribution,Some(ArrayBuffer(LocationProperty('inside,List(discussion, conclusion),'must), ReferenceProperty('self,'must), ReferenceProperty('deictic,'must), ReferenceProperty('you,'must))))
Rule(provide a useful correction to,contribution,Some(ArrayBuffer(LocationProperty('inside,List(discussion, conclusion),'must))))
Rule(provide an accurate picture,contribution,Some(ArrayBuffer(LocationProperty('inside,List(discussion, conclusion),'must))))
Rule(provide evidence that,contribution,Some(ArrayBuffer(LocationProperty('inside,List(discussion, conclusion),'must))))
Rule(provide little information,problem statement,Some(ArrayBuffer(LocationProperty('inside,List(introduction),'must))))
Rule(provide much more than,contribution,Some(ArrayBuffer(LocationProperty('inside,List(discussion, conclusion),'must), ReferenceProperty('self,'must), ReferenceProperty('deictic,'must), ReferenceProperty('you,'must))))
Rule(provide new,contribution,Some(ArrayBuffer(LocationProperty('inside,List(discussion, conclusion),'must), ReferenceProperty('self,'must), ReferenceProperty('deictic,'must), ReferenceProperty('you,'must))))
Rule(provide new insights,contribution,Some(ArrayBuffer(LocationProperty('inside,List(discussion, conclusion),'must), ReferenceProperty('self,'must), ReferenceProperty('deictic,'must), ReferenceProperty('you,'must))))
Rule(provide strong evidence that,contribution,Some(ArrayBuffer(LocationProperty('inside,List(discussion, conclusion),'must), ReferenceProperty('self,'must), ReferenceProperty('deictic,'must), ReferenceProperty('you,'must))))
Rule(provide us with,contribution,None)
Rule(provide us with a better understanding of the,contribution,None)
Rule(provided a portrait of,contribution,Some(ArrayBuffer(LocationProperty('inside,List(discussion, conclusion),'must), ReferenceProperty('self,'must), ReferenceProperty('deictic,'must), ReferenceProperty('you,'must))))
Rule(provided us with,contribution,None)
Rule(provides a basis,contribution,Some(ArrayBuffer(LocationProperty('inside,List(discussion, conclusion),'must), ReferenceProperty('self,'must), ReferenceProperty('deictic,'must), ReferenceProperty('you,'must))))
Rule(provides further support for,contribution,Some(ArrayBuffer(LocationProperty('inside,List(discussion, conclusion),'must), ReferenceProperty('self,'must), ReferenceProperty('deictic,'must), ReferenceProperty('you,'must))))
Rule(provides new,contribution,Some(ArrayBuffer(LocationProperty('inside,List(discussion, conclusion),'must), ReferenceProperty('self,'must), ReferenceProperty('deictic,'must), ReferenceProperty('you,'must))))
Rule(provides strong evidence that,contribution,Some(ArrayBuffer(LocationProperty('inside,List(discussion, conclusion),'must), ReferenceProperty('self,'must), ReferenceProperty('deictic,'must), ReferenceProperty('you,'must))))
Rule(provides you with,contribution,None)
Rule(provides support for,contribution,Some(ArrayBuffer(LocationProperty('inside,List(discussion, conclusion),'must), ReferenceProperty('self,'must), ReferenceProperty('deictic,'must), ReferenceProperty('you,'must))))
Rule(question addressed in this study,hypothesis/research question  ,Some(ArrayBuffer(ReferenceProperty('self,'must), ReferenceProperty('deictic,'must))))
Rule(question in this article,hypothesis/research question  ,Some(ArrayBuffer(ReferenceProperty('self,'must), ReferenceProperty('deictic,'must))))
Rule(question in this paper,hypothesis/research question  ,Some(ArrayBuffer(ReferenceProperty('self,'must), ReferenceProperty('deictic,'must))))
Rule(question in this report,hypothesis/research question  ,Some(ArrayBuffer(ReferenceProperty('self,'must), ReferenceProperty('deictic,'must))))
Rule(question in this research,hypothesis/research question  ,Some(ArrayBuffer(ReferenceProperty('self,'must), ReferenceProperty('deictic,'must))))
Rule(question in this study,hypothesis/research question  ,Some(ArrayBuffer(ReferenceProperty('self,'must), ReferenceProperty('deictic,'must))))
Rule(question was investigated,hypothesis/research question  ,Some(ArrayBuffer(ReferenceProperty('self,'must), ReferenceProperty('deictic,'must))))
Rule(question we addressed in this,hypothesis/research question  ,Some(ArrayBuffer(ReferenceProperty('self,'must), ReferenceProperty('deictic,'must))))
Rule(questions addressed in this study,hypothesis/research question  ,Some(ArrayBuffer(ReferenceProperty('self,'must), ReferenceProperty('deictic,'must))))
Rule(questions in this article,hypothesis/research question  ,Some(ArrayBuffer(ReferenceProperty('self,'must), ReferenceProperty('deictic,'must))))
Rule(questions in this paper,hypothesis/research question  ,Some(ArrayBuffer(ReferenceProperty('self,'must), ReferenceProperty('deictic,'must))))
Rule(questions in this report,hypothesis/research question  ,Some(ArrayBuffer(ReferenceProperty('self,'must), ReferenceProperty('deictic,'must))))
Rule(questions in this research,hypothesis/research question  ,Some(ArrayBuffer(ReferenceProperty('self,'must), ReferenceProperty('deictic,'must))))
Rule(questions in this study,hypothesis/research question  ,Some(ArrayBuffer(ReferenceProperty('self,'must), ReferenceProperty('deictic,'must))))
Rule(questions we addressed in this,hypothesis/research question  ,Some(ArrayBuffer(ReferenceProperty('self,'must), ReferenceProperty('deictic,'must))))
Rule(questions were investigated,hypothesis/research question  ,Some(ArrayBuffer(ReferenceProperty('self,'must), ReferenceProperty('deictic,'must))))
Rule(been disappointing,problem statement,Some(ArrayBuffer(LocationProperty('inside,List(introduction),'must))))
Rule(reasons for studying this topic,contribution,None)
Rule(relative contribution,contribution,None)
Rule(replicating the findings,contribution,Some(ArrayBuffer(LocationProperty('inside,List(discussion, conclusion),'must), ReferenceProperty('self,'must), ReferenceProperty('deictic,'must), ReferenceProperty('you,'must))))
Rule(represent a positive contribution towards,contribution,None)
Rule(have not yet been,problem statement,Some(ArrayBuffer(LocationProperty('inside,List(introduction),'must))))
Rule(requires further,problem statement,Some(ArrayBuffer(LocationProperty('inside,List(introduction),'must))))
Rule(research question,hypothesis/research question  ,Some(ArrayBuffer(ReferenceProperty('self,'must), ReferenceProperty('deictic,'must))))
Rule(research question examined in this,hypothesis/research question  ,Some(ArrayBuffer(ReferenceProperty('self,'must), ReferenceProperty('deictic,'must))))
Rule(research question in this article,hypothesis/research question  ,Some(ArrayBuffer(ReferenceProperty('self,'must), ReferenceProperty('deictic,'must))))
Rule(research question in this paper,hypothesis/research question  ,Some(ArrayBuffer(ReferenceProperty('self,'must), ReferenceProperty('deictic,'must))))
Rule(research question in this report,hypothesis/research question  ,Some(ArrayBuffer(ReferenceProperty('self,'must), ReferenceProperty('deictic,'must))))
Rule(research question in this study,hypothesis/research question  ,Some(ArrayBuffer(ReferenceProperty('self,'must), ReferenceProperty('deictic,'must))))
Rule(research questions,hypothesis/research question  ,Some(ArrayBuffer(ReferenceProperty('self,'must), ReferenceProperty('deictic,'must))))
Rule(research questions in this article,hypothesis/research question  ,Some(ArrayBuffer(ReferenceProperty('self,'must), ReferenceProperty('deictic,'must))))
Rule(research questions in this paper,hypothesis/research question  ,Some(ArrayBuffer(ReferenceProperty('self,'must), ReferenceProperty('deictic,'must))))
Rule(research questions in this report,hypothesis/research question  ,Some(ArrayBuffer(ReferenceProperty('self,'must), ReferenceProperty('deictic,'must))))
Rule(research questions in this study,hypothesis/research question  ,Some(ArrayBuffer(ReferenceProperty('self,'must), ReferenceProperty('deictic,'must))))
Rule(research questions were examined,hypothesis/research question  ,Some(ArrayBuffer(ReferenceProperty('self,'must), ReferenceProperty('deictic,'must))))
Rule(sample was not,limitation ,Some(ArrayBuffer(LocationProperty('inside,List(discussion, conclusion),'must))))
Rule(sample was too small,limitation ,Some(ArrayBuffer(LocationProperty('inside,List(discussion, conclusion),'must))))
Rule(second hypothesis,hypothesis/research question  ,Some(ArrayBuffer(ReferenceProperty('self,'must), ReferenceProperty('deictic,'must))))
Rule(set of hypotheses,hypothesis/research question  ,Some(ArrayBuffer(ReferenceProperty('self,'must), ReferenceProperty('deictic,'must))))
Rule(set of research questions,hypothesis/research question  ,Some(ArrayBuffer(ReferenceProperty('self,'must), ReferenceProperty('deictic,'must))))
Rule(sets of hypotheses,hypothesis/research question  ,Some(ArrayBuffer(ReferenceProperty('self,'must), ReferenceProperty('deictic,'must))))
Rule(sets of research questions,hypothesis/research question  ,Some(ArrayBuffer(ReferenceProperty('self,'must), ReferenceProperty('deictic,'must))))
Rule(sharp decline,problem statement,Some(ArrayBuffer(LocationProperty('inside,List(introduction),'must))))
Rule(sharp decrease,problem statement,Some(ArrayBuffer(LocationProperty('inside,List(introduction),'must))))
Rule(sharp drop,problem statement,Some(ArrayBuffer(LocationProperty('inside,List(introduction),'must))))
Rule(sharp increase,problem statement,Some(ArrayBuffer(LocationProperty('inside,List(introduction),'must))))
Rule(sharp rise,problem statement,Some(ArrayBuffer(LocationProperty('inside,List(introduction),'must))))
Rule(sharpens our theoretical understanding of,contribution,None)
Rule(sharpens our understanding of,contribution,None)
Rule(shed light,contribution,Some(ArrayBuffer(LocationProperty('inside,List(discussion, conclusion),'must), ReferenceProperty('self,'must), ReferenceProperty('deictic,'must), ReferenceProperty('you,'must))))
Rule(shed new light,contribution,Some(ArrayBuffer(LocationProperty('inside,List(discussion, conclusion),'must), ReferenceProperty('self,'must), ReferenceProperty('deictic,'must), ReferenceProperty('you,'must))))
Rule(sheds additional light,contribution,Some(ArrayBuffer(LocationProperty('inside,List(discussion, conclusion),'must), ReferenceProperty('self,'must), ReferenceProperty('deictic,'must), ReferenceProperty('you,'must))))
Rule(sheds light,contribution,Some(ArrayBuffer(LocationProperty('inside,List(discussion, conclusion),'must), ReferenceProperty('self,'must), ReferenceProperty('deictic,'must), ReferenceProperty('you,'must))))
Rule(sheds light on,contribution,Some(ArrayBuffer(LocationProperty('inside,List(discussion, conclusion),'must), ReferenceProperty('self,'must), ReferenceProperty('deictic,'must), ReferenceProperty('you,'must))))
Rule(should help you to,contribution,None)
Rule(should not be ignored,problem statement,Some(ArrayBuffer(LocationProperty('inside,List(introduction),'must))))
Rule(little … progress,problem statement,Some(ArrayBuffer(LocationProperty('inside,List(introduction),'must))))
Rule(significant barrier,problem statement,Some(ArrayBuffer(LocationProperty('inside,List(introduction),'must))))
Rule(significant challenges for,problem statement,Some(ArrayBuffer(LocationProperty('inside,List(introduction),'must))))
Rule(significant contribution,contribution,Some(ArrayBuffer(LocationProperty('inside,List(discussion, conclusion),'must), ReferenceProperty('self,'must), ReferenceProperty('deictic,'must), ReferenceProperty('you,'must))))
Rule(significant declines,problem statement,Some(ArrayBuffer(LocationProperty('inside,List(introduction),'must))))
Rule(size of sample population,limitation ,Some(ArrayBuffer(LocationProperty('inside,List(discussion, conclusion),'must))))
Rule(small size of the sample,limitation,Some(ArrayBuffer(LocationProperty('inside,List(discussion, conclusion),'must))))
Rule(some doubts as to whether,problem statement,Some(ArrayBuffer(LocationProperty('inside,List(introduction),'must))))
Rule(some limitations are present in the current study,limitation,Some(ArrayBuffer(LocationProperty('inside,List(Discussion),'must))))
Rule(still far from clear,problem statement,Some(ArrayBuffer(LocationProperty('inside,List(introduction),'must))))
Rule(still far from clear,limitation,Some(ArrayBuffer(LocationProperty('inside,List(discussion, conclusion),'must))))
Rule(still have to find a way to,problem statement,Some(ArrayBuffer(LocationProperty('inside,List(introduction),'must))))
Rule(still have to find a way to,limitation,Some(ArrayBuffer(LocationProperty('inside,List(discussion, conclusion),'must))))
Rule(still lack,problem statement,Some(ArrayBuffer(LocationProperty('inside,List(introduction),'must))))
Rule(still lack,limitation,Some(ArrayBuffer(LocationProperty('inside,List(discussion, conclusion),'must))))
Rule(still not completely understood,problem statement,Some(ArrayBuffer(LocationProperty('inside,List(introduction),'must))))
Rule(still not completely understood,limitation,Some(ArrayBuffer(LocationProperty('inside,List(discussion, conclusion),'must))))
Rule(still requires additional,problem statement,Some(ArrayBuffer(LocationProperty('inside,List(introduction),'must))))
Rule(still requires additional,limitation,Some(ArrayBuffer(LocationProperty('inside,List(discussion, conclusion),'must))))
Rule(still some debate,problem statement,Some(ArrayBuffer(LocationProperty('inside,List(introduction),'must))))
Rule(still some debate,limitation,Some(ArrayBuffer(LocationProperty('inside,List(discussion, conclusion),'must))))
Rule(suffer from a number of,problem statement,Some(ArrayBuffer(LocationProperty('inside,List(introduction),'must))))
Rule(suffer from a number of limitations,limitation,Some(ArrayBuffer(LocationProperty('inside,List(discussion, conclusion),'must))))
Rule(suggest a need for further research,problem statement,Some(ArrayBuffer(LocationProperty('inside,List(introduction),'must))))
Rule(suggest a need for further research,recommendation ,Some(ArrayBuffer(LocationProperty('inside,List(discussion, conclusion),'must))))
Rule(susceptible to,problem statement,Some(ArrayBuffer(LocationProperty('inside,List(introduction),'must))))
Rule(systematic bias,limitation,Some(ArrayBuffer(LocationProperty('inside,List(discussion, conclusion),'must))))
Rule(systematic biases,limitation,Some(ArrayBuffer(LocationProperty('inside,List(discussion, conclusion),'must))))
Rule(test the hypothesis,hypothesis/research question  ,Some(ArrayBuffer(ReferenceProperty('self,'must), ReferenceProperty('deictic,'must))))
Rule(test whether,hypothesis/research question  ,Some(ArrayBuffer(ReferenceProperty('self,'must), ReferenceProperty('deictic,'must))))
Rule(tested the following hypothesis,hypothesis/research question  ,Some(ArrayBuffer(ReferenceProperty('self,'must), ReferenceProperty('deictic,'must))))
Rule(the hypothesis tested,hypothesis/research question  ,Some(ArrayBuffer(ReferenceProperty('self,'must), ReferenceProperty('deictic,'must))))
Rule(the leading questions were:,hypothesis/research question  ,Some(ArrayBuffer(ReferenceProperty('self,'must), ReferenceProperty('deictic,'must))))
Rule(there are as yet few,problem statement,Some(ArrayBuffer(LocationProperty('inside,List(introduction),'must))))
Rule(there are some questions,problem statement,Some(ArrayBuffer(LocationProperty('inside,List(introduction),'must))))
Rule(there are some questions,limitation,Some(ArrayBuffer(LocationProperty('inside,List(discussion, conclusion),'must))))
Rule(there is a need for,problem statement,Some(ArrayBuffer(LocationProperty('inside,List(introduction),'must))))
Rule(there is a need for,limitation,Some(ArrayBuffer(LocationProperty('inside,List(discussion, conclusion),'must))))
Rule(there is a very real danger that,problem statement,Some(ArrayBuffer(LocationProperty('inside,List(introduction),'must))))
Rule(few if any,problem statement,Some(ArrayBuffer(LocationProperty('inside,List(introduction),'must))))
Rule(there is no guarantee that,problem statement,Some(ArrayBuffer(LocationProperty('inside,List(introduction),'must))))
Rule(there is no way of knowing,problem statement,Some(ArrayBuffer(LocationProperty('inside,List(introduction),'must))))
Rule(these problems are,problem statement,Some(ArrayBuffer(LocationProperty('inside,List(introduction),'must))))
Rule(These results challenge,problem statement,Some(ArrayBuffer(LocationProperty('inside,List(introduction),'must))))
Rule(these results validate,contribution,None)
Rule(third hypothesis,hypothesis/research question  ,Some(ArrayBuffer(ReferenceProperty('self,'must), ReferenceProperty('deictic,'must))))
Rule(this problem has been,problem statement,Some(ArrayBuffer(ReferenceProperty('deictic,'must))))
Rule(this problem is analyzed,problem statement,Some(ArrayBuffer(ReferenceProperty('deictic,'must))))
Rule(this research expanded on,contribution,None)
Rule(this study extends,contribution,None)
Rule(this study extends the findings of,contribution,None)
Rule(this study identified,contribution,None)
Rule(this study identifies,contribution,None)
Rule(this study therefore validates,contribution,None)
Rule(this study validates,contribution,None)
Rule(time-consuming,problem statement,Some(ArrayBuffer(LocationProperty('inside,List(introduction),'must))))
Rule(to determine whether,hypothesis/research question  ,Some(ArrayBuffer(ReferenceProperty('self,'must), ReferenceProperty('deictic,'must))))
Rule(to provide valuable insights,contribution,Some(ArrayBuffer(LocationProperty('inside,List(discussion, conclusion),'must), ReferenceProperty('self,'must), ReferenceProperty('deictic,'must), ReferenceProperty('you,'must))))
Rule(under-represented,problem statement,Some(ArrayBuffer(LocationProperty('inside,List(introduction),'must))))
Rule(unique contribution,contribution,None)
Rule(valuable addition to,contribution,None)
Rule(valuable contribution to,contribution,None)
Rule(very few attempts to,problem statement,Some(ArrayBuffer(LocationProperty('inside,List(introduction),'must))))
Rule(very few emipirical studies,problem statement,Some(ArrayBuffer(LocationProperty('inside,List(introduction),'must))))
Rule(very little empirical data,problem statement,Some(ArrayBuffer(LocationProperty('inside,List(introduction),'must))))
Rule(very little research,problem statement,Some(ArrayBuffer(LocationProperty('inside,List(introduction),'must))))
Rule(very real danger that,problem statement,Some(ArrayBuffer(LocationProperty('inside,List(introduction),'must))))
Rule(very valuable information,contribution,Some(ArrayBuffer(LocationProperty('inside,List(discussion, conclusion),'must), ReferenceProperty('self,'must), ReferenceProperty('deictic,'must), ReferenceProperty('you,'must))))
Rule(we address the question of,hypothesis/research question  ,Some(ArrayBuffer(ReferenceProperty('self,'must), ReferenceProperty('deictic,'must))))
Rule(we also expected that,hypothesis/research question  ,Some(ArrayBuffer(ReferenceProperty('self,'must), ReferenceProperty('deictic,'must))))
Rule(we ask why,hypothesis/research question  ,Some(ArrayBuffer(ReferenceProperty('self,'must), ReferenceProperty('deictic,'must))))
Rule(we believe that this will help,contribution,None)
Rule(we consider how to,hypothesis/research question  ,Some(ArrayBuffer(ReferenceProperty('self,'must), ReferenceProperty('deictic,'must))))
Rule(we evaluate whether,hypothesis/research question  ,Some(ArrayBuffer(ReferenceProperty('self,'must), ReferenceProperty('deictic,'must))))
Rule(we expected that,hypothesis/research question  ,Some(ArrayBuffer(ReferenceProperty('self,'must), ReferenceProperty('deictic,'must))))
Rule(we explored whether,hypothesis/research question  ,Some(ArrayBuffer(ReferenceProperty('self,'must), ReferenceProperty('deictic,'must))))
Rule(we extend,contribution,None)
Rule(we extend the model,contribution,None)
Rule(we have no way of knowing,limitation,Some(ArrayBuffer(LocationProperty('inside,List(discussion, conclusion),'must))))
Rule(we have suggested some ways in which,contribution,Some(ArrayBuffer(LocationProperty('inside,List(discussion, conclusion),'must))))
Rule(we have taken a few steps towards,contribution,Some(ArrayBuffer(LocationProperty('inside,List(discussion, conclusion),'must))))
Rule(we hypothesised that,hypothesis/research question  ,Some(ArrayBuffer(ReferenceProperty('self,'must), ReferenceProperty('deictic,'must))))
Rule(we hypothesize that,hypothesis/research question  ,Some(ArrayBuffer(ReferenceProperty('self,'must), ReferenceProperty('deictic,'must))))
Rule(we hypothesized that,hypothesis/research question  ,Some(ArrayBuffer(ReferenceProperty('self,'must), ReferenceProperty('deictic,'must))))
Rule(we hypothesized that we would find,hypothesis/research question  ,Some(ArrayBuffer(ReferenceProperty('self,'must), ReferenceProperty('deictic,'must))))
Rule(we investigated whether,hypothesis/research question  ,Some(ArrayBuffer(ReferenceProperty('self,'must), ReferenceProperty('deictic,'must))))
Rule(we know very little about,problem statement,Some(ArrayBuffer(LocationProperty('inside,List(introduction),'must))))
Rule(we limit our discussion to,limitation,Some(ArrayBuffer(LocationProperty('inside,List(Discussion),'must))))
Rule(we need to know,problem statement,Some(ArrayBuffer(LocationProperty('inside,List(introduction),'must))))
Rule(we posit that,hypothesis/research question  ,Some(ArrayBuffer(ReferenceProperty('self,'must), ReferenceProperty('deictic,'must))))
Rule(we predicted,hypothesis/research question  ,Some(ArrayBuffer(ReferenceProperty('self,'must), ReferenceProperty('deictic,'must))))
Rule(we predicted that,hypothesis/research question  ,Some(ArrayBuffer(ReferenceProperty('self,'must), ReferenceProperty('deictic,'must))))
Rule(we will be able to,contribution,None)
Rule(will enable us to,contribution,None)
Rule(will enable you to,contribution,None)
Rule(will help us to,contribution,None)
Rule(will help you to,contribution,None)
Rule(yet there is a paucity of,problem statement,Some(ArrayBuffer(LocationProperty('inside,List(introduction),'must))))
Rule(you should be able to,contribution,None)
Rule(you will be able to,contribution,None)
Rule(paucity of data,problem statement,Some(ArrayBuffer(LocationProperty('inside,List(introduction),'must))))
Rule(enables  us  to  detect,contribution,None)
Rule(clarify the relationship between,contribution,None)
Rule(This solution also deals with,contribution,None)
Rule(circumvent the need ,contribution,Some(ArrayBuffer(LocationProperty('inside,List(conclusion),'must))))
Rule(there is growing concern ,problem statement,Some(ArrayBuffer(LocationProperty('inside,List(introduction),'must))))
Rule(It is proposed to maintain  ,recommendation ,Some(ArrayBuffer(LocationProperty('inside,List(conclusion),'must))))
Rule(that may help in ,contribution,Some(ArrayBuffer(LocationProperty('inside,List(conclusion),'must))))
Rule(may help to,contribution,Some(ArrayBuffer(LocationProperty('inside,List(conclusion),'must))))
Rule(This paper presents new ideas ,contribution,Some(ArrayBuffer(LocationProperty('inside,List(conclusion),'must))))
Rule(to better represent ,contribution,Some(ArrayBuffer(LocationProperty('inside,List(conclusion),'must))))
Rule(An interesting line of future research could be ,recommendation ,Some(ArrayBuffer(LocationProperty('inside,List(conclusion),'must))))
Rule(although it leads to  ... problems ,problem statement,Some(ArrayBuffer(LocationProperty('inside,List(introduction),'must))))
Rule(This is a complicated problem that ,problem statement,Some(ArrayBuffer(LocationProperty('inside,List(introduction),'must))))
Rule(we recommend that ,recommendation ,Some(ArrayBuffer(LocationProperty('inside,List(conclusion),'must))))
Rule(our results should be interpreted ,limitation,Some(ArrayBuffer(LocationProperty('inside,List(conclusion),'must))))
Rule(our results should be interpreted in the context of the following limitations,limitation,Some(ArrayBuffer(LocationProperty('inside,List(conclusion),'must))))
Rule(future research should investigate,recommendation ,Some(ArrayBuffer(LocationProperty('inside,List(conclusion),'must))))
Rule(further validation is however needed in order to confirm,limitation,None)
Rule(however, further validation is needed in order to ,limitation,None)
Rule(further validation is needed ,limitation,None)
Rule(overlooked,problem statement,None)
Rule(undervalued,problem statement,None)
Rule(mismatch between ,problem statement,None)
Rule(wasted,problem statement,None)
Rule(the paper highlighted,contribution,Some(ArrayBuffer(LocationProperty('inside,List(conclusion),'must))))
Rule(will help guide the research,contribution,Some(ArrayBuffer(LocationProperty('inside,List(conclusion),'must))))
Rule(we hope our … will ,contribution,Some(ArrayBuffer(LocationProperty('inside,List(conclusion),'must))))
Rule(potential negative effect,problem statement,None)
Rule(to further improve ,recommendation ,Some(ArrayBuffer(LocationProperty('inside,List(conclusion),'must))))
Rule(should be carried out in order to better understand ,recommendation ,Some(ArrayBuffer(LocationProperty('inside,List(conclusion),'must))))
Rule(should be conducted in order to  ,recommendation ,Some(ArrayBuffer(LocationProperty('inside,List(conclusion),'must))))
Rule(one limitation in this ,limitation,Some(ArrayBuffer(LocationProperty('inside,List(conclusion),'must), ReferenceProperty('deictic,'must))))
Rule( a selection bias may have influenced the results ,limitation,Some(ArrayBuffer(LocationProperty('inside,List(conclusion),'must))))
Rule(the sample was small and ,limitation,Some(ArrayBuffer(LocationProperty('inside,List(conclusion),'must))))
Rule(future research is warranted ,recommendation ,Some(ArrayBuffer(LocationProperty('inside,List(conclusion),'must))))
Rule(the sample was small and homogenous ,limitation,Some(ArrayBuffer(LocationProperty('inside,List(conclusion),'must))))
Rule(does not give adequate information on ,limitation,Some(ArrayBuffer(LocationProperty('inside,List(conclusion),'must))))
Rule(did not provide for,limitation,Some(ArrayBuffer(LocationProperty('inside,List(conclusion),'must))))
Rule(did not allow for,limitation,Some(ArrayBuffer(LocationProperty('inside,List(conclusion),'must))))
Rule(primary limitation of this study,limitation,Some(ArrayBuffer(LocationProperty('inside,List(conclusion),'must))))
Rule(second limitation,limitation,Some(ArrayBuffer(LocationProperty('inside,List(conclusion),'must))))
Rule(our findings provide evidence for ,contribution,Some(ArrayBuffer(LocationProperty('inside,List(conclusion),'must))))
Rule(our findings could lead to ,contribution,Some(ArrayBuffer(LocationProperty('inside,List(conclusion),'must))))
Rule(Further research needs to be conducted,recommendation ,Some(ArrayBuffer(LocationProperty('inside,List(conclusion),'must))))
Rule(This study has established the importance of,contribution,Some(ArrayBuffer(LocationProperty('inside,List(conclusion),'must))))
Rule(There needs to be further work before,recommendation ,Some(ArrayBuffer(LocationProperty('inside,List(conclusion),'must))))
Rule(further work needs to be done before,recommendation ,Some(ArrayBuffer(LocationProperty('inside,List(conclusion),'must))))
Rule(could be used effectively as a,contribution,Some(ArrayBuffer(LocationProperty('inside,List(conclusion),'must))))
Rule(Despite the importance of the findings, there were a number of limitations to the ,limitation,Some(ArrayBuffer(LocationProperty('inside,List(conclusion),'must))))
Rule(contributes to the research on … by examining,contribution,Some(ArrayBuffer(LocationProperty('inside,List(conclusion),'must))))
Rule(model was verified,contribution,Some(ArrayBuffer(LocationProperty('inside,List(conclusion),'must))))
Rule(we recommend,recommendation ,Some(ArrayBuffer(LocationProperty('inside,List(conclusion),'must))))
Rule(researchers in the future could use,recommendation ,Some(ArrayBuffer(LocationProperty('inside,List(conclusion),'must))))
Rule(This study also makes contributions to our understanding of,contribution,Some(ArrayBuffer(LocationProperty('inside,List(conclusion),'must))))
Rule(This study also makes contributions to ,contribution,Some(ArrayBuffer(LocationProperty('inside,List(conclusion),'must))))
Rule(few existing empirical studies have,problem statement,Some(ArrayBuffer(LocationProperty('inside,List(introduction),'must))))
Rule(few existing empirical studies have addressed,problem statement,Some(ArrayBuffer(LocationProperty('inside,List(introduction),'must))))
Rule(further research is needed to address,problem statement,None)
Rule(should address,recommendation,None)
Rule(More research should be done to examine,problem statement,None)
Rule(should examine,recommendation,None)
Rule(need to understand ,problem statement,None)
Rule(need to understand ,recommendation,None)
Rule(require further ,problem statement,None)
Rule(require further ,recommendation,None)
Rule(require further investigation,problem statement,None)
Rule(require further investigation,recommendation,None)
Rule(complex and multi-faceted issue,problem statement,None)
Rule(One drawback in this study was,limitation,None)
Rule(indicates a gap between,problem statement,None)
Rule(has been criticised for,problem statement,None)
Rule(should be re-examined in light of,problem statement,None)
Rule(should be re-examined in light of,recommendation,None)
Rule(these findings should not be extrapolated to ,limitation,None)
Rule(these findings should not be … without further empirical examination.,limitation,None)
Rule(may reflect … rather than,limitation,None)
Rule(limited the ability of the study to,limitation,None)
Rule(More research should be done to,problem statement,None)
Rule(More research should be done to,recommendation,None)
Rule(should be explored further ,problem statement,None)
Rule(should be explored further ,recommendation,None)
Rule(Future studies might include,recommendation ,None)
Rule(There are ... caveats ,limitation,None)
Rule(Future research should include ,problem statement,None)
Rule(Future research should include ,recommendation,None)
Rule(Future research ,recommendation ,None)
Rule(would provide a means of validating,recommendation ,None)
Rule(would provide a more rigorous test of ,recommendation ,None)
Rule(These findings provide support for,contribution,None)
Rule(Limitations of the present study provide avenues for further research ,limitation,None)
Rule(A major limitation of the current study was the composition of the ,limitation,None)
Rule(A major limitation of the current study was ,limitation,None)
Rule(This study provides further evidence that,contribution,None)
Rule(It is feasible that … are also contributing,limitation,None)
Rule(threat to the validity of the findings ,limitation,None)
Rule(Longitudinal ... is clearly warranted,recommendation ,None)
Rule(needs to be examined to identify,problem statement,None)
Rule(needs to be examined to identify,limitation,None)
Rule(needs to be examined to ,problem statement,None)
Rule(needs to be examined to ,limitation,None)
Rule(there is currently little,problem statement,None)
Rule(there is currently little empirical evidence,problem statement,None)
Rule(We conceptualise the findings in a theoretical model,contribution,None)
Rule(has developed a better understanding of,contribution,None)
Rule(Issues related to ... have become a crucial component of,problem statement,None)
Rule(which remains underrecognised,problem statement,None)
Rule(Further research is needed to elucidate whether,problem statement,None)
Rule(Further research is needed to elucidate whether,recommendation,None)
Rule(Further research is needed to clarify whether,problem statement,None)
Rule(Further research is needed to clarify whether,recommendation,None)
Rule(there is little research available ,problem statement,None)
Rule(there is little ... literature available ,problem statement,None)
Rule(highlights a potential way forward,contribution,None)
Rule(research is needed ,problem statement,None)
Rule(research is needed ,recommendation,None)
Rule(in order to address this gap,problem statement,None)
Rule(in order to address this gap,recommendation,None)
Rule(need further investigation,problem statement,None)
Rule(need further investigation,recommendation,None)
Rule(research needs to establish,problem statement,None)
Rule(research needs to establish,recommendation,None)
Rule(further research is required to understand,problem statement,None)
Rule(further research is required to understand,recommendation,None)
Rule(is a useful tool to,contribution,None)
Rule(have not reached consensus,problem statement,None)
Rule(have not reached … consensus,problem statement,None)
Rule(provides several insights,contribution,None)
Rule(study also contributes to a better understanding of,contribution,None)
Rule(Further studies are suggested,problem statement,None)
Rule(Further studies are suggested,recommendation,None)
Rule(are a precious resource and it important that,problem statement,None)
Rule(Much previous research has focused on ... while ,problem statement,None)
Rule(has focused on ... while overlooking ,problem statement,None)
Rule(mask differences across,problem statement,None)
Rule(mask differences across,limitation,None)
Rule(further longitudinal research is,problem statement,None)
Rule(further longitudinal research is,recommendation,None)
Rule(Such research would provide further,problem statement,None)
Rule(Such research would provide further,recommendation,None)
Rule(Further studies could examine the relationship among,recommendation,None)
Rule(need further exploration ,problem statement,None)
Rule(need further exploration ,recommendation,None)
Rule(it needs to be acknowledged that there are limitations to,limitation,None)
Rule(There is no consensus regarding,problem statement,None)
Rule(little or no consensus,problem statement,None)
Rule(appear to be inconsistent with,problem statement,None)
Rule(Future research should attempt to establish statistically significant evidence,recommendation,None)
Rule(are much higher … than,problem statement,None)
Rule(indicating significant … hazard,problem statement,None)
Rule(constitute a potential … hazard to,problem statement,None)
Rule(results of the current study highlight,contribution,None)
Rule(presents a serious problem,problem statement,None)
Rule(However, most research has … only,problem statement,None)
Rule(However, most research has … solely,problem statement,None)
Rule(Our knowledge of ... is still fragmentary.,problem statement,None)
Rule(is fragmented,problem statement,None)
Rule(threaten,problem statement,None)
Rule(however,problem statement,None)
Rule(yet,problem statement,None)
Rule(although,problem statement,None)
Rule(nonetheless,problem statement,None)
Rule(nevertheless,problem statement,None)
Rule(is essential to,problem statement,None)
Rule(It is therefore suggested that,recommendation,None)
Rule(it is important to understand,problem statement,None)
Rule(it is important to understand,recommendation,None)
Rule(danger of,problem statement,None)
Rule(future research,problem statement,None)
Rule(further research ,recommendation,None)
Rule(hazardous,problem statement,None)
Rule(needs to be explored further,problem statement,None)
Rule(needs to be explored further,recommendation,None)
Rule(despite the fact that,problem statement,None)
Rule(was conducted in only one,problem statement,None)
Rule(was conducted in only one,limitation,None)
Rule(the question of … remains open,problem statement,None)
Rule(the question of … remains open,limitation,None)
Rule(future research, therefore, should be conducted,problem statement,None)
Rule(future research, therefore, should be conducted,recommendation,None)
Rule(future research should be conducted ,problem statement,None)
Rule(future research should be conducted ,recommendation,None)
Rule(it remains unclear whether,limitation,None)
Rule(it remains unclear whether,problem statement,None)
Rule(A limitation specific to,limitation,None)
Rule(these studies are subject to,limitation,None)
Rule(some limitations that should be noted,limitation,None)
Rule(One limitation is the potential for,limitation,None)
Rule(the possibility of … cannot be completely ruled out,limitation,None)
Rule(which can inflate correlations,limitation,None)
Rule(and raise questions about causal direction,limitation,None)
Rule(the possibility of … cannot be completely …,limitation,None)
Rule(Future research might ,recommendation,None)
Rule(future research might use a ... to explore,recommendation,None)
Rule(Another potential limitation is,limitation,None)
Rule(Future research should,problem statement,None)
Rule(Future research should,recommendation,None)
Rule(Future research could,problem statement,None)
Rule(Future research could,recommendation,None)
Rule(It may also be fruitful to explore,recommendation,None)
Rule(a potential limitation of this research,limitation,None)
Rule(While a great deal of research has …,problem statement,None)
Rule(far less is known about,problem statement,None)
Rule(far less is known about,recommendation,None)
Rule(future researchers should examine,recommendation,None)
Rule(Another possible limitation relates to,limitation,None)
Rule(may have influenced our,limitation,None)
Rule(helpful for future research to,recommendation,None)
Rule(we encourage future research,recommendation,None)
Rule(future research should attempt to,problem statement,None)
Rule(future research should attempt to,recommendation,None)
Rule(it would be helpful for future research to,recommendation,None)
Rule(we call for …,recommendation,None)
Rule(we call for … to cross-validate our findings,recommendation,None)
Rule(We acknowledge several limitations to this study,limitation,None)
Rule(However, extraneous factors,limitation,None)
Rule(could be influencing our results,limitation,None)
Rule(were not randomly assigned to,limitation,None)
Rule(This limits our ability to ,limitation,None)
Rule(This limits our ability to rule out the possibility that,limitation,None)
Rule(how our results generalize to other …,limitation,None)
Rule(Future research might examine,recommendation,None)
Rule(we were unable to address the long-term effects of,limitation,None)
Rule(exists the possibility that the differences between the experimental and control groups,limitation,None)
Rule(exists the possibility that the differences between ... groups,limitation,None)
Rule(Our hope is that this study will spark... ,contribution,None)
Rule(this study will spark continued interest,contribution,None)
Rule(The results of this study should be considered in light of
its limitations,limitation,None)
Rule(light of its limitations,limitation,None)
Rule(research should explore,recommendation,None)
Rule(Future work,recommendation,None)
Rule(should endeavor to,recommendation,None)
Rule(A finer-grained … is necessary to … understand ,problem statement,None)
Rule(A finer-grained … is necessary to … understand ,recommendation,None)
Rule(necessary to ... understand,recommendation,None)
Rule(necessary to ... understand,problem statement,None)
Rule(sample size for this study was relatively small,limitation,None)
Rule(Future work is also necessary to,recommendation,None)
Rule(Although this limitation is partially offset by,limitation,None)
Rule(spills over to affect,problem statement,None)
Rule(These contributions must be qualified in light of,limitation,None)
Rule(several limitations of our research,limitation,None)
Rule(A first limitation is our methodological,limitation,None)
Rule(A first limitation is ,limitation,None)
Rule(second limitation is,limitation,None)
Rule(Future work should also explore,recommendation,None)
Rule(Future work could also explore,problem statement,None)
Rule(Another important area of future inquiry concerns,recommendation,None)
Rule(our research highlights the importance of,contribution,None)
Rule(our ... laid the foundations for,contribution,None)
Rule(our … laid the groundwork for,contribution,None)
Rule(suggests a need to identify factors that impact,problem statement,None)
Rule(a need to identify factors that impact,limitation,None)
Rule(a number of limitations ,limitation,None)
Rule(a number of limitations do exist,limitation,None)
Rule(caution must be exercised when ,limitation,None)
Rule(must be exercised when generalizing the results,limitation,None)
Rule(even though the sample size in this … was,limitation,None)
Rule(some selection bias,limitation,None)
Rule(Future research should focus on,recommendation,None)
Rule(additional research is also needed to investigate,problem statement,None)
Rule(additional research is also needed to investigate,recommendation,None)
Rule(future research could expand,recommendation,None)
Rule(This study extends previous research,contribution ,None)
Rule(Although potential benefits … could be …, … face … challenge,problem statement,None)
Rule(There are several limitations to our ... that should be considered,limitation,None)
Rule(There are several limitations to our ... ,limitation,None)
Rule(very few studies have examined,problem statement,Some(ArrayBuffer(LocationProperty('inside,List(conclusion),'must))))
Rule(There are a number of limitations to this study.,limitation,None)
Rule(convenience sampling framework,limitation,None)
Rule(these results should be interpreted with caution,limitation,None)
Rule(Future researchers may wish to,recommendation,None)
Rule(overlooked,problem statement,None)
Rule(validity of the results of this study might be limited to,limitation,None)
Rule(is a subject for further research,recommendation,None)
Rule(future studies should,recommendation,None)
Rule(largely depends on,problem statement,None)
Rule(This study adds to the theoretical framework,contribution,None)
Rule(The second contribution of this study … is the finding of,contribution,None)
Rule(It is important to understand ...limitations of the study,limitation,None)
Rule(There are at least ... limitations,limitation,None)
Rule(The first limitation deals with the nature of a,limitation,None)
Rule(there is a need for a well-designed longitudinal,limitation,None)
Rule(there is a need for ... longitudinal,limitation,None)
Rule(there is a need for a ,recommendation,None)
Rule(there is a need for a,problem statement,None)
Rule(The second limitation is the fact that the questionnaire design can also  ,limitation,None)
Rule(The ... limitation is the fact that ,limitation,None)
Rule(The third limitation of the study results from the data collection method,limitation,None)
Rule(results of the study may be limited in their generalizability,limitation,None)
Rule( the sample tends to skew towards,limitation,None)
Rule(The study deepens the existing conceptualizations,contribution,None)
Rule(The study draws attention to,contribution,None)
Rule(This study highlights,contribution,None)
Rule(study sheds light on the key role,contribution,None)
Rule(study sheds light on ,contribution,None)
Rule(this study highlights,contribution,None)
Rule(the empirical literature has produced mixed results regarding,problem statement,None)
Rule(has produced mixed results ,problem statement,None)
Rule(research … has been limited by its overwhelming reliance on ,problem statement,None)
Rule(a possibility we leave open for exploration in future research,recommendation,None)
Rule(the results of this study are open to the criticism that,limitation,None)
Rule( theory has seldom been applied,problem statement,None)
Rule(a clear need for research in this area since ,problem statement,None)
Rule(likely to be a major factor in ,problem statement,None)
Rule(However, there are still limitations to this questionnaire,limitation,None)
Rule(this ... should prove useful for,contribution,None)
Rule(explained above, this ... was not able to,limitation,None)
Rule(will be revealed by future research,recommendation,None)
Rule(extended research is necessary ,problem statement,None)
Rule(extended research is necessary,recommendation,None)
Rule(needs to be used with a wide variety of,limitation,None)
Rule(difficult to draw firm conclusions given the small sample size and the difficulties,limitation,None)
Rule(difficult to draw firm conclusions ,limitation,None)
