difficult to draw firm conclusions 
difficult to draw firm conclusions given the small sample size and the difficulties
needs to be used with a wide variety of
extended research is necessary
extended research is necessary 
will be revealed by future research
composite pattern for: explained above, this ... was not able to:
explained above, this 
was not able to
composite pattern for: this ... should prove useful for:
this 
should prove useful for
However, there are still limitations to this questionnaire
likely to be a major factor in 
a clear need for research in this area since 
 theory has seldom been applied
the results of this study are open to the criticism that
a possibility we leave open for exploration in future research
composite pattern for: research … has been limited by its overwhelming reliance on :
research 
has been limited by its overwhelming reliance on 
has produced mixed results 
the empirical literature has produced mixed results regarding
this study highlights
study sheds light on 
study sheds light on the key role
This study highlights
The study draws attention to
The study deepens the existing conceptualizations
 the sample tends to skew towards
results of the study may be limited in their generalizability
The third limitation of the study results from the data collection method
composite pattern for: The ... limitation is the fact that :
The 
limitation is the fact that 
The second limitation is the fact that the questionnaire design can also  
there is a need for a
there is a need for a 
composite pattern for: there is a need for ... longitudinal:
there is a need for 
longitudinal
there is a need for a well-designed longitudinal
The first limitation deals with the nature of a
composite pattern for: There are at least ... limitations:
There are at least 
limitations
composite pattern for: It is important to understand ...limitations of the study:
It is important to understand 
limitations of the study
composite pattern for: The second contribution of this study … is the finding of:
The second contribution of this study 
is the finding of
This study adds to the theoretical framework
largely depends on
future studies should
is a subject for further research
validity of the results of this study might be limited to
overlooked
Future researchers may wish to
these results should be interpreted with caution
convenience sampling framework
There are a number of limitations to this study.
very few studies have examined
composite pattern for: There are several limitations to our ... :
There are several limitations to our 

composite pattern for: There are several limitations to our ... that should be considered:
There are several limitations to our 
that should be considered
composite pattern for: Although potential benefits … could be …, … face … challenge:
Although potential benefits 
composite pattern for: could be …, … face … challenge:
could be 
composite pattern for: , … face … challenge:
, 
composite pattern for: face … challenge:
face 
challenge
This study extends previous research
future research could expand
additional research is also needed to investigate
additional research is also needed to investigate
Future research should focus on
some selection bias
composite pattern for: even though the sample size in this … was:
even though the sample size in this 
was
must be exercised when generalizing the results
caution must be exercised when 
a number of limitations do exist
a number of limitations 
a need to identify factors that impact
suggests a need to identify factors that impact
composite pattern for: our … laid the groundwork for:
our 
laid the groundwork for
composite pattern for: our ... laid the foundations for:
our 
laid the foundations for
our research highlights the importance of
Another important area of future inquiry concerns
Future work could also explore
Future work should also explore
second limitation is
A first limitation is 
A first limitation is our methodological
several limitations of our research
These contributions must be qualified in light of
spills over to affect
Although this limitation is partially offset by
Future work is also necessary to
sample size for this study was relatively small
composite pattern for: necessary to ... understand:
necessary to 
understand
composite pattern for: necessary to ... understand:
necessary to 
understand
composite pattern for: A finer-grained … is necessary to … understand :
A finer-grained 
composite pattern for: is necessary to … understand :
is necessary to 
understand 
composite pattern for: A finer-grained … is necessary to … understand :
A finer-grained 
composite pattern for: is necessary to … understand :
is necessary to 
understand 
should endeavor to
Future work
research should explore
light of its limitations
The results of this study should be considered in light of
its limitations
this study will spark continued interest
composite pattern for: Our hope is that this study will spark... :
Our hope is that this study will spark

composite pattern for: exists the possibility that the differences between ... groups:
exists the possibility that the differences between 
groups
exists the possibility that the differences between the experimental and control groups
we were unable to address the long-term effects of
Future research might examine
composite pattern for: how our results generalize to other …:
how our results generalize to other 

This limits our ability to rule out the possibility that
This limits our ability to 
were not randomly assigned to
could be influencing our results
However, extraneous factors
We acknowledge several limitations to this study
composite pattern for: we call for … to cross-validate our findings:
we call for 
to cross-validate our findings
composite pattern for: we call for …:
we call for 

it would be helpful for future research to
future research should attempt to
future research should attempt to
we encourage future research
helpful for future research to
may have influenced our
Another possible limitation relates to
future researchers should examine
far less is known about
far less is known about
composite pattern for: While a great deal of research has …:
While a great deal of research has 

a potential limitation of this research
It may also be fruitful to explore
Future research could
Future research could
Future research should
Future research should
Another potential limitation is
composite pattern for: future research might use a ... to explore:
future research might use a 
to explore
Future research might 
composite pattern for: the possibility of … cannot be completely …:
the possibility of 
composite pattern for: cannot be completely …:
cannot be completely 

and raise questions about causal direction
which can inflate correlations
composite pattern for: the possibility of … cannot be completely ruled out:
the possibility of 
cannot be completely ruled out
One limitation is the potential for
some limitations that should be noted
these studies are subject to
A limitation specific to
it remains unclear whether
it remains unclear whether
future research should be conducted 
future research should be conducted 
future research, therefore, should be conducted
future research, therefore, should be conducted
composite pattern for: the question of … remains open:
the question of 
remains open
composite pattern for: the question of … remains open:
the question of 
remains open
was conducted in only one
was conducted in only one
despite the fact that
needs to be explored further
needs to be explored further
hazardous
further research 
future research
danger of
it is important to understand
it is important to understand
It is therefore suggested that
is essential to
nevertheless
nonetheless
although
yet
however
threaten
is fragmented
composite pattern for: Our knowledge of ... is still fragmentary.:
Our knowledge of 
is still fragmentary.
composite pattern for: However, most research has … solely:
However, most research has 
solely
composite pattern for: However, most research has … only:
However, most research has 
only
presents a serious problem
results of the current study highlight
composite pattern for: constitute a potential … hazard to:
constitute a potential 
hazard to
composite pattern for: indicating significant … hazard:
indicating significant 
hazard
composite pattern for: are much higher … than:
are much higher 
than
Future research should attempt to establish statistically significant evidence
appear to be inconsistent with
little or no consensus
There is no consensus regarding
it needs to be acknowledged that there are limitations to
need further exploration 
need further exploration 
Further studies could examine the relationship among
Such research would provide further
Such research would provide further
further longitudinal research is
further longitudinal research is
mask differences across
mask differences across
composite pattern for: has focused on ... while overlooking :
has focused on 
while overlooking 
composite pattern for: Much previous research has focused on ... while :
Much previous research has focused on 
while 
are a precious resource and it important that
Further studies are suggested
Further studies are suggested
study also contributes to a better understanding of
provides several insights
composite pattern for: have not reached … consensus:
have not reached 
consensus
have not reached consensus
is a useful tool to
further research is required to understand
further research is required to understand
research needs to establish
research needs to establish
need further investigation
need further investigation
in order to address this gap
in order to address this gap
research is needed 
research is needed 
highlights a potential way forward
composite pattern for: there is little ... literature available :
there is little 
literature available 
there is little research available 
Further research is needed to clarify whether
Further research is needed to clarify whether
Further research is needed to elucidate whether
Further research is needed to elucidate whether
which remains underrecognised
composite pattern for: Issues related to ... have become a crucial component of:
Issues related to 
have become a crucial component of
has developed a better understanding of
We conceptualise the findings in a theoretical model
there is currently little empirical evidence
there is currently little
needs to be examined to 
needs to be examined to 
needs to be examined to identify
needs to be examined to identify
composite pattern for: Longitudinal ... is clearly warranted:
Longitudinal 
is clearly warranted
threat to the validity of the findings 
composite pattern for: It is feasible that … are also contributing:
It is feasible that 
are also contributing
This study provides further evidence that
A major limitation of the current study was 
A major limitation of the current study was the composition of the 
Limitations of the present study provide avenues for further research 
These findings provide support for
would provide a more rigorous test of 
would provide a means of validating
Future research 
Future research should include 
Future research should include 
composite pattern for: There are ... caveats :
There are 
caveats 
Future studies might include
should be explored further 
should be explored further 
More research should be done to
More research should be done to
limited the ability of the study to
composite pattern for: may reflect … rather than:
may reflect 
rather than
composite pattern for: these findings should not be … without further empirical examination.:
these findings should not be 
without further empirical examination.
these findings should not be extrapolated to 
should be re-examined in light of
should be re-examined in light of
has been criticised for
indicates a gap between
One drawback in this study was
complex and multi-faceted issue
require further investigation
require further investigation
require further 
require further 
need to understand 
need to understand 
should examine
More research should be done to examine
should address
further research is needed to address
few existing empirical studies have addressed
few existing empirical studies have
This study also makes contributions to 
This study also makes contributions to our understanding of
researchers in the future could use
we recommend
model was verified
composite pattern for: contributes to the research on … by examining:
contributes to the research on 
by examining
Despite the importance of the findings, there were a number of limitations to the 
could be used effectively as a
further work needs to be done before
There needs to be further work before
This study has established the importance of
Further research needs to be conducted
our findings could lead to 
our findings provide evidence for 
second limitation
primary limitation of this study
did not allow for
did not provide for
does not give adequate information on 
the sample was small and homogenous 
future research is warranted 
the sample was small and 
 a selection bias may have influenced the results 
one limitation in this 
should be conducted in order to  
should be carried out in order to better understand 
to further improve 
potential negative effect
composite pattern for: we hope our … will :
we hope our 
will 
will help guide the research
the paper highlighted
wasted
mismatch between 
undervalued
overlooked
further validation is needed 
however, further validation is needed in order to 
further validation is however needed in order to confirm
future research should investigate
our results should be interpreted in the context of the following limitations
our results should be interpreted 
we recommend that 
This is a complicated problem that 
composite pattern for: although it leads to  ... problems :
although it leads to  
problems 
An interesting line of future research could be 
to better represent 
This paper presents new ideas 
may help to
that may help in 
It is proposed to maintain  
there is growing concern 
circumvent the need 
This solution also deals with
clarify the relationship between
enables  us  to  detect
paucity of data
you will be able to
you should be able to
yet there is a paucity of
will help you to
will help us to
will enable you to
will enable us to
we will be able to
we predicted that
we predicted
we posit that
we need to know
we limit our discussion to
we know very little about
we investigated whether
we hypothesized that we would find
we hypothesized that
we hypothesize that
we hypothesised that
we have taken a few steps towards
we have suggested some ways in which
we have no way of knowing
we extend the model
we extend
we explored whether
we expected that
we evaluate whether
we consider how to
we believe that this will help
we ask why
we also expected that
we address the question of
very valuable information
very real danger that
very little research
very little empirical data
very few emipirical studies
very few attempts to
valuable contribution to
valuable addition to
unique contribution
under-represented
to provide valuable insights
to determine whether
time-consuming
this study validates
this study therefore validates
this study identifies
this study identified
this study extends the findings of
this study extends
this research expanded on
this problem is analyzed
this problem has been
third hypothesis
these results validate
These results challenge
these problems are
there is no way of knowing
there is no guarantee that
few if any
there is a very real danger that
there is a need for
there is a need for
there are some questions
there are some questions
there are as yet few
the leading questions were:
the hypothesis tested
tested the following hypothesis
test whether
test the hypothesis
systematic biases
systematic bias
susceptible to
suggest a need for further research
suggest a need for further research
suffer from a number of limitations
suffer from a number of
still some debate
still some debate
still requires additional
still requires additional
still not completely understood
still not completely understood
still lack
still lack
still have to find a way to
still have to find a way to
still far from clear
still far from clear
some limitations are present in the current study
some doubts as to whether
small size of the sample
size of sample population
significant declines
significant contribution
significant challenges for
significant barrier
composite pattern for: little … progress:
little 
progress
should not be ignored
should help you to
sheds light on
sheds light
sheds additional light
shed new light
shed light
sharpens our understanding of
sharpens our theoretical understanding of
sharp rise
sharp increase
sharp drop
sharp decrease
sharp decline
sets of research questions
sets of hypotheses
set of research questions
set of hypotheses
second hypothesis
sample was too small
sample was not
research questions were examined
research questions in this study
research questions in this report
research questions in this paper
research questions in this article
research questions
research question in this study
research question in this report
research question in this paper
research question in this article
research question examined in this
research question
requires further
have not yet been
represent a positive contribution towards
replicating the findings
relative contribution
reasons for studying this topic
been disappointing
questions were investigated
questions we addressed in this
questions in this study
questions in this research
questions in this report
questions in this paper
questions in this article
questions addressed in this study
question we addressed in this
question was investigated
question in this study
question in this research
question in this report
question in this paper
question in this article
question addressed in this study
provides support for
provides you with
provides strong evidence that
provides new
provides further support for
provides a basis
provided us with
provided a portrait of
provide us with a better understanding of the
provide us with
provide strong evidence that
provide new insights
provide new
provide much more than
provide little information
provide evidence that
provide an accurate picture
provide a useful correction to
provide a unique glimpse into
provide a means of
provide a basis for
problems remain
problems can be seen as
problems
problematic
problem with this is that
problem with
problem we study is
problem remains as to why
problem remains as to how
problem of how to
problem of
problem is to
problem is that
problem can be seen as
problem area
problem
previous studies have not addressed
previous studies have not 
previous research has not
positive contribution
picture we have is far from complete
perform poorly
paucity of research
paucity of data
partially explained by
part of the problem
negative impact on
our understanding of
our research questions were as follows
our research questions were
our research question was
our research complements
our hypothesis was
our hypotheses
our awareness
only partially understood
often suffer from
offered some suggestions for
offer powerful insights
composite pattern for: of ... concern:
of 
concern
represents a challenge
number of challenges remain
not yet been determined
not well understood
composite pattern for: not … known:
not 
known
not known whether
not guarantee
not fully successful
not feasible
not enough is known about
not enough evidence
not enough data
not completely understood
not always reliable
not all these factors are understood
not adequately operationalized
composite pattern for: not a ... solution:
not a 
solution
no substantial evidence
no research
no previous studies
no previous research
no guarantee that
no evidence that
new light
never been fully realized
neglect to take into account
neglect to consider
negative effect of
negative effect
negative consequence for
needs of
needs more
needs further
needs a more
need to be examined in more detail
need to be confirmed
need to be conducted
necessary for understanding
must be complemented by
must be addressed
must be addressed
much less is known
much less is known
little is known about
research is needed
studies are needed
research is needed
research is needed
minimal amount of research
might help you to
merits special attention
merit further investigation
merit further investigation
merit attention
measurement bias
may shed further light
may provide a better
may help you to
may have contributed
map the territory
major limitations of
major limitation
little research
little progress has been made
little is known about
little attention has been paid to
little attention has been
little agreement as to
little accumulated research
limited-coverage
limited understanding
limited data available
limited data available
limited data
limited data
limitations of this study
limitations of our study
limitations need to be
limitations
limitation of
limitation needs to be  pointed out
limitation needs to be
limitation
less than adequate
less is known about
less is known
lent further impetus
lent further impetus
lends support to
larger sample population
composite pattern for: lack of ... has restricted:
lack of 
has restricted
composite pattern for: lack of … has prevented:
lack of 
has prevented
composite pattern for: lack of sufficiently … has:
lack of sufficiently 
has
labour intensive
takes time
takes time and money
labor-intensive
it would be expected that
it was hypothesized that
issues which must be addressed
issues which must be addressed
composite pattern for: issue of ... remain unanswered:
issue of 
remain unanswered
composite pattern for: issue of ... remain unanswered:
issue of 
remain unanswered
issue of reliability
composite pattern for: however… remains:
however
remains
intended as a stepping-stone
insufficient sample size
insufficient research
insufficient research
insufficient evidence
insufficient evidence
insufficient data
insufficient data
insights
insight into
ineffective
not enough is known about
loss of 
increasingly widespread
increasingly in need of
increasingly important to
increasingly aware of
questions remain unanswered 
increased need for
increased awareness of
inconsistent with
inconsistent
inconclusive
incomplete
Incompatibility between
not enough
lack of
are required
are needed 
additional clarification is needed
in the aftermath
in order to solve this problem
in order to solve
need to be improved
not enough is known about
important to understand that
important to understand
hypothesized that
hypothesized as
hypothesis:
hypothesis of this study
hypothesis investigated in this paper
hypothesis in this
hypothesis examined
hypothesis
hypotheses:
hypotheses were investigated
hypotheses were examined
hypotheses were
hypotheses investigated in this paper
hypotheses
however, little evidence
helps you to appreciate
helps you to
helps you
helps to reveal
helps to highlight
help you to understand
help you to
help you
help us
help to explain
heighten your awareness of
have yet to
have to be interpreted with a certain amount of caution
have to be interpreted with
have not been determined
composite pattern for: have ... no data:
have 
no data
has not been determined
has lacked
has its problems
has been criticized
guide us
greatly reduced
gives you
future studies should control for
future studies should
future studies are needed
future research
future investigations should
further studies that investigate
further studies should control for
further studies should
further research is needed
further research is needed
{number} hypothesis
form a framework for
for understanding
for future research
following question
following hypothesis
following hypotheses
first hypothesis
final hypothesis
few studies have specifically addressed
expand awareness
enables you to understand
enables you to
enabled us to
enable you to
enable us to
directions for future research
directions for further research
directions for additional research
difficult to distinguish
deeper understanding of
deepen your understanding of
data sparseness
crucial link between
creates a conceptual framework
contributions of this
contributions
contribution to
contribution of this
contribution of
contribution
contributes to your understanding of
composite pattern for: contributes to an understanding of...:
contributes to an understanding of

doubts as to
clarification of the relationship between
challenge remains
challenge remains
central to our understanding of
central issue
caution must be used
caution is warranted
cannot be generalized
can help you to
can contribute to
can be used
call into question
biases
bias associated with
better understanding of
benefits were
benefits include
benefits are
benefit is
avenues of future research
avenues of future
avenues for improvement
avenue for improvement
attempts should be made
attempt to fill this gap between
as yet no
as predicted
as hypothesized
areas for further research
are still not completely understood
anecdotal results
anecdotal evidence
an understanding of
composite pattern for: an effective ... for:
an effective 
for
almost no
allows you to
allows us to
allows the treatment of
allow you to see
allow you to
allow you  to understand
allow us to
alarming rate
addresses questions of
addresses only the question of
addressed the need for
address the problem
address the needs of
additional studies are required
additional studies are required
additional research is required
additional research is required
additonal benefit
added value
additional analyses should examine
a paucity of data
a number of limitations
certain amount of caution
our prediction
