sentence '1 What is surprising observers at present, however, is the strength of U.S. productivity since the end of the 2001 recession.'
in section intro
matches pattern 'however'
which indicates 'problem statement'

sentence '
This development is less well understood and has important implications for our understanding of U.S. productivity trends now and in the future.'
in section intro
matches pattern 'our understanding of'
which indicates 'contribution'

sentence '
In this edition of Current Issues, we seek to shed light on the recent performance of U.S. productivity growth.'
in section intro
matches pattern 'shed light'
which indicates 'contribution'

sentence '
Significantly, however, the drop-off in productivity in 2001 was not as large as it had been in earlier recessions and the productivity recovery was much stronger (Chart 1).'
in section intro
matches pattern 'however'
which indicates 'problem statement'

sentence '
The Business Cycle Dating Committee of the National Bureau of Economic Research, for example, pointed to the gap between output and employment growth in 2002 and early 2003 as a major problem in dating the end of the 2001 recession.'
in section intro
matches pattern 'problem'
which indicates 'problem statement'

sentence '
Explaining U.S.Productivity Growth We employ standard growth accounting techniques to decompose the growth of productivity into its components, or sources.Specifically, we quantify the proximate contributions of increased inputs of labor and capital services and other factors.'
in section intro
matches pattern 'contributions'
which indicates 'contribution'

