sentence '
This development is less well understood and has important implications for our understanding of U.S.'
in section intro
matches pattern 'our understanding of'
which indicates 'contribution'

sentence '
Explaining U.S.Productivity Growth We employ standard growth accounting techniques to decompose the growth of productivity into its components, or sources.Specifically, we quantify the proximate contributions of increased inputs of labor and capital services and other factors.'
in section intro
matches pattern 'contributions'
which indicates 'contribution'

sentence '
This allows us to quantify the technological progress in the production of IT equipment and software—for example, the ability to produce faster and more powerful computers at lower prices.'
in section intro
matches pattern 'allows us to'
which indicates 'contribution'

sentence '
Capital deepening made the largest contribution, accounting for 1.21 percentage points of the total increase.'
in section intro
matches pattern 'contribution'
which indicates 'contribution'

sentence '
Total factor productivity was next, contributing 0.74 percentage point, and labor quality followed with a contribution of 0.26 percentage point.This ranking, which holds for each subperiod and the post-1995 acceleration, underscores the importance of investment and capital allocation for productivity growth.'
in section intro
matches pattern 'contribution of'
which indicates 'contribution'

sentence '
Total factor productivity was next, contributing 0.74 percentage point, and labor quality followed with a contribution of 0.26 percentage point.This ranking, which holds for each subperiod and the post-1995 acceleration, underscores the importance of investment and capital allocation for productivity growth.'
in section intro
matches pattern 'contribution'
which indicates 'contribution'

sentence '
This sizable contribution reflects the Table 1 Sources of U.S.'
in section intro
matches pattern 'contribution'
which indicates 'contribution'

sentence '
The contribution of an input reflects the share-weighted growth rate.Capital is broadly defined to include business capital and consumer durables.'
in section intro
matches pattern 'contribution'
which indicates 'contribution'

sentence '
The contribution of an input reflects the share-weighted growth rate.Capital is broadly defined to include business capital and consumer durables.'
in section intro
matches pattern 'contribution of'
which indicates 'contribution'

sentence '
This large contribution reflects both the rapid accumulation of IT capital as prices fell and IT capital’s high marginal product.'
in section intro
matches pattern 'contribution'
which indicates 'contribution'

sentence '
This massive investment in IT leads to the large contribution of IT capital deepening to labor productivity growth.'
in section intro
matches pattern 'contribution'
which indicates 'contribution'

sentence '
This massive investment in IT leads to the large contribution of IT capital deepening to labor productivity growth.'
in section intro
matches pattern 'contribution of'
which indicates 'contribution'

sentence '
The contribution of labor quality to the post-1995 revival is essentially unchanged.'
in section intro
matches pattern 'contribution'
which indicates 'contribution'

sentence '
The contribution of labor quality to the post-1995 revival is essentially unchanged.'
in section intro
matches pattern 'contribution of'
which indicates 'contribution'

sentence '
Finally, the contribution of TFP associated with IT production has not changed, while we now see a much larger contribution from non-IT TFP growth.'
in section intro
matches pattern 'contribution of'
which indicates 'contribution'

sentence '
Finally, the contribution of TFP associated with IT production has not changed, while we now see a much larger contribution from non-IT TFP growth.'
in section intro
matches pattern 'contribution'
which indicates 'contribution'

sentence '
In all cases, the contribution of IT to aggregate TFP growth reflects the 1995-2003 average output share of each IT component.'
in section intro
matches pattern 'contribution'
which indicates 'contribution'

sentence '
In all cases, the contribution of IT to aggregate TFP growth reflects the 1995-2003 average output share of each IT component.'
in section intro
matches pattern 'contribution of'
which indicates 'contribution'

sentence '
The TFP contribution from non-IT sources is more difficult to project because the post-1995 performance has been so uneven.'
in section intro
matches pattern 'contribution'
which indicates 'contribution'

sentence '
Our base case uses the average non-IT TFP contribution observed in the full 1990-2003 period.'
in section intro
matches pattern 'contribution'
which indicates 'contribution'

sentence '
Our optimistic case assumes that the larger contribution seen in 1995-2003 will continue for the intermediate future,while our pessimistic case assumes that the non-IT TFP contribution will revert to its value during the slow-growth period of 1973-95.'
in section intro
matches pattern 'contribution'
which indicates 'contribution'

sentence '
These projections reflect the slackening pace of technological progress in semiconductors and put the contribution of IT-related TFP slightly below that of 1995-2003 as the semiconductor industry eventually returns to a three-year product cycle.'
in section intro
matches pattern 'contribution of'
which indicates 'contribution'

sentence '
These projections reflect the slackening pace of technological progress in semiconductors and put the contribution of IT-related TFP slightly below that of 1995-2003 as the semiconductor industry eventually returns to a three-year product cycle.'
in section intro
matches pattern 'contribution'
which indicates 'contribution'

sentence '
Slower growth is partly offset by a larger IT output share.Other TFP growth also makes a smaller contribution.'
in section intro
matches pattern 'contribution'
which indicates 'contribution'

sentence '
Tabl e 3 Output and Labor Productivity Projections Scenario Pessimistic Base-Case Optimistic Projections Private output growth 2.07 3.28 3.95 Average labor productivity growth 1.35 2.56 3.22 Common assumptions Hours growth 0.723 0.723 0.723 Labor quality growth 0.087 0.087 0.087 Capital share 0.425 0.425 0.425 Reproducible capital stock share 0.815 0.815 0.815 IT output share 0.047 0.047 0.047 Alternative assumptions TFP growth in IT 8.32 9.70 11.24 Implied IT-related TFP contribution 0.39 0.46 0.53 Other TFP contribution 0.10 0.45 0.61 Capital quality growth 0.94 1.82 2.29 Notes: In all projections,hours growth and labor quality growth are from internal projections for 2004-14, the capital share and the reproducible capital stock share are 1959-2003 averages,and the IT output share is the 1995-2003 average.'
in section intro
matches pattern 'contribution'
which indicates 'contribution'

sentence '
The pessimistic case uses 1973-95 average growth of IT-related TFP growth, the non-IT TFP contribution, and capital quality growth.'
in section intro
matches pattern 'contribution'
which indicates 'contribution'

