RuleInput(you will be able to,contribution,None)
RuleInput(you should be able to,contribution,None)
RuleInput(yet there is a paucity of,problem statement,Some(ArrayBuffer(LocationProperty('inside,List(introduction),'must))))
RuleInput(yet,problem statement,Some(ArrayBuffer(LocationProperty('inside,List(introduction),'must))))
RuleInput(would provide a more rigorous test of ,recommendation ,Some(ArrayBuffer(LocationProperty('inside,List(conclusion),'must))))
RuleInput(would provide a means of validating,recommendation ,Some(ArrayBuffer(LocationProperty('inside,List(conclusion),'must))))
RuleInput(will help you to,contribution,None)
RuleInput(will help us to,contribution,None)
RuleInput(will help guide the research,contribution,Some(ArrayBuffer(LocationProperty('inside,List(conclusion),'must))))
RuleInput(will enable you to,contribution,None)
RuleInput(will enable us to,contribution,None)
RuleInput(will be revealed by future research,recommendation,None)
RuleInput(While a great deal of research has …,problem statement,Some(ArrayBuffer(LocationProperty('inside,List(introduction),'must))))
RuleInput(which remains underrecognised,problem statement,Some(ArrayBuffer(LocationProperty('inside,List(introduction),'must))))
RuleInput(which can inflate correlations,limitation,None)
RuleInput(were not randomly assigned to,limitation,None)
RuleInput(we will be able to,contribution,None)
RuleInput(we were unable to address the long-term effects of,limitation,None)
RuleInput(we recommend that ,recommendation ,Some(ArrayBuffer(LocationProperty('inside,List(conclusion),'must))))
RuleInput(we recommend,recommendation ,Some(ArrayBuffer(LocationProperty('inside,List(conclusion),'must))))
RuleInput(we need to know,problem statement,Some(ArrayBuffer(LocationProperty('inside,List(introduction),'must))))
RuleInput(we limit our discussion to,limitation,Some(ArrayBuffer(LocationProperty('inside,List(discussion),'must))))
RuleInput(we know very little about,problem statement,Some(ArrayBuffer(LocationProperty('inside,List(introduction),'must))))
RuleInput(we investigated whether,hypothesis/research question  ,Some(ArrayBuffer(ReferenceProperty('self,'must), ReferenceProperty('deictic,'must))))
RuleInput(we hypothesized that we would find,hypothesis/research question  ,Some(ArrayBuffer(ReferenceProperty('self,'must), ReferenceProperty('deictic,'must))))
RuleInput(we hypothesize that,hypothesis/research question  ,Some(ArrayBuffer(ReferenceProperty('self,'must), ReferenceProperty('deictic,'must))))
RuleInput(we hypothesised that,hypothesis/research question  ,Some(ArrayBuffer(ReferenceProperty('self,'must), ReferenceProperty('deictic,'must))))
RuleInput(we hope our … will ,contribution,Some(ArrayBuffer(LocationProperty('inside,List(conclusion),'must))))
RuleInput(we have taken a few steps towards,contribution,Some(ArrayBuffer(LocationProperty('inside,List(discussion, conclusion),'must))))
RuleInput(we have suggested some ways in which,contribution,Some(ArrayBuffer(LocationProperty('inside,List(discussion, conclusion),'must))))
RuleInput(we have no way of knowing,limitation,Some(ArrayBuffer(LocationProperty('inside,List(discussion, conclusion),'must))))
RuleInput(we extend the model,contribution,None)
RuleInput(we extend,contribution,None)
RuleInput(we explored whether,hypothesis/research question  ,Some(ArrayBuffer(ReferenceProperty('self,'must), ReferenceProperty('deictic,'must))))
RuleInput(we expected that,hypothesis/research question  ,Some(ArrayBuffer(ReferenceProperty('self,'must), ReferenceProperty('deictic,'must))))
RuleInput(we evaluate whether,hypothesis/research question  ,Some(ArrayBuffer(ReferenceProperty('self,'must), ReferenceProperty('deictic,'must))))
RuleInput(we encourage future research,recommendation,None)
RuleInput(we consider how to,hypothesis/research question  ,Some(ArrayBuffer(ReferenceProperty('self,'must), ReferenceProperty('deictic,'must))))
RuleInput(We conceptualise the findings in a theoretical model,contribution,Some(ArrayBuffer(LocationProperty('inside,List(conclusion),'must))))
RuleInput(we call for … to cross-validate our findings,recommendation,None)
RuleInput(we call for …,recommendation,None)
RuleInput(we believe that this will help,contribution,None)
RuleInput(we ask why,hypothesis/research question  ,Some(ArrayBuffer(ReferenceProperty('self,'must), ReferenceProperty('deictic,'must))))
RuleInput(We acknowledge several limitations to this study,limitation,None)
RuleInput(wasted,problem statement,Some(ArrayBuffer(LocationProperty('inside,List(introduction),'must))))
RuleInput(was conducted in only one,problem statement,Some(ArrayBuffer(LocationProperty('inside,List(introduction),'must))))
RuleInput(was conducted in only one,limitation,Some(ArrayBuffer(LocationProperty('inside,List(conclusion),'must))))
RuleInput(very valuable information,contribution,Some(ArrayBuffer(LocationProperty('inside,List(discussion, conclusion),'must), ReferenceProperty('self,'must), ReferenceProperty('deictic,'must), ReferenceProperty('you,'must))))
RuleInput(very real danger that,problem statement,Some(ArrayBuffer(LocationProperty('inside,List(introduction),'must))))
RuleInput(very little research,problem statement,Some(ArrayBuffer(LocationProperty('inside,List(introduction),'must))))
RuleInput(very little empirical data,problem statement,Some(ArrayBuffer(LocationProperty('inside,List(introduction),'must))))
RuleInput(very few studies have examined,problem statement,Some(ArrayBuffer(LocationProperty('inside,List(introduction),'must), LocationProperty('inside,List(conclusion),'must))))
RuleInput(very few emipirical studies,problem statement,Some(ArrayBuffer(LocationProperty('inside,List(introduction),'must))))
RuleInput(very few attempts to,problem statement,Some(ArrayBuffer(LocationProperty('inside,List(introduction),'must))))
RuleInput(valuable contribution to,contribution,None)
RuleInput(valuable addition to,contribution,None)
RuleInput(validity of the results of this study might be limited to,limitation,None)
RuleInput(unique contribution,contribution,None)
RuleInput(undervalued,problem statement,Some(ArrayBuffer(LocationProperty('inside,List(introduction),'must))))
RuleInput(under-represented,problem statement,Some(ArrayBuffer(LocationProperty('inside,List(introduction),'must))))
RuleInput(to provide valuable insights,contribution,Some(ArrayBuffer(LocationProperty('inside,List(discussion, conclusion),'must), ReferenceProperty('self,'must), ReferenceProperty('deictic,'must), ReferenceProperty('you,'must))))
RuleInput(to further improve ,recommendation ,Some(ArrayBuffer(LocationProperty('inside,List(conclusion),'must))))
RuleInput(to better represent ,contribution,Some(ArrayBuffer(LocationProperty('inside,List(conclusion),'must))))
RuleInput(time-consuming,problem statement,Some(ArrayBuffer(LocationProperty('inside,List(introduction),'must))))
RuleInput(threaten,problem statement,Some(ArrayBuffer(LocationProperty('inside,List(introduction),'must))))
RuleInput(threat to the validity of the findings ,limitation,Some(ArrayBuffer(LocationProperty('inside,List(conclusion),'must))))
RuleInput(this study will spark continued interest,contribution,None)
RuleInput(this study validates,contribution,None)
RuleInput(this study therefore validates,contribution,None)
RuleInput(This study provides further evidence that,contribution,Some(ArrayBuffer(LocationProperty('inside,List(conclusion),'must))))
RuleInput(this study identifies,contribution,None)
RuleInput(this study identified,contribution,None)
RuleInput(This study highlights,contribution,None)
RuleInput(this study highlights,contribution,None)
RuleInput(This study has established the importance of,contribution,Some(ArrayBuffer(LocationProperty('inside,List(conclusion),'must))))
RuleInput(this study extends the findings of,contribution,None)
RuleInput(This study extends previous research,contribution ,None)
RuleInput(this study extends,contribution,None)
RuleInput(This study also makes contributions to our understanding of,contribution,Some(ArrayBuffer(LocationProperty('inside,List(conclusion),'must))))
RuleInput(This study also makes contributions to ,contribution,Some(ArrayBuffer(LocationProperty('inside,List(conclusion),'must))))
RuleInput(This study adds to the theoretical framework,contribution,None)
RuleInput(This solution also deals with,contribution,None)
RuleInput(this research expanded on,contribution,None)
RuleInput(This paper presents new ideas ,contribution,Some(ArrayBuffer(LocationProperty('inside,List(conclusion),'must))))
RuleInput(This limits our ability to rule out the possibility that,limitation,None)
RuleInput(This limits our ability to ,limitation,None)
RuleInput(This is a complicated problem that ,problem statement,Some(ArrayBuffer(LocationProperty('inside,List(introduction),'must))))
RuleInput(this ... should prove useful for,contribution,None)
RuleInput(these studies are subject to,limitation,None)
RuleInput(these results validate,contribution,None)
RuleInput(these results should be interpreted with caution,limitation,None)
RuleInput(These results challenge,problem statement,Some(ArrayBuffer(LocationProperty('inside,List(introduction),'must))))
RuleInput(these problems are,problem statement,Some(ArrayBuffer(LocationProperty('inside,List(introduction),'must))))
RuleInput(these findings should not be extrapolated to ,limitation,Some(ArrayBuffer(LocationProperty('inside,List(conclusion),'must))))
RuleInput(these findings should not be … without further empirical examination.,limitation,Some(ArrayBuffer(LocationProperty('inside,List(conclusion),'must))))
RuleInput(These findings provide support for,contribution,Some(ArrayBuffer(LocationProperty('inside,List(conclusion),'must))))
RuleInput(These contributions must be qualified in light of,limitation,None)
RuleInput(There needs to be further work before,recommendation ,Some(ArrayBuffer(LocationProperty('inside,List(conclusion),'must))))
RuleInput(there is no way of knowing,problem statement,Some(ArrayBuffer(LocationProperty('inside,List(introduction),'must))))
RuleInput(there is no guarantee that,problem statement,Some(ArrayBuffer(LocationProperty('inside,List(introduction),'must))))
RuleInput(There is no consensus regarding,problem statement,Some(ArrayBuffer(LocationProperty('inside,List(introduction),'must))))
RuleInput(there is little research available ,problem statement,Some(ArrayBuffer(LocationProperty('inside,List(introduction),'must))))
RuleInput(there is little ... literature available ,problem statement,Some(ArrayBuffer(LocationProperty('inside,List(introduction),'must))))
RuleInput(there is growing concern ,problem statement,Some(ArrayBuffer(LocationProperty('inside,List(introduction),'must))))
RuleInput(there is currently little empirical evidence,problem statement,Some(ArrayBuffer(LocationProperty('inside,List(introduction),'must))))
RuleInput(there is currently little,problem statement,Some(ArrayBuffer(LocationProperty('inside,List(introduction),'must))))
RuleInput(there is a very real danger that,problem statement,Some(ArrayBuffer(LocationProperty('inside,List(introduction),'must))))
RuleInput(there is a need for a well-designed longitudinal,limitation,Some(ArrayBuffer(LocationProperty('inside,List(conclusion),'must))))
RuleInput(there is a need for a ,recommendation,Some(ArrayBuffer(LocationProperty('inside,List(conclusion),'must))))
RuleInput(there is a need for a,problem statement,Some(ArrayBuffer(LocationProperty('inside,List(introduction),'must))))
RuleInput(there is a need for ... longitudinal,limitation,Some(ArrayBuffer(LocationProperty('inside,List(conclusion),'must))))
RuleInput(there is a need for,problem statement,Some(ArrayBuffer(LocationProperty('inside,List(introduction),'must))))
RuleInput(there is a need for,limitation,Some(ArrayBuffer(LocationProperty('inside,List(discussion, conclusion),'must))))
RuleInput(there are some questions,problem statement,Some(ArrayBuffer(LocationProperty('inside,List(introduction),'must))))
RuleInput(there are some questions,limitation,Some(ArrayBuffer(LocationProperty('inside,List(discussion, conclusion),'must))))
RuleInput(There are several limitations to our ... that should be considered,limitation,None)
RuleInput(There are several limitations to our ... ,limitation,None)
RuleInput(There are at least ... limitations,limitation,None)
RuleInput(there are as yet few,problem statement,Some(ArrayBuffer(LocationProperty('inside,List(introduction),'must))))
RuleInput(There are a number of limitations to this study.,limitation,None)
RuleInput(There are ... caveats ,limitation,Some(ArrayBuffer(LocationProperty('inside,List(conclusion),'must))))
RuleInput(The third limitation of the study results from the data collection method,limitation,None)
RuleInput(The study draws attention to,contribution,None)
RuleInput(The study deepens the existing conceptualizations,contribution,None)
RuleInput(The second limitation is the fact that the questionnaire design can also  ,limitation,None)
RuleInput(The second contribution of this study … is the finding of,contribution,None)
RuleInput(the sample was small and homogenous ,limitation,Some(ArrayBuffer(LocationProperty('inside,List(conclusion),'must))))
RuleInput(the sample was small and ,limitation,Some(ArrayBuffer(LocationProperty('inside,List(conclusion),'must))))
RuleInput(The results of this study should be considered in light of
its limitations,limitation,None)
RuleInput(the results of this study are open to the criticism that,limitation,None)
RuleInput(the question of … remains open,problem statement,None)
RuleInput(the question of … remains open,limitation,None)
RuleInput(the possibility of … cannot be completely ruled out,limitation,None)
RuleInput(the possibility of … cannot be completely …,limitation,None)
RuleInput(the paper highlighted,contribution,Some(ArrayBuffer(LocationProperty('inside,List(conclusion),'must))))
RuleInput(the hypothesis tested,hypothesis/research question  ,Some(ArrayBuffer(ReferenceProperty('self,'must), ReferenceProperty('deictic,'must))))
RuleInput(The first limitation deals with the nature of a,limitation,None)
RuleInput(the empirical literature has produced mixed results regarding,problem statement,None)
RuleInput(The ... limitation is the fact that ,limitation,None)
RuleInput(that may help in ,contribution,Some(ArrayBuffer(LocationProperty('inside,List(conclusion),'must))))
RuleInput(takes time and money,problem statement,Some(ArrayBuffer(LocationProperty('inside,List(introduction),'must))))
RuleInput(takes time,problem statement,Some(ArrayBuffer(LocationProperty('inside,List(introduction),'must))))
RuleInput(systematic biases,limitation,Some(ArrayBuffer(LocationProperty('inside,List(discussion, conclusion),'must))))
RuleInput(systematic bias,limitation,Some(ArrayBuffer(LocationProperty('inside,List(discussion, conclusion),'must))))
RuleInput(susceptible to,problem statement,Some(ArrayBuffer(LocationProperty('inside,List(introduction),'must))))
RuleInput(suggests a need to identify factors that impact,problem statement,Some(ArrayBuffer(LocationProperty('inside,List(introduction),'must))))
RuleInput(suggest a need for further research,problem statement,Some(ArrayBuffer(LocationProperty('inside,List(introduction),'must))))
RuleInput(suggest a need for further research,recommendation ,Some(ArrayBuffer(LocationProperty('inside,List(discussion, conclusion),'must))))
RuleInput(suffer from a number of limitations,limitation,Some(ArrayBuffer(LocationProperty('inside,List(discussion, conclusion),'must))))
RuleInput(suffer from a number of,problem statement,Some(ArrayBuffer(LocationProperty('inside,List(introduction),'must))))
RuleInput(Such research would provide further,problem statement,Some(ArrayBuffer(LocationProperty('inside,List(introduction),'must))))
RuleInput(Such research would provide further,recommendation,Some(ArrayBuffer(LocationProperty('inside,List(conclusion),'must))))
RuleInput(study sheds light on the key role,contribution,None)
RuleInput(study sheds light on ,contribution,None)
RuleInput(study also contributes to a better understanding of,contribution,Some(ArrayBuffer(LocationProperty('inside,List(conclusion),'must))))
RuleInput(studies are needed,rcommendation,Some(ArrayBuffer(LocationProperty('inside,List(discussion, conclusion),'must))))
RuleInput(still some debate,problem statement,Some(ArrayBuffer(LocationProperty('inside,List(introduction),'must))))
RuleInput(still some debate,limitation,Some(ArrayBuffer(LocationProperty('inside,List(discussion, conclusion),'must))))
RuleInput(still requires additional,problem statement,Some(ArrayBuffer(LocationProperty('inside,List(introduction),'must))))
RuleInput(still requires additional,limitation,Some(ArrayBuffer(LocationProperty('inside,List(discussion, conclusion),'must))))
RuleInput(still not completely understood,problem statement,Some(ArrayBuffer(LocationProperty('inside,List(introduction),'must))))
RuleInput(still not completely understood,limitation,Some(ArrayBuffer(LocationProperty('inside,List(discussion, conclusion),'must))))
RuleInput(still lack,problem statement,Some(ArrayBuffer(LocationProperty('inside,List(introduction),'must))))
RuleInput(still lack,limitation,Some(ArrayBuffer(LocationProperty('inside,List(discussion, conclusion),'must))))
RuleInput(still have to find a way to,problem statement,Some(ArrayBuffer(LocationProperty('inside,List(introduction),'must))))
RuleInput(still have to find a way to,limitation,Some(ArrayBuffer(LocationProperty('inside,List(discussion, conclusion),'must))))
RuleInput(still far from clear,problem statement,Some(ArrayBuffer(LocationProperty('inside,List(introduction),'must))))
RuleInput(still far from clear,limitation,Some(ArrayBuffer(LocationProperty('inside,List(discussion, conclusion),'must))))
RuleInput(spills over to affect,problem statement,None)
RuleInput(some selection bias,limitation,None)
RuleInput(some limitations that should be noted,limitation,None)
RuleInput(some limitations are present in the current study,limitation,Some(ArrayBuffer(LocationProperty('inside,List(discussion),'must))))
RuleInput(some doubts as to whether,problem statement,Some(ArrayBuffer(LocationProperty('inside,List(introduction),'must))))
RuleInput(small size of the sample,limitation,Some(ArrayBuffer(LocationProperty('inside,List(discussion, conclusion),'must))))
RuleInput(size of sample population,limitation ,Some(ArrayBuffer(LocationProperty('inside,List(discussion, conclusion),'must))))
RuleInput(significant declines,problem statement,Some(ArrayBuffer(LocationProperty('inside,List(introduction),'must))))
RuleInput(significant contribution,contribution,Some(ArrayBuffer(LocationProperty('inside,List(discussion, conclusion),'must), ReferenceProperty('self,'must), ReferenceProperty('deictic,'must), ReferenceProperty('you,'must))))
RuleInput(significant challenges for,problem statement,Some(ArrayBuffer(LocationProperty('inside,List(introduction),'must))))
RuleInput(significant barrier,problem statement,Some(ArrayBuffer(LocationProperty('inside,List(introduction),'must))))
RuleInput(should not be ignored,problem statement,Some(ArrayBuffer(LocationProperty('inside,List(introduction),'must))))
RuleInput(should help you to,contribution,None)
RuleInput(should examine,recommendation,Some(ArrayBuffer(LocationProperty('inside,List(conclusion),'must))))
RuleInput(should endeavor to,recommendation,None)
RuleInput(should be re-examined in light of,problem statement,None)
RuleInput(should be re-examined in light of,recommendation,Some(ArrayBuffer(LocationProperty('inside,List(conclusion),'must))))
RuleInput(should be explored further ,problem statement,Some(ArrayBuffer(LocationProperty('inside,List(introduction),'must))))
RuleInput(should be explored further ,recommendation,Some(ArrayBuffer(LocationProperty('inside,List(conclusion),'must))))
RuleInput(should be conducted in order to  ,recommendation ,Some(ArrayBuffer(LocationProperty('inside,List(conclusion),'must))))
RuleInput(should be carried out in order to better understand ,recommendation ,Some(ArrayBuffer(LocationProperty('inside,List(conclusion),'must))))
RuleInput(should address,recommendation,Some(ArrayBuffer(LocationProperty('inside,List(conclusion),'must))))
RuleInput(sheds light on,contribution,Some(ArrayBuffer(LocationProperty('inside,List(discussion, conclusion),'must), ReferenceProperty('self,'must), ReferenceProperty('deictic,'must), ReferenceProperty('you,'must))))
RuleInput(sheds light,contribution,Some(ArrayBuffer(LocationProperty('inside,List(discussion, conclusion),'must), ReferenceProperty('self,'must), ReferenceProperty('deictic,'must), ReferenceProperty('you,'must))))
RuleInput(sheds additional light,contribution,Some(ArrayBuffer(LocationProperty('inside,List(discussion, conclusion),'must), ReferenceProperty('self,'must), ReferenceProperty('deictic,'must), ReferenceProperty('you,'must))))
RuleInput(shed new light,contribution,Some(ArrayBuffer(LocationProperty('inside,List(discussion, conclusion),'must), ReferenceProperty('self,'must), ReferenceProperty('deictic,'must), ReferenceProperty('you,'must))))
RuleInput(shed light,contribution,Some(ArrayBuffer(LocationProperty('inside,List(discussion, conclusion),'must), ReferenceProperty('self,'must), ReferenceProperty('deictic,'must), ReferenceProperty('you,'must))))
RuleInput(sharpens our understanding of,contribution,None)
RuleInput(sharpens our theoretical understanding of,contribution,None)
RuleInput(sharp rise,problem statement,Some(ArrayBuffer(LocationProperty('inside,List(introduction),'must))))
RuleInput(sharp increase,problem statement,Some(ArrayBuffer(LocationProperty('inside,List(introduction),'must))))
RuleInput(sharp drop,problem statement,Some(ArrayBuffer(LocationProperty('inside,List(introduction),'must))))
RuleInput(sharp decrease,problem statement,Some(ArrayBuffer(LocationProperty('inside,List(introduction),'must))))
RuleInput(sharp decline,problem statement,Some(ArrayBuffer(LocationProperty('inside,List(introduction),'must))))
RuleInput(several limitations of our research,limitation,None)
RuleInput(sets of research questions,hypothesis/research question  ,Some(ArrayBuffer(ReferenceProperty('self,'must), ReferenceProperty('deictic,'must))))
RuleInput(sets of hypotheses,hypothesis/research question  ,Some(ArrayBuffer(ReferenceProperty('self,'must), ReferenceProperty('deictic,'must))))
RuleInput(set of hypotheses,hypothesis/research question  ,Some(ArrayBuffer(ReferenceProperty('self,'must), ReferenceProperty('deictic,'must))))
RuleInput(second limitation is,limitation,None)
RuleInput(second limitation,limitation,Some(ArrayBuffer(LocationProperty('inside,List(conclusion),'must))))
RuleInput(sample was too small,limitation ,Some(ArrayBuffer(LocationProperty('inside,List(discussion, conclusion),'must))))
RuleInput(sample was not,limitation ,Some(ArrayBuffer(LocationProperty('inside,List(discussion, conclusion),'must))))
RuleInput(sample size for this study was relatively small,limitation,None)
RuleInput(results of the study may be limited in their generalizability,limitation,None)
RuleInput(results of the current study highlight,contribution,Some(ArrayBuffer(LocationProperty('inside,List(conclusion),'must))))
RuleInput(researchers in the future could use,recommendation ,Some(ArrayBuffer(LocationProperty('inside,List(conclusion),'must))))
RuleInput(research should explore,recommendation,None)
RuleInput(research questions in this study,hypothesis/research question  ,Some(ArrayBuffer(ReferenceProperty('self,'must), ReferenceProperty('deictic,'must))))
RuleInput(research questions in this report,hypothesis/research question  ,Some(ArrayBuffer(ReferenceProperty('self,'must), ReferenceProperty('deictic,'must))))
RuleInput(research questions in this paper,hypothesis/research question  ,Some(ArrayBuffer(ReferenceProperty('self,'must), ReferenceProperty('deictic,'must))))
RuleInput(research questions in this article,hypothesis/research question  ,Some(ArrayBuffer(ReferenceProperty('self,'must), ReferenceProperty('deictic,'must))))
RuleInput(research question in this study,hypothesis/research question  ,Some(ArrayBuffer(ReferenceProperty('self,'must), ReferenceProperty('deictic,'must))))
RuleInput(research question in this report,hypothesis/research question  ,Some(ArrayBuffer(ReferenceProperty('self,'must), ReferenceProperty('deictic,'must))))
RuleInput(research question in this paper,hypothesis/research question  ,Some(ArrayBuffer(ReferenceProperty('self,'must), ReferenceProperty('deictic,'must))))
RuleInput(research question in this article,hypothesis/research question  ,Some(ArrayBuffer(ReferenceProperty('self,'must), ReferenceProperty('deictic,'must))))
RuleInput(research question examined in this,hypothesis/research question  ,Some(ArrayBuffer(ReferenceProperty('self,'must), ReferenceProperty('deictic,'must))))
RuleInput(research question,hypothesis/research question  ,Some(ArrayBuffer(ReferenceProperty('self,'must), ReferenceProperty('deictic,'must))))
RuleInput(research needs to establish,problem statement,Some(ArrayBuffer(LocationProperty('inside,List(introduction),'must))))
RuleInput(research needs to establish,recommendation,Some(ArrayBuffer(LocationProperty('inside,List(conclusion),'must))))
RuleInput(research is needed ,problem statement,Some(ArrayBuffer(LocationProperty('inside,List(introduction),'must))))
RuleInput(research is needed ,recommendation,Some(ArrayBuffer(LocationProperty('inside,List(conclusion),'must))))
RuleInput(research is needed,problem statement,Some(ArrayBuffer(LocationProperty('inside,List(introduction),'must))))
RuleInput(research is needed,limitation,Some(ArrayBuffer(LocationProperty('inside,List(discussion, conclusion),'must))))
RuleInput(research is needed,problem statement,Some(ArrayBuffer(LocationProperty('inside,List(introduction),'must))))
RuleInput(research … has been limited by its overwhelming reliance on ,problem statement,None)
RuleInput(requires further,problem statement,Some(ArrayBuffer(LocationProperty('inside,List(introduction),'must))))
RuleInput(require further investigation,problem statement,None)
RuleInput(require further investigation,recommendation,Some(ArrayBuffer(LocationProperty('inside,List(conclusion),'must))))
RuleInput(require further ,problem statement,None)
RuleInput(require further ,recommendation,Some(ArrayBuffer(LocationProperty('inside,List(conclusion),'must))))
RuleInput(represents a challenge,problem statement,Some(ArrayBuffer(LocationProperty('inside,List(introduction),'must))))
RuleInput(represent a positive contribution towards,contribution,None)
RuleInput(replicating the findings,contribution,Some(ArrayBuffer(LocationProperty('inside,List(discussion, conclusion),'must), ReferenceProperty('self,'must), ReferenceProperty('deictic,'must), ReferenceProperty('you,'must))))
RuleInput(relative contribution,contribution,None)
RuleInput(reasons for studying this topic,contribution,None)
RuleInput(questions were investigated,hypothesis/research question  ,Some(ArrayBuffer(ReferenceProperty('self,'must), ReferenceProperty('deictic,'must))))
RuleInput(questions we addressed in this,hypothesis/research question  ,Some(ArrayBuffer(ReferenceProperty('self,'must), ReferenceProperty('deictic,'must))))
RuleInput(questions remain unanswered ,problem statement,Some(ArrayBuffer(LocationProperty('inside,List(introduction),'must))))
RuleInput(questions in this study,hypothesis/research question  ,Some(ArrayBuffer(ReferenceProperty('self,'must), ReferenceProperty('deictic,'must))))
RuleInput(questions in this research,hypothesis/research question  ,Some(ArrayBuffer(ReferenceProperty('self,'must), ReferenceProperty('deictic,'must))))
RuleInput(questions in this report,hypothesis/research question  ,Some(ArrayBuffer(ReferenceProperty('self,'must), ReferenceProperty('deictic,'must))))
RuleInput(questions in this paper,hypothesis/research question  ,Some(ArrayBuffer(ReferenceProperty('self,'must), ReferenceProperty('deictic,'must))))
RuleInput(questions in this article,hypothesis/research question  ,Some(ArrayBuffer(ReferenceProperty('self,'must), ReferenceProperty('deictic,'must))))
RuleInput(questions addressed in this study,hypothesis/research question  ,Some(ArrayBuffer(ReferenceProperty('self,'must), ReferenceProperty('deictic,'must))))
RuleInput(question we addressed in this,hypothesis/research question  ,Some(ArrayBuffer(ReferenceProperty('self,'must), ReferenceProperty('deictic,'must))))
RuleInput(question was investigated,hypothesis/research question  ,Some(ArrayBuffer(ReferenceProperty('self,'must), ReferenceProperty('deictic,'must))))
RuleInput(question in this study,hypothesis/research question  ,Some(ArrayBuffer(ReferenceProperty('self,'must), ReferenceProperty('deictic,'must))))
RuleInput(question in this research,hypothesis/research question  ,Some(ArrayBuffer(ReferenceProperty('self,'must), ReferenceProperty('deictic,'must))))
RuleInput(question in this report,hypothesis/research question  ,Some(ArrayBuffer(ReferenceProperty('self,'must), ReferenceProperty('deictic,'must))))
RuleInput(question in this paper,hypothesis/research question  ,Some(ArrayBuffer(ReferenceProperty('self,'must), ReferenceProperty('deictic,'must))))
RuleInput(question in this article,hypothesis/research question  ,Some(ArrayBuffer(ReferenceProperty('self,'must), ReferenceProperty('deictic,'must))))
RuleInput(question addressed in this study,hypothesis/research question  ,Some(ArrayBuffer(ReferenceProperty('self,'must), ReferenceProperty('deictic,'must))))
RuleInput(provides you with,contribution,None)
RuleInput(provides support for,contribution,Some(ArrayBuffer(LocationProperty('inside,List(discussion, conclusion),'must), ReferenceProperty('self,'must), ReferenceProperty('deictic,'must), ReferenceProperty('you,'must))))
RuleInput(provides strong evidence that,contribution,Some(ArrayBuffer(LocationProperty('inside,List(discussion, conclusion),'must), ReferenceProperty('self,'must), ReferenceProperty('deictic,'must), ReferenceProperty('you,'must))))
RuleInput(provides several insights,contribution,Some(ArrayBuffer(LocationProperty('inside,List(conclusion),'must))))
RuleInput(provides new,contribution,Some(ArrayBuffer(LocationProperty('inside,List(discussion, conclusion),'must), ReferenceProperty('self,'must), ReferenceProperty('deictic,'must), ReferenceProperty('you,'must))))
RuleInput(provides further support for,contribution,Some(ArrayBuffer(LocationProperty('inside,List(discussion, conclusion),'must), ReferenceProperty('self,'must), ReferenceProperty('deictic,'must), ReferenceProperty('you,'must))))
RuleInput(provides a basis,contribution,Some(ArrayBuffer(LocationProperty('inside,List(discussion, conclusion),'must), ReferenceProperty('self,'must), ReferenceProperty('deictic,'must), ReferenceProperty('you,'must))))
RuleInput(provided us with,contribution,None)
RuleInput(provided a portrait of,contribution,Some(ArrayBuffer(LocationProperty('inside,List(discussion, conclusion),'must), ReferenceProperty('self,'must), ReferenceProperty('deictic,'must), ReferenceProperty('you,'must))))
RuleInput(provide us with a better understanding of the,contribution,None)
RuleInput(provide us with,contribution,None)
RuleInput(provide strong evidence that,contribution,Some(ArrayBuffer(LocationProperty('inside,List(discussion, conclusion),'must), ReferenceProperty('self,'must), ReferenceProperty('deictic,'must), ReferenceProperty('you,'must))))
RuleInput(provide new insights,contribution,Some(ArrayBuffer(LocationProperty('inside,List(discussion, conclusion),'must), ReferenceProperty('self,'must), ReferenceProperty('deictic,'must), ReferenceProperty('you,'must))))
RuleInput(provide new,contribution,Some(ArrayBuffer(LocationProperty('inside,List(discussion, conclusion),'must), ReferenceProperty('self,'must), ReferenceProperty('deictic,'must), ReferenceProperty('you,'must))))
RuleInput(provide much more than,contribution,Some(ArrayBuffer(LocationProperty('inside,List(discussion, conclusion),'must), ReferenceProperty('self,'must), ReferenceProperty('deictic,'must), ReferenceProperty('you,'must))))
RuleInput(provide little information,problem statement,Some(ArrayBuffer(LocationProperty('inside,List(introduction),'must))))
RuleInput(provide evidence that,contribution,Some(ArrayBuffer(LocationProperty('inside,List(discussion, conclusion),'must))))
RuleInput(provide an accurate picture,contribution,Some(ArrayBuffer(LocationProperty('inside,List(discussion, conclusion),'must))))
RuleInput(provide a useful correction to,contribution,Some(ArrayBuffer(LocationProperty('inside,List(discussion, conclusion),'must))))
RuleInput(provide a unique glimpse into,contribution,Some(ArrayBuffer(LocationProperty('inside,List(discussion, conclusion),'must), ReferenceProperty('self,'must), ReferenceProperty('deictic,'must), ReferenceProperty('you,'must))))
RuleInput(provide a means of,contribution,Some(ArrayBuffer(LocationProperty('inside,List(discussion, conclusion),'must))))
RuleInput(provide a basis for,contribution,Some(ArrayBuffer(LocationProperty('inside,List(conclusion),'must))))
RuleInput(problems remain,problem statement,Some(ArrayBuffer(LocationProperty('inside,List(introduction),'must))))
RuleInput(problems can be seen as,problem statement,Some(ArrayBuffer(LocationProperty('inside,List(introduction),'must))))
RuleInput(problems,problem statement,Some(ArrayBuffer(LocationProperty('inside,List(introduction),'must))))
RuleInput(problematic,problem statement,Some(ArrayBuffer(LocationProperty('inside,List(introduction),'must))))
RuleInput(problem with this is that,problem statement,Some(ArrayBuffer(LocationProperty('inside,List(introduction),'must))))
RuleInput(problem with,problem statement,Some(ArrayBuffer(LocationProperty('inside,List(introduction),'must))))
RuleInput(problem we study is,problem statement,Some(ArrayBuffer(LocationProperty('inside,List(introduction),'must))))
RuleInput(problem remains as to why,problem statement,Some(ArrayBuffer(LocationProperty('inside,List(introduction),'must))))
RuleInput(problem remains as to how,problem statement,Some(ArrayBuffer(LocationProperty('inside,List(introduction),'must))))
RuleInput(problem of how to,problem statement,Some(ArrayBuffer(LocationProperty('inside,List(introduction),'must))))
RuleInput(problem of,problem statement,Some(ArrayBuffer(LocationProperty('inside,List(introduction),'must))))
RuleInput(problem is to,problem statement,Some(ArrayBuffer(LocationProperty('inside,List(introduction),'must))))
RuleInput(problem is that,problem statement,Some(ArrayBuffer(LocationProperty('inside,List(introduction),'must))))
RuleInput(problem can be seen as,problem statement,Some(ArrayBuffer(LocationProperty('inside,List(introduction),'must))))
RuleInput(problem area,problem statement,Some(ArrayBuffer(LocationProperty('inside,List(introduction),'must))))
RuleInput(problem,problem statement,Some(ArrayBuffer(LocationProperty('inside,List(introduction),'must))))
RuleInput(primary limitation of this study,limitation,Some(ArrayBuffer(LocationProperty('inside,List(conclusion),'must))))
RuleInput(previous studies have not addressed,problem statement,Some(ArrayBuffer(LocationProperty('inside,List(introduction),'must))))
RuleInput(previous studies have not ,problem statement,Some(ArrayBuffer(LocationProperty('inside,List(introduction),'must))))
RuleInput(previous research has not,problem statement,Some(ArrayBuffer(LocationProperty('inside,List(introduction),'must))))
RuleInput(presents a serious problem,problem statement,Some(ArrayBuffer(LocationProperty('inside,List(introduction),'must))))
RuleInput(potential negative effect,problem statement,Some(ArrayBuffer(LocationProperty('inside,List(introduction),'must))))
RuleInput(positive contribution,contribution,Some(ArrayBuffer(LocationProperty('inside,List(discussion, conclusion),'must))))
RuleInput(picture we have is far from complete,problem statement,Some(ArrayBuffer(LocationProperty('inside,List(introduction),'must))))
RuleInput(perform poorly,problem statement,Some(ArrayBuffer(LocationProperty('inside,List(introduction),'must))))
RuleInput(paucity of research,problem statement,Some(ArrayBuffer(LocationProperty('inside,List(introduction),'must))))
RuleInput(paucity of data,problem statement,Some(ArrayBuffer(LocationProperty('inside,List(introduction),'must))))
RuleInput(paucity of data,problem statement,Some(ArrayBuffer(LocationProperty('inside,List(introduction),'must))))
RuleInput(partially explained by,problem statement,Some(ArrayBuffer(LocationProperty('inside,List(introduction),'must))))
RuleInput(part of the problem,problem statement,Some(ArrayBuffer(LocationProperty('inside,List(introduction),'must))))
RuleInput(overlooked,problem statement,None)
RuleInput(overlooked,problem statement,Some(ArrayBuffer(LocationProperty('inside,List(introduction),'must))))
RuleInput(our understanding of,contribution,None)
RuleInput(our results should be interpreted in the context of the following limitations,limitation,Some(ArrayBuffer(LocationProperty('inside,List(conclusion),'must))))
RuleInput(our results should be interpreted ,limitation,Some(ArrayBuffer(LocationProperty('inside,List(conclusion),'must))))
RuleInput(our research highlights the importance of,contribution,None)
RuleInput(our research complements,contribution,None)
RuleInput(Our knowledge of ... is still fragmentary.,problem statement,Some(ArrayBuffer(LocationProperty('inside,List(introduction),'must))))
RuleInput(Our hope is that this study will spark... ,contribution,None)
RuleInput(our findings provide evidence for ,contribution,Some(ArrayBuffer(LocationProperty('inside,List(conclusion),'must))))
RuleInput(our findings could lead to ,contribution,Some(ArrayBuffer(LocationProperty('inside,List(conclusion),'must))))
RuleInput(our awareness,contribution,None)
RuleInput(our … laid the groundwork for,contribution,None)
RuleInput(our ... laid the foundations for,contribution,None)
RuleInput(only partially understood,problem statement,Some(ArrayBuffer(LocationProperty('inside,List(introduction),'must))))
RuleInput(One limitation is the potential for,limitation,None)
RuleInput(one limitation in,limitation,Some(ArrayBuffer(LocationProperty('inside,List(conclusion),'must), ReferenceProperty('deictic,'must))))
RuleInput(One drawback in this study was,limitation,Some(ArrayBuffer(LocationProperty('inside,List(conclusion),'must))))
RuleInput(often suffer from,problem statement,Some(ArrayBuffer(LocationProperty('inside,List(introduction),'must))))
RuleInput(offered some suggestions for,contribution,Some(ArrayBuffer(LocationProperty('inside,List(discussion, conclusion),'must), ReferenceProperty('self,'must), ReferenceProperty('deictic,'must), ReferenceProperty('you,'must))))
RuleInput(offer powerful insights,contribution,Some(ArrayBuffer(LocationProperty('inside,List(discussion, conclusion),'must), ReferenceProperty('self,'must), ReferenceProperty('deictic,'must), ReferenceProperty('you,'must))))
RuleInput(of ... concern,problem statement,Some(ArrayBuffer(LocationProperty('inside,List(introduction),'must))))
RuleInput(number of challenges remain,problem statement,Some(ArrayBuffer(LocationProperty('inside,List(introduction),'must))))
RuleInput(not yet been determined,problem statement,Some(ArrayBuffer(LocationProperty('inside,List(introduction),'must))))
RuleInput(not well understood,problem statement,Some(ArrayBuffer(LocationProperty('inside,List(introduction),'must))))
RuleInput(not known whether,problem statement,Some(ArrayBuffer(LocationProperty('inside,List(introduction),'must))))
RuleInput(not guarantee,problem statement,Some(ArrayBuffer(LocationProperty('inside,List(introduction),'must))))
RuleInput(not fully successful,problem statement,Some(ArrayBuffer(LocationProperty('inside,List(introduction),'must))))
RuleInput(not feasible,problem statement,Some(ArrayBuffer(LocationProperty('inside,List(introduction),'must))))
RuleInput(not enough is known about,problem statement,Some(ArrayBuffer(LocationProperty('inside,List(introduction),'must))))
RuleInput(not enough is known about,problem statement,Some(ArrayBuffer(LocationProperty('inside,List(introduction),'must))))
RuleInput(not enough is known about,problem statement,Some(ArrayBuffer(LocationProperty('inside,List(introduction),'must))))
RuleInput(not enough evidence,problem statement,Some(ArrayBuffer(LocationProperty('inside,List(introduction),'must))))
RuleInput(not enough data,problem statement,Some(ArrayBuffer(LocationProperty('inside,List(introduction),'must))))
RuleInput(not enough,problem statement,Some(ArrayBuffer(LocationProperty('inside,List(introduction),'must))))
RuleInput(not completely understood,problem statement,Some(ArrayBuffer(LocationProperty('inside,List(introduction),'must))))
RuleInput(not always reliable,limitation,Some(ArrayBuffer(LocationProperty('inside,List(discussion, conclusion),'must))))
RuleInput(not all these factors are understood,limitation,Some(ArrayBuffer(LocationProperty('inside,List(discussion, conclusion),'must))))
RuleInput(not adequately operationalized,limitation,Some(ArrayBuffer(LocationProperty('inside,List(conclusion),'must))))
RuleInput(not a ... solution,problem statement,Some(ArrayBuffer(LocationProperty('inside,List(introduction),'must))))
RuleInput(not … known,problem statement,Some(ArrayBuffer(LocationProperty('inside,List(introduction),'must))))
RuleInput(nonetheless,problem statement,Some(ArrayBuffer(LocationProperty('inside,List(introduction),'must))))
RuleInput(no substantial evidence,problem statement,Some(ArrayBuffer(LocationProperty('inside,List(introduction),'must))))
RuleInput(no research,problem statement,Some(ArrayBuffer(LocationProperty('inside,List(introduction),'must))))
RuleInput(no previous studies,problem statement,Some(ArrayBuffer(LocationProperty('inside,List(introduction),'must))))
RuleInput(no previous research,problem statement,Some(ArrayBuffer(LocationProperty('inside,List(introduction),'must))))
RuleInput(no guarantee that,problem statement,Some(ArrayBuffer(LocationProperty('inside,List(introduction),'must))))
RuleInput(no evidence that,problem statement,Some(ArrayBuffer(LocationProperty('inside,List(introduction),'must))))
RuleInput(new light,contribution,Some(ArrayBuffer(LocationProperty('inside,List(discussion, conclusion),'must), ReferenceProperty('self,'must), ReferenceProperty('deictic,'must), ReferenceProperty('you,'must))))
RuleInput(nevertheless,problem statement,Some(ArrayBuffer(LocationProperty('inside,List(introduction),'must))))
RuleInput(never been fully realized,problem statement,Some(ArrayBuffer(LocationProperty('inside,List(introduction),'must))))
RuleInput(neglect to take into account,problem statement,Some(ArrayBuffer(LocationProperty('inside,List(introduction),'must))))
RuleInput(neglect to consider,problem statement,Some(ArrayBuffer(LocationProperty('inside,List(introduction),'must))))
RuleInput(negative impact on,problem statement,Some(ArrayBuffer(LocationProperty('inside,List(introduction),'must))))
RuleInput(negative effect of,problem statement,Some(ArrayBuffer(LocationProperty('inside,List(introduction),'must))))
RuleInput(negative effect,problem statement,Some(ArrayBuffer(LocationProperty('inside,List(introduction),'must))))
RuleInput(negative consequence for,problem statement,Some(ArrayBuffer(LocationProperty('inside,List(introduction),'must))))
RuleInput(needs to be used with a wide variety of,limitation,None)
RuleInput(needs to be explored further,problem statement,Some(ArrayBuffer(LocationProperty('inside,List(introduction),'must))))
RuleInput(needs to be explored further,recommendation,Some(ArrayBuffer(LocationProperty('inside,List(conclusion),'must))))
RuleInput(needs to be examined to identify,problem statement,Some(ArrayBuffer(LocationProperty('inside,List(introduction),'must))))
RuleInput(needs to be examined to identify,limitation,Some(ArrayBuffer(LocationProperty('inside,List(conclusion),'must))))
RuleInput(needs to be examined to ,problem statement,Some(ArrayBuffer(LocationProperty('inside,List(introduction),'must))))
RuleInput(needs to be examined to ,limitation,Some(ArrayBuffer(LocationProperty('inside,List(conclusion),'must))))
RuleInput(needs of,problem statement,Some(ArrayBuffer(LocationProperty('inside,List(introduction),'must))))
RuleInput(needs more,problem statement,Some(ArrayBuffer(LocationProperty('inside,List(introduction),'must))))
RuleInput(needs further,problem statement,Some(ArrayBuffer(LocationProperty('inside,List(introduction),'must))))
RuleInput(needs a more,problem statement,Some(ArrayBuffer(LocationProperty('inside,List(introduction),'must))))
RuleInput(need to understand ,problem statement,None)
RuleInput(need to understand ,recommendation,Some(ArrayBuffer(LocationProperty('inside,List(conclusion),'must))))
RuleInput(need to be improved,problem statement,Some(ArrayBuffer(LocationProperty('inside,List(introduction),'must))))
RuleInput(need to be examined in more detail,problem statement,Some(ArrayBuffer(LocationProperty('inside,List(introduction),'must))))
RuleInput(need to be confirmed,problem statement,Some(ArrayBuffer(LocationProperty('inside,List(introduction),'must))))
RuleInput(need to be conducted,problem statement,Some(ArrayBuffer(LocationProperty('inside,List(introduction),'must))))
RuleInput(need further investigation,problem statement,Some(ArrayBuffer(LocationProperty('inside,List(introduction),'must))))
RuleInput(need further investigation,recommendation,Some(ArrayBuffer(LocationProperty('inside,List(conclusion),'must))))
RuleInput(need further exploration ,problem statement,Some(ArrayBuffer(LocationProperty('inside,List(introduction),'must))))
RuleInput(need further exploration ,recommendation,Some(ArrayBuffer(LocationProperty('inside,List(conclusion),'must))))
RuleInput(necessary to ... understand,recommendation,Some(ArrayBuffer(LocationProperty('inside,List(conclusion),'must))))
RuleInput(necessary to ... understand,problem statement,Some(ArrayBuffer(LocationProperty('inside,List(introduction),'must))))
RuleInput(necessary for understanding,contribution,Some(ArrayBuffer(LocationProperty('inside,List(discussion, conclusion),'must), ReferenceProperty('self,'must), ReferenceProperty('deictic,'must), ReferenceProperty('you,'must))))
RuleInput(must be exercised when generalizing the results,limitation,None)
RuleInput(must be complemented by,recommendation ,None)
RuleInput(must be addressed,limitation,Some(ArrayBuffer(LocationProperty('inside,List(discussion, conclusion),'must))))
RuleInput(must be addressed,problem statement,Some(ArrayBuffer(LocationProperty('inside,List(introduction),'must))))
RuleInput(Much previous research has focused on ... while ,problem statement,Some(ArrayBuffer(LocationProperty('inside,List(introduction),'must))))
RuleInput(much less is known,limitation,Some(ArrayBuffer(LocationProperty('inside,List(discussion, conclusion),'must))))
RuleInput(much less is known,problem statement,Some(ArrayBuffer(LocationProperty('inside,List(introduction),'must))))
RuleInput(More research should be done to examine,problem statement,None)
RuleInput(More research should be done to,problem statement,Some(ArrayBuffer(LocationProperty('inside,List(introduction),'must))))
RuleInput(More research should be done to,recommendation,Some(ArrayBuffer(LocationProperty('inside,List(conclusion),'must))))
RuleInput(model was verified,contribution,Some(ArrayBuffer(LocationProperty('inside,List(conclusion),'must))))
RuleInput(mismatch between ,problem statement,Some(ArrayBuffer(LocationProperty('inside,List(introduction),'must))))
RuleInput(minimal amount of research,problem statement,Some(ArrayBuffer(LocationProperty('inside,List(introduction),'must))))
RuleInput(might help you to,contribution,None)
RuleInput(merits special attention,problem statement,Some(ArrayBuffer(LocationProperty('inside,List(introduction),'must))))
RuleInput(merit further investigation,limitation,Some(ArrayBuffer(LocationProperty('inside,List(discussion, conclusion),'must))))
RuleInput(merit further investigation,problem statement,Some(ArrayBuffer(LocationProperty('inside,List(introduction),'must))))
RuleInput(merit attention,limitation,Some(ArrayBuffer(LocationProperty('inside,List(discussion, conclusion),'must))))
RuleInput(measurement bias,limitation,Some(ArrayBuffer(LocationProperty('inside,List(discussion, conclusion),'must))))
RuleInput(may shed further light,contribution,Some(ArrayBuffer(LocationProperty('inside,List(discussion, conclusion),'must), ReferenceProperty('self,'must), ReferenceProperty('deictic,'must), ReferenceProperty('you,'must))))
RuleInput(may reflect … rather than,limitation,Some(ArrayBuffer(LocationProperty('inside,List(conclusion),'must))))
RuleInput(may provide a better,contribution,Some(ArrayBuffer(LocationProperty('inside,List(discussion, conclusion),'must), ReferenceProperty('self,'must), ReferenceProperty('deictic,'must), ReferenceProperty('you,'must))))
RuleInput(may help you to,contribution,None)
RuleInput(may help to,contribution,Some(ArrayBuffer(LocationProperty('inside,List(conclusion),'must))))
RuleInput(may have influenced our,limitation,None)
RuleInput(may have contributed,contribution,None)
RuleInput(mask differences across,problem statement,Some(ArrayBuffer(LocationProperty('inside,List(introduction),'must))))
RuleInput(mask differences across,limitation,Some(ArrayBuffer(LocationProperty('inside,List(conclusion),'must))))
RuleInput(map the territory,contribution,Some(ArrayBuffer(LocationProperty('inside,List(conclusion),'must))))
RuleInput(major limitations of,limitation,Some(ArrayBuffer(LocationProperty('inside,List(discussion, conclusion),'must))))
RuleInput(major limitation,limitation,Some(ArrayBuffer(LocationProperty('inside,List(discussion, conclusion),'must))))
RuleInput(loss of ,problem statement,Some(ArrayBuffer(LocationProperty('inside,List(introduction),'must))))
RuleInput(Longitudinal ... is clearly warranted,recommendation ,Some(ArrayBuffer(LocationProperty('inside,List(conclusion),'must))))
RuleInput(little research,problem statement,Some(ArrayBuffer(LocationProperty('inside,List(introduction),'must))))
RuleInput(little progress has been made,problem statement,Some(ArrayBuffer(LocationProperty('inside,List(introduction),'must))))
RuleInput(little or no consensus,problem statement,Some(ArrayBuffer(LocationProperty('inside,List(introduction),'must))))
RuleInput(little is known about,problem statement,Some(ArrayBuffer(LocationProperty('inside,List(introduction),'must))))
RuleInput(little is known about,problem statement,Some(ArrayBuffer(LocationProperty('inside,List(introduction),'must))))
RuleInput(little attention has been paid to,problem statement,Some(ArrayBuffer(LocationProperty('inside,List(introduction),'must))))
RuleInput(little attention has been,problem statement,Some(ArrayBuffer(LocationProperty('inside,List(introduction),'must))))
RuleInput(little agreement as to,problem statement,Some(ArrayBuffer(LocationProperty('inside,List(introduction),'must))))
RuleInput(little accumulated research,problem statement,Some(ArrayBuffer(LocationProperty('inside,List(introduction),'must))))
RuleInput(little … progress,problem statement,Some(ArrayBuffer(LocationProperty('inside,List(introduction),'must))))
RuleInput(limited-coverage,limitation,Some(ArrayBuffer(LocationProperty('inside,List(discussion, conclusion),'must))))
RuleInput(limited understanding,problem statement,Some(ArrayBuffer(LocationProperty('inside,List(introduction),'must))))
RuleInput(limited the ability of the study to,limitation,Some(ArrayBuffer(LocationProperty('inside,List(conclusion),'must))))
RuleInput(limited data available,problem statement,Some(ArrayBuffer(LocationProperty('inside,List(introduction),'must))))
RuleInput(limited data available,limitation,Some(ArrayBuffer(LocationProperty('inside,List(discussion, conclusion),'must))))
RuleInput(limited data,problem statement,Some(ArrayBuffer(LocationProperty('inside,List(introduction),'must))))
RuleInput(limited data,limitation,Some(ArrayBuffer(LocationProperty('inside,List(discussion, conclusion),'must))))
RuleInput(limitations of this study,limitation,Some(ArrayBuffer(LocationProperty('inside,List(discussion),'must))))
RuleInput(Limitations of the present study provide avenues for further research ,limitation,Some(ArrayBuffer(LocationProperty('inside,List(conclusion),'must))))
RuleInput(limitations of our study,limitation,Some(ArrayBuffer(LocationProperty('inside,List(discussion, conclusion),'must))))
RuleInput(limitations need to be,limitation,Some(ArrayBuffer(LocationProperty('inside,List(discussion, conclusion),'must))))
RuleInput(limitations,limitation,Some(ArrayBuffer(LocationProperty('inside,List(discussion, conclusion),'must))))
RuleInput(limitation of,limitation,Some(ArrayBuffer(LocationProperty('inside,List(discussion, conclusion),'must))))
RuleInput(limitation needs to be  pointed out,limitation,Some(ArrayBuffer(LocationProperty('inside,List(discussion, conclusion),'must))))
RuleInput(limitation needs to be,limitation,Some(ArrayBuffer(LocationProperty('inside,List(discussion, conclusion),'must))))
RuleInput(limitation,limitation,Some(ArrayBuffer(LocationProperty('inside,List(discussion, conclusion),'must))))
RuleInput(likely to be a major factor in ,problem statement,Some(ArrayBuffer(LocationProperty('inside,List(introduction),'must))))
RuleInput(light of its limitations,limitation,None)
RuleInput(less than adequate,problem statement,Some(ArrayBuffer(LocationProperty('inside,List(introduction),'must))))
RuleInput(less is known about,problem statement,Some(ArrayBuffer(LocationProperty('inside,List(introduction),'must))))
RuleInput(less is known,problem statement,Some(ArrayBuffer(LocationProperty('inside,List(introduction),'must))))
RuleInput(lent further impetus,contribution,Some(ArrayBuffer(LocationProperty('inside,List(conclusion),'must))))
RuleInput(lent further impetus,contribution,None)
RuleInput(lends support to,contribution,Some(ArrayBuffer(LocationProperty('inside,List(conclusion),'must))))
RuleInput(larger sample population,limitation,Some(ArrayBuffer(LocationProperty('inside,List(discussion, conclusion),'must))))
RuleInput(largely depends on,problem statement,Some(ArrayBuffer(LocationProperty('inside,List(introduction),'must))))
RuleInput(lack of sufficiently … has,problem statement,Some(ArrayBuffer(LocationProperty('inside,List(introduction),'must))))
RuleInput(lack of ... has restricted,problem statement,Some(ArrayBuffer(LocationProperty('inside,List(introduction),'must))))
RuleInput(lack of … has prevented,problem statement,Some(ArrayBuffer(LocationProperty('inside,List(introduction),'must))))
RuleInput(lack of,problem statement,Some(ArrayBuffer(LocationProperty('inside,List(introduction),'must))))
RuleInput(labour intensive,problem statement,Some(ArrayBuffer(LocationProperty('inside,List(introduction),'must))))
RuleInput(labor-intensive,problem statement,Some(ArrayBuffer(LocationProperty('inside,List(introduction),'must))))
RuleInput(it would be helpful for future research to,recommendation,None)
RuleInput(it remains unclear whether,limitation,None)
RuleInput(it remains unclear whether,problem statement,Some(ArrayBuffer(LocationProperty('inside,List(introduction),'must))))
RuleInput(it needs to be acknowledged that there are limitations to,limitation,Some(ArrayBuffer(LocationProperty('inside,List(conclusion),'must))))
RuleInput(It may also be fruitful to explore,recommendation,None)
RuleInput(It is therefore suggested that,recommendation,Some(ArrayBuffer(LocationProperty('inside,List(conclusion),'must))))
RuleInput(It is proposed to maintain  ,recommendation ,Some(ArrayBuffer(LocationProperty('inside,List(conclusion),'must))))
RuleInput(It is important to understand ...limitations of the study,limitation,None)
RuleInput(it is important to understand,problem statement,Some(ArrayBuffer(LocationProperty('inside,List(introduction),'must))))
RuleInput(it is important to understand,recommendation,Some(ArrayBuffer(LocationProperty('inside,List(conclusion),'must))))
RuleInput(It is feasible that … are also contributing,limitation,Some(ArrayBuffer(LocationProperty('inside,List(conclusion),'must))))
RuleInput(issues which must be addressed,limitation,Some(ArrayBuffer(LocationProperty('inside,List(discussion, conclusion),'must))))
RuleInput(issues which must be addressed,problem statement,Some(ArrayBuffer(LocationProperty('inside,List(introduction),'must))))
RuleInput(Issues related to ... have become a crucial component of,problem statement,Some(ArrayBuffer(LocationProperty('inside,List(introduction),'must))))
RuleInput(issue of reliability,limitation,Some(ArrayBuffer(LocationProperty('inside,List(discussion, conclusion),'must))))
RuleInput(issue of ... remain unanswered,limitation,Some(ArrayBuffer(LocationProperty('inside,List(discussion, conclusion),'must))))
RuleInput(issue of ... remain unanswered,problem statement,Some(ArrayBuffer(LocationProperty('inside,List(introduction),'must))))
RuleInput(is fragmented,problem statement,Some(ArrayBuffer(LocationProperty('inside,List(introduction),'must))))
RuleInput(is essential to,problem statement,Some(ArrayBuffer(LocationProperty('inside,List(introduction),'must))))
RuleInput(is a useful tool to,contribution,Some(ArrayBuffer(LocationProperty('inside,List(conclusion),'must))))
RuleInput(is a subject for further research,recommendation,None)
RuleInput(intended as a stepping-stone,contribution,Some(ArrayBuffer(LocationProperty('inside,List(discussion, conclusion),'must), ReferenceProperty('self,'must), ReferenceProperty('deictic,'must), ReferenceProperty('you,'must))))
RuleInput(insufficient sample size,limitation,Some(ArrayBuffer(LocationProperty('inside,List(discussion, conclusion),'must))))
RuleInput(insufficient research,limitation,Some(ArrayBuffer(LocationProperty('inside,List(discussion, conclusion),'must))))
RuleInput(insufficient research,problem statement,Some(ArrayBuffer(LocationProperty('inside,List(introduction),'must))))
RuleInput(insufficient evidence,limitation,Some(ArrayBuffer(LocationProperty('inside,List(discussion, conclusion),'must))))
RuleInput(insufficient evidence,problem statement,Some(ArrayBuffer(LocationProperty('inside,List(introduction),'must))))
RuleInput(insufficient data,limitation,Some(ArrayBuffer(LocationProperty('inside,List(discussion, conclusion),'must))))
RuleInput(insufficient data,problem statement,Some(ArrayBuffer(LocationProperty('inside,List(introduction),'must))))
RuleInput(insights,contribution,Some(ArrayBuffer(LocationProperty('inside,List(discussion, conclusion),'must), ReferenceProperty('self,'must), ReferenceProperty('deictic,'must), ReferenceProperty('you,'must))))
RuleInput(insight into,contribution,Some(ArrayBuffer(LocationProperty('inside,List(discussion, conclusion),'must), ReferenceProperty('self,'must), ReferenceProperty('deictic,'must), ReferenceProperty('you,'must))))
RuleInput(ineffective,problem statement,Some(ArrayBuffer(LocationProperty('inside,List(introduction),'must))))
RuleInput(indicating significant … hazard,problem statement,Some(ArrayBuffer(LocationProperty('inside,List(introduction),'must))))
RuleInput(indicates a gap between,problem statement,None)
RuleInput(increasingly widespread,problem statement,Some(ArrayBuffer(LocationProperty('inside,List(introduction),'must))))
RuleInput(increasingly in need of,problem statement,Some(ArrayBuffer(LocationProperty('inside,List(introduction),'must))))
RuleInput(increasingly important to,problem statement,Some(ArrayBuffer(LocationProperty('inside,List(introduction),'must))))
RuleInput(increasingly aware of,problem statement,Some(ArrayBuffer(LocationProperty('inside,List(introduction),'must))))
RuleInput(increased need for,problem statement,Some(ArrayBuffer(LocationProperty('inside,List(introduction),'must))))
RuleInput(increased awareness of,contribution,Some(ArrayBuffer(LocationProperty('inside,List(discussion, conclusion),'must), ReferenceProperty('self,'must), ReferenceProperty('deictic,'must), ReferenceProperty('you,'must))))
RuleInput(inconsistent with,problem statement,Some(ArrayBuffer(LocationProperty('inside,List(introduction),'must))))
RuleInput(inconsistent,problem statement,Some(ArrayBuffer(LocationProperty('inside,List(introduction),'must))))
RuleInput(inconclusive,problem statement,Some(ArrayBuffer(LocationProperty('inside,List(introduction),'must))))
RuleInput(incomplete,problem statement,Some(ArrayBuffer(LocationProperty('inside,List(introduction),'must))))
RuleInput(Incompatibility between,problem statement,Some(ArrayBuffer(LocationProperty('inside,List(introduction),'must))))
RuleInput(in the aftermath,problem statement,Some(ArrayBuffer(LocationProperty('inside,List(introduction),'must))))
RuleInput(in order to solve this problem,problem statement,Some(ArrayBuffer(LocationProperty('inside,List(introduction),'must), ReferenceProperty('self,'mustNot), ReferenceProperty('deictic,'mustNot))))
RuleInput(in order to solve,problem statement,Some(ArrayBuffer(LocationProperty('inside,List(introduction),'must), ReferenceProperty('self,'mustNot), ReferenceProperty('deictic,'mustNot))))
RuleInput(in order to address this gap,problem statement,Some(ArrayBuffer(LocationProperty('inside,List(introduction),'must))))
RuleInput(in order to address this gap,recommendation,Some(ArrayBuffer(LocationProperty('inside,List(conclusion),'must))))
RuleInput(important to understand that,contribution,Some(ArrayBuffer(LocationProperty('inside,List(discussion, conclusion),'must), ReferenceProperty('self,'must), ReferenceProperty('deictic,'must), ReferenceProperty('you,'must))))
RuleInput(important to understand,contribution,Some(ArrayBuffer(LocationProperty('inside,List(discussion, conclusion),'must), ReferenceProperty('self,'must), ReferenceProperty('deictic,'must), ReferenceProperty('you,'must))))
RuleInput(hypothesis of this study,hypothesis/research question  ,Some(ArrayBuffer(ReferenceProperty('self,'must), ReferenceProperty('deictic,'must))))
RuleInput(hypothesis investigated in this paper,hypothesis/research question  ,Some(ArrayBuffer(ReferenceProperty('self,'must), ReferenceProperty('deictic,'must))))
RuleInput(hypothesis examined,hypothesis/research question  ,Some(ArrayBuffer(ReferenceProperty('self,'mustNot), ReferenceProperty('deictic,'mustNot))))
RuleInput(hypotheses:,hypothesis/research question  ,Some(ArrayBuffer(ReferenceProperty('self,'mustNot), ReferenceProperty('deictic,'mustNot))))
RuleInput(hypotheses were investigated,hypothesis/research question  ,Some(ArrayBuffer(ReferenceProperty('self,'mustNot), ReferenceProperty('deictic,'mustNot))))
RuleInput(hypotheses were examined,hypothesis/research question  ,Some(ArrayBuffer(ReferenceProperty('self,'mustNot), ReferenceProperty('deictic,'mustNot))))
RuleInput(hypotheses investigated in this paper,hypothesis/research question  ,None)
RuleInput(however… remains,problem statement,Some(ArrayBuffer(LocationProperty('inside,List(introduction),'must))))
RuleInput(However, there are still limitations to this questionnaire,limitation,None)
RuleInput(However, most research has … solely,problem statement,Some(ArrayBuffer(LocationProperty('inside,List(introduction),'must))))
RuleInput(However, most research has … only,problem statement,Some(ArrayBuffer(LocationProperty('inside,List(introduction),'must))))
RuleInput(however, little evidence,problem statement,Some(ArrayBuffer(LocationProperty('inside,List(introduction),'must))))
RuleInput(however, further validation is needed in order to ,limitation,None)
RuleInput(However, extraneous factors,limitation,None)
RuleInput(however,problem statement,Some(ArrayBuffer(LocationProperty('inside,List(introduction),'must))))
RuleInput(how our results generalize to other …,limitation,None)
RuleInput(highlights a potential way forward,contribution,Some(ArrayBuffer(LocationProperty('inside,List(conclusion),'must))))
RuleInput(helps you to appreciate,contribution,None)
RuleInput(helps you to,contribution,None)
RuleInput(helps you,contribution,None)
RuleInput(helps to reveal,contribution,Some(ArrayBuffer(LocationProperty('inside,List(discussion, conclusion),'must), ReferenceProperty('self,'must), ReferenceProperty('deictic,'must), ReferenceProperty('you,'must))))
RuleInput(helps to highlight,contribution,Some(ArrayBuffer(LocationProperty('inside,List(discussion, conclusion),'must), ReferenceProperty('self,'must), ReferenceProperty('deictic,'must), ReferenceProperty('you,'must))))
RuleInput(helpful for future research to,recommendation,None)
RuleInput(help you to understand,contribution,None)
RuleInput(help you to,contribution,None)
RuleInput(help you,contribution,None)
RuleInput(help us,contribution,None)
RuleInput(help to explain,contribution,Some(ArrayBuffer(LocationProperty('inside,List(discussion, conclusion),'must), ReferenceProperty('self,'must), ReferenceProperty('deictic,'must), ReferenceProperty('you,'must))))
RuleInput(heighten your awareness of,contribution,None)
RuleInput(hazardous,problem statement,Some(ArrayBuffer(LocationProperty('inside,List(introduction),'must))))
RuleInput(have yet to,problem statement,Some(ArrayBuffer(LocationProperty('inside,List(introduction),'must))))
RuleInput(have to be interpreted with a certain amount of caution,limitation,Some(ArrayBuffer(LocationProperty('inside,List(discussion, conclusion),'must))))
RuleInput(have to be interpreted with,limitation,Some(ArrayBuffer(LocationProperty('inside,List(discussion, conclusion),'must))))
RuleInput(have not yet been,problem statement,Some(ArrayBuffer(LocationProperty('inside,List(introduction),'must))))
RuleInput(have not reached consensus,problem statement,Some(ArrayBuffer(LocationProperty('inside,List(introduction),'must))))
RuleInput(have not reached … consensus,problem statement,Some(ArrayBuffer(LocationProperty('inside,List(introduction),'must))))
RuleInput(have not been determined,problem statement,Some(ArrayBuffer(LocationProperty('inside,List(introduction),'must))))
RuleInput(have ... no data,problem statement,Some(ArrayBuffer(LocationProperty('inside,List(introduction),'must))))
RuleInput(has produced mixed results ,problem statement,None)
RuleInput(has not been determined,problem statement,Some(ArrayBuffer(LocationProperty('inside,List(introduction),'must))))
RuleInput(has lacked,problem statement,Some(ArrayBuffer(LocationProperty('inside,List(introduction),'must))))
RuleInput(has its problems,problem statement,Some(ArrayBuffer(LocationProperty('inside,List(introduction),'must))))
RuleInput(has focused on ... while overlooking ,problem statement,Some(ArrayBuffer(LocationProperty('inside,List(introduction),'must))))
RuleInput(has developed a better understanding of,contribution,Some(ArrayBuffer(LocationProperty('inside,List(conclusion),'must))))
RuleInput(has been criticized,problem statement,Some(ArrayBuffer(LocationProperty('inside,List(introduction),'must))))
RuleInput(has been criticised for,problem statement,None)
RuleInput(guide us,contribution,None)
RuleInput(greatly reduced,problem statement,Some(ArrayBuffer(LocationProperty('inside,List(introduction),'must))))
RuleInput(gives you,contribution,None)
RuleInput(Future work should also explore,recommendation,Some(ArrayBuffer(LocationProperty('inside,List(conclusion),'must))))
RuleInput(Future work is also necessary to,recommendation,None)
RuleInput(Future work could also explore,problem statement,Some(ArrayBuffer(LocationProperty('inside,List(introduction),'must))))
RuleInput(Future work,recommendation,None)
RuleInput(future studies should control for,recommendation ,None)
RuleInput(future studies should,recommendation ,None)
RuleInput(future studies should,recommendation,None)
RuleInput(Future studies might include,recommendation ,Some(ArrayBuffer(LocationProperty('inside,List(conclusion),'must))))
RuleInput(future studies are needed,recommendation ,None)
RuleInput(future researchers should examine,recommendation,None)
RuleInput(Future researchers may wish to,recommendation,None)
RuleInput(future research, therefore, should be conducted,problem statement,Some(ArrayBuffer(LocationProperty('inside,List(introduction),'must))))
RuleInput(future research, therefore, should be conducted,recommendation,None)
RuleInput(future research should investigate,recommendation ,Some(ArrayBuffer(LocationProperty('inside,List(conclusion),'must))))
RuleInput(Future research should include ,problem statement,Some(ArrayBuffer(LocationProperty('inside,List(introduction),'must))))
RuleInput(Future research should include ,recommendation,Some(ArrayBuffer(LocationProperty('inside,List(conclusion),'must))))
RuleInput(Future research should focus on,recommendation,None)
RuleInput(future research should be conducted ,problem statement,Some(ArrayBuffer(LocationProperty('inside,List(introduction),'must))))
RuleInput(future research should be conducted ,recommendation,None)
RuleInput(Future research should attempt to establish statistically significant evidence,recommendation,Some(ArrayBuffer(LocationProperty('inside,List(conclusion),'must))))
RuleInput(future research should attempt to,problem statement,Some(ArrayBuffer(LocationProperty('inside,List(introduction),'must))))
RuleInput(future research should attempt to,recommendation,Some(ArrayBuffer(LocationProperty('inside,List(conclusion),'must))))
RuleInput(Future research should,problem statement,Some(ArrayBuffer(LocationProperty('inside,List(introduction),'must))))
RuleInput(Future research should,recommendation,Some(ArrayBuffer(LocationProperty('inside,List(conclusion),'must))))
RuleInput(future research might use a ... to explore,recommendation,None)
RuleInput(Future research might examine,recommendation,None)
RuleInput(Future research might ,recommendation,None)
RuleInput(future research is warranted ,recommendation ,Some(ArrayBuffer(LocationProperty('inside,List(conclusion),'must))))
RuleInput(future research could expand,recommendation,None)
RuleInput(Future research could,problem statement,Some(ArrayBuffer(LocationProperty('inside,List(introduction),'must))))
RuleInput(Future research could,recommendation,Some(ArrayBuffer(LocationProperty('inside,List(conclusion),'must))))
RuleInput(Future research ,recommendation ,Some(ArrayBuffer(LocationProperty('inside,List(conclusion),'must))))
RuleInput(future research,recommendation ,None)
RuleInput(future research,problem statement,Some(ArrayBuffer(LocationProperty('inside,List(introduction),'must))))
RuleInput(future investigations should,recommendation ,None)
RuleInput(further work needs to be done before,recommendation ,Some(ArrayBuffer(LocationProperty('inside,List(conclusion),'must))))
RuleInput(further validation is needed ,limitation,None)
RuleInput(further validation is however needed in order to confirm,limitation,None)
RuleInput(further studies that investigate,recommendation ,None)
RuleInput(further studies should control for,recommendation ,None)
RuleInput(further studies should,recommendation ,None)
RuleInput(Further studies could examine the relationship among,recommendation,Some(ArrayBuffer(LocationProperty('inside,List(conclusion),'must))))
RuleInput(Further studies are suggested,problem statement,Some(ArrayBuffer(LocationProperty('inside,List(introduction),'must))))
RuleInput(Further studies are suggested,recommendation,Some(ArrayBuffer(LocationProperty('inside,List(conclusion),'must))))
RuleInput(Further research needs to be conducted,recommendation ,Some(ArrayBuffer(LocationProperty('inside,List(conclusion),'must))))
RuleInput(further research is required to understand,problem statement,Some(ArrayBuffer(LocationProperty('inside,List(introduction),'must))))
RuleInput(further research is required to understand,recommendation,Some(ArrayBuffer(LocationProperty('inside,List(conclusion),'must))))
RuleInput(Further research is needed to elucidate whether,problem statement,Some(ArrayBuffer(LocationProperty('inside,List(introduction),'must))))
RuleInput(Further research is needed to elucidate whether,recommendation,Some(ArrayBuffer(LocationProperty('inside,List(conclusion),'must))))
RuleInput(Further research is needed to clarify whether,problem statement,Some(ArrayBuffer(LocationProperty('inside,List(introduction),'must))))
RuleInput(Further research is needed to clarify whether,recommendation,Some(ArrayBuffer(LocationProperty('inside,List(conclusion),'must))))
RuleInput(further research is needed to address,problem statement,None)
RuleInput(further research is needed,limitation,Some(ArrayBuffer(LocationProperty('inside,List(discussion, conclusion),'must))))
RuleInput(further research is needed,problem statement,Some(ArrayBuffer(LocationProperty('inside,List(introduction),'must))))
RuleInput(further research ,recommendation,Some(ArrayBuffer(LocationProperty('inside,List(conclusion),'must))))
RuleInput(further longitudinal research is,problem statement,Some(ArrayBuffer(LocationProperty('inside,List(introduction),'must))))
RuleInput(further longitudinal research is,recommendation,Some(ArrayBuffer(LocationProperty('inside,List(conclusion),'must))))
RuleInput(form a framework for,contribution,Some(ArrayBuffer(LocationProperty('inside,List(discussion, conclusion),'must), ReferenceProperty('self,'must), ReferenceProperty('deictic,'must), ReferenceProperty('you,'must))))
RuleInput(for understanding,contribution,Some(ArrayBuffer(LocationProperty('inside,List(discussion, conclusion),'must), ReferenceProperty('self,'must), ReferenceProperty('deictic,'must), ReferenceProperty('you,'must))))
RuleInput(for future research,recommendation ,None)
RuleInput(following question,hypothesis/research question  ,Some(ArrayBuffer(ReferenceProperty('self,'must), ReferenceProperty('deictic,'must))))
RuleInput(few studies have specifically addressed,problem statement,Some(ArrayBuffer(LocationProperty('inside,List(introduction),'must))))
RuleInput(few if any,problem statement,Some(ArrayBuffer(LocationProperty('inside,List(introduction),'must))))
RuleInput(few existing empirical studies have addressed,problem statement,Some(ArrayBuffer(LocationProperty('inside,List(introduction),'must))))
RuleInput(few existing empirical studies have,problem statement,Some(ArrayBuffer(LocationProperty('inside,List(introduction),'must))))
RuleInput(far less is known about,problem statement,Some(ArrayBuffer(LocationProperty('inside,List(introduction),'must))))
RuleInput(far less is known about,recommendation,Some(ArrayBuffer(LocationProperty('inside,List(conclusion),'must))))
RuleInput(extended research is necessary ,problem statement,Some(ArrayBuffer(LocationProperty('inside,List(introduction),'must))))
RuleInput(extended research is necessary,recommendation,Some(ArrayBuffer(LocationProperty('inside,List(conclusion),'must))))
RuleInput(explained above, this ... was not able to,limitation,None)
RuleInput(expand awareness,contribution,Some(ArrayBuffer(LocationProperty('inside,List(discussion, conclusion),'must), ReferenceProperty('self,'must), ReferenceProperty('deictic,'must), ReferenceProperty('you,'must))))
RuleInput(exists the possibility that the differences between the experimental and control groups,limitation,None)
RuleInput(exists the possibility that the differences between ... groups,limitation,None)
RuleInput(even though the sample size in this … was,limitation,None)
RuleInput(enables you to understand,contribution,None)
RuleInput(enables you to,contribution,None)
RuleInput(enables  us  to  detect,contribution,None)
RuleInput(enabled us to,contribution,None)
RuleInput(enable you to,contribution,None)
RuleInput(enable us to,contribution,None)
RuleInput(doubts as to,problem statement,Some(ArrayBuffer(LocationProperty('inside,List(introduction),'must))))
RuleInput(does not give adequate information on ,limitation,Some(ArrayBuffer(LocationProperty('inside,List(conclusion),'must))))
RuleInput(directions for future research,recommendation ,None)
RuleInput(directions for further research,recommendation ,None)
RuleInput(directions for additional research,recommendation ,None)
RuleInput(difficult to draw firm conclusions given the small sample size and the difficulties,limitation,None)
RuleInput(difficult to draw firm conclusions ,limitation,None)
RuleInput(difficult to distinguish,problem statement,Some(ArrayBuffer(LocationProperty('inside,List(introduction),'must))))
RuleInput(did not provide for,limitation,Some(ArrayBuffer(LocationProperty('inside,List(conclusion),'must))))
RuleInput(did not allow for,limitation,Some(ArrayBuffer(LocationProperty('inside,List(conclusion),'must))))
RuleInput(Despite the importance of the findings, there were a number of limitations to the ,limitation,Some(ArrayBuffer(LocationProperty('inside,List(conclusion),'must))))
RuleInput(despite the fact that,problem statement,Some(ArrayBuffer(LocationProperty('inside,List(introduction),'must))))
RuleInput(deeper understanding of,contribution,Some(ArrayBuffer(LocationProperty('inside,List(discussion, conclusion),'must), ReferenceProperty('self,'must), ReferenceProperty('deictic,'must), ReferenceProperty('you,'must))))
RuleInput(deepen your understanding of,contribution,None)
RuleInput(data sparseness,limitation,Some(ArrayBuffer(LocationProperty('inside,List(discussion, conclusion),'must))))
RuleInput(danger of,problem statement,Some(ArrayBuffer(LocationProperty('inside,List(introduction),'must))))
RuleInput(crucial link between,contribution,Some(ArrayBuffer(LocationProperty('inside,List(discussion, conclusion),'must), ReferenceProperty('self,'must), ReferenceProperty('deictic,'must), ReferenceProperty('you,'must))))
RuleInput(creates a conceptual framework,contribution,Some(ArrayBuffer(LocationProperty('inside,List(discussion, conclusion),'must), ReferenceProperty('self,'must), ReferenceProperty('deictic,'must), ReferenceProperty('you,'must))))
RuleInput(could be used effectively as a,contribution,Some(ArrayBuffer(LocationProperty('inside,List(conclusion),'must))))
RuleInput(could be influencing our results,limitation,None)
RuleInput(convenience sampling framework,limitation,None)
RuleInput(contributions of this,contribution,None)
RuleInput(contributions,contribution,None)
RuleInput(contribution to,contribution,None)
RuleInput(contribution of this,contribution,None)
RuleInput(contribution of,contribution,None)
RuleInput(contribution,contribution,None)
RuleInput(contributes to your understanding of,contribution,None)
RuleInput(contributes to the research on … by examining,contribution,Some(ArrayBuffer(LocationProperty('inside,List(conclusion),'must))))
RuleInput(contributes to an understanding of...,contribution,None)
RuleInput(constitute a potential … hazard to,problem statement,Some(ArrayBuffer(LocationProperty('inside,List(introduction),'must))))
RuleInput(complex and multi-faceted issue,problem statement,None)
RuleInput(clarify the relationship between,contribution,None)
RuleInput(clarification of the relationship between,contribution,Some(ArrayBuffer(LocationProperty('inside,List(discussion, conclusion),'must), ReferenceProperty('self,'must), ReferenceProperty('deictic,'must), ReferenceProperty('you,'must))))
RuleInput(circumvent the need ,contribution,Some(ArrayBuffer(LocationProperty('inside,List(conclusion),'must))))
RuleInput(challenge remains,limitation ,Some(ArrayBuffer(LocationProperty('inside,List(discussion, conclusion),'must))))
RuleInput(challenge remains,problem statement,Some(ArrayBuffer(LocationProperty('inside,List(introduction),'must))))
RuleInput(certain amount of caution,limitation,Some(ArrayBuffer(LocationProperty('inside,List(conclusions, conclusions),'must))))
RuleInput(central to our understanding of,contribution,None)
RuleInput(central issue,problem statement,Some(ArrayBuffer(LocationProperty('inside,List(introduction),'must))))
RuleInput(caution must be used,limitation,Some(ArrayBuffer(LocationProperty('inside,List(discussion),'must))))
RuleInput(caution must be exercised when ,limitation,None)
RuleInput(caution is warranted,limitation,Some(ArrayBuffer(LocationProperty('inside,List(discussion),'must))))
RuleInput(cannot be generalized,limitation,Some(ArrayBuffer(LocationProperty('inside,List(discussion),'must))))
RuleInput(can help you to,contribution,None)
RuleInput(can contribute to,contribution,None)
RuleInput(can be used,recommendation ,None)
RuleInput(call into question,problem statement,Some(ArrayBuffer(LocationProperty('inside,List(introduction),'must))))
RuleInput(biases,limitation ,Some(ArrayBuffer(LocationProperty('inside,List(discussion, conclusion),'must))))
RuleInput(bias associated with,limitation ,Some(ArrayBuffer(LocationProperty('inside,List(discussion, conclusion),'must))))
RuleInput(better understanding of,contribution,Some(ArrayBuffer(LocationProperty('inside,List(discussion, conclusion),'must), ReferenceProperty('self,'must), ReferenceProperty('deictic,'must), ReferenceProperty('you,'must))))
RuleInput(benefits were,contribution,Some(ArrayBuffer(LocationProperty('inside,List(discussion, conclusion),'must), ReferenceProperty('self,'must), ReferenceProperty('deictic,'must), ReferenceProperty('you,'must))))
RuleInput(benefits include,contribution,Some(ArrayBuffer(LocationProperty('inside,List(discussion, conclusion),'must), ReferenceProperty('self,'must), ReferenceProperty('deictic,'must), ReferenceProperty('you,'must))))
RuleInput(benefits are,contribution,Some(ArrayBuffer(LocationProperty('inside,List(discussion, conclusion),'must), ReferenceProperty('self,'must), ReferenceProperty('deictic,'must), ReferenceProperty('you,'must))))
RuleInput(benefit is,contribution,Some(ArrayBuffer(LocationProperty('inside,List(discussion, conclusion),'must), ReferenceProperty('self,'must), ReferenceProperty('deictic,'must), ReferenceProperty('you,'must))))
RuleInput(been disappointing,problem statement,Some(ArrayBuffer(LocationProperty('inside,List(introduction),'must))))
RuleInput(avenues of future research,recommendation ,None)
RuleInput(avenues of future,recommendation ,None)
RuleInput(avenues for improvement,recommendation ,None)
RuleInput(avenue for improvement,recommendation ,None)
RuleInput(attempts should be made,recommendation ,None)
RuleInput(attempt to fill this gap between,problem statement,Some(ArrayBuffer(LocationProperty('inside,List(introduction),'must))))
RuleInput(as yet no,problem statement,Some(ArrayBuffer(LocationProperty('inside,List(introduction),'must))))
RuleInput(as predicted,hypothesis/research question  ,Some(ArrayBuffer(ReferenceProperty('self,'must), ReferenceProperty('deictic,'must))))
RuleInput(as hypothesized,hypothesis/research question  ,Some(ArrayBuffer(ReferenceProperty('self,'must), ReferenceProperty('deictic,'must))))
RuleInput(areas for further research,recommendation ,Some(ArrayBuffer(LocationProperty('inside,List(conclusion),'must))))
RuleInput(are still not completely understood,problem statement,Some(ArrayBuffer(LocationProperty('inside,List(Introduction),'must))))
RuleInput(are required,problem statement,Some(ArrayBuffer(LocationProperty('inside,List(introduction),'must))))
RuleInput(are needed ,problem statement,Some(ArrayBuffer(LocationProperty('inside,List(introduction),'must))))
RuleInput(are much higher … than,problem statement,Some(ArrayBuffer(LocationProperty('inside,List(introduction),'must))))
RuleInput(are a precious resource and it important that,problem statement,Some(ArrayBuffer(LocationProperty('inside,List(introduction),'must))))
RuleInput(appear to be inconsistent with,problem statement,Some(ArrayBuffer(LocationProperty('inside,List(introduction),'must))))
RuleInput(Another potential limitation is,limitation,None)
RuleInput(Another possible limitation relates to,limitation,None)
RuleInput(Another important area of future inquiry concerns,recommendation,None)
RuleInput(anecdotal results,limitation,Some(ArrayBuffer(LocationProperty('inside,List(conclusions, conclusions),'must))))
RuleInput(anecdotal evidence,limitation,Some(ArrayBuffer(LocationProperty('inside,List(conclusions, conclusions),'must))))
RuleInput(and raise questions about causal direction,limitation,None)
RuleInput(an understanding of,contribution,Some(ArrayBuffer(LocationProperty('inside,List(discussion, conclusion),'must), ReferenceProperty('self,'must), ReferenceProperty('deictic,'must), ReferenceProperty('you,'must))))
RuleInput(An interesting line of future research could be ,recommendation ,Some(ArrayBuffer(LocationProperty('inside,List(conclusion),'must))))
RuleInput(an effective ... for,contribution,Some(ArrayBuffer(LocationProperty('inside,List(discussion, conclusion),'must), ReferenceProperty('self,'must), ReferenceProperty('deictic,'must), ReferenceProperty('you,'must))))
RuleInput(Although this limitation is partially offset by,limitation,None)
RuleInput(Although potential benefits … could be …, … face … challenge,problem statement,None)
RuleInput(although it leads to  ... problems ,problem statement,Some(ArrayBuffer(LocationProperty('inside,List(introduction),'must))))
RuleInput(although,problem statement,Some(ArrayBuffer(LocationProperty('inside,List(introduction),'must))))
RuleInput(almost no,problem statement,Some(ArrayBuffer(LocationProperty('inside,List(introduction),'must))))
RuleInput(allows you to,contribution,None)
RuleInput(allows us to,contribution,None)
RuleInput(allows the treatment of,contribution,Some(ArrayBuffer(LocationProperty('inside,List(introduction),'must))))
RuleInput(allow you to see,contribution,None)
RuleInput(allow you to,contribution,None)
RuleInput(allow you  to understand,contribution,None)
RuleInput(allow us to,contribution,None)
RuleInput(alarming rate,problem statement,Some(ArrayBuffer(LocationProperty('inside,List(introduction),'must))))
RuleInput(addresses only the question of,limitation,Some(ArrayBuffer(LocationProperty('inside,List(conclusions, conclusions),'must))))
RuleInput(addressed the need for,contribution,Some(ArrayBuffer(LocationProperty('inside,List(conclusion),'must))))
RuleInput(address the problem,problem statement,Some(ArrayBuffer(LocationProperty('inside,List(introduction),'must))))
RuleInput(address the needs of,problem statement,Some(ArrayBuffer(LocationProperty('inside,List(introduction),'must))))
RuleInput(additonal benefit,contribution,Some(ArrayBuffer(LocationProperty('inside,List(conclusion),'must))))
RuleInput(additional studies are required,problem statement,Some(ArrayBuffer(LocationProperty('inside,List(Introduction),'must))))
RuleInput(additional studies are required,limitation,Some(ArrayBuffer(LocationProperty('inside,List(conclusions, conclusions),'must))))
RuleInput(additional research is required,problem statement,Some(ArrayBuffer(LocationProperty('inside,List(Introduction),'must))))
RuleInput(additional research is required,limitation,Some(ArrayBuffer(LocationProperty('inside,List(conclusions, conclusions),'must))))
RuleInput(additional research is also needed to investigate,problem statement,Some(ArrayBuffer(LocationProperty('inside,List(introduction),'must))))
RuleInput(additional research is also needed to investigate,recommendation,Some(ArrayBuffer(LocationProperty('inside,List(conclusion),'must))))
RuleInput(additional clarification is needed,problem statement,Some(ArrayBuffer(LocationProperty('inside,List(introduction),'must))))
RuleInput(additional analyses should examine,recommendation ,Some(ArrayBuffer(LocationProperty('inside,List(conclusion),'must))))
RuleInput(added value,contribution,Some(ArrayBuffer(LocationProperty('inside,List(conclusion),'must))))
RuleInput(a potential limitation of this research,limitation,None)
RuleInput(a possibility we leave open for exploration in future research,recommendation,None)
RuleInput(a paucity of data,problem statement,Some(ArrayBuffer(LocationProperty('inside,List(Introduction),'must))))
RuleInput(a number of limitations do exist,limitation,None)
RuleInput(a number of limitations ,limitation,None)
RuleInput(a number of limitations,limitation,Some(ArrayBuffer(LocationProperty('inside,List(conclusions, conclusions),'must))))
RuleInput(a need to identify factors that impact,limitation,Some(ArrayBuffer(LocationProperty('inside,List(conclusion),'must))))
RuleInput(A major limitation of the current study was the composition of the ,limitation,Some(ArrayBuffer(LocationProperty('inside,List(conclusion),'must))))
RuleInput(A major limitation of the current study was ,limitation,Some(ArrayBuffer(LocationProperty('inside,List(conclusion),'must))))
RuleInput(A limitation specific to,limitation,None)
RuleInput(A first limitation is our methodological,limitation,None)
RuleInput(A first limitation is ,limitation,None)
RuleInput(A finer-grained … is necessary to … understand ,problem statement,Some(ArrayBuffer(LocationProperty('inside,List(introduction),'must))))
RuleInput(A finer-grained … is necessary to … understand ,recommendation,Some(ArrayBuffer(LocationProperty('inside,List(conclusion),'must))))
RuleInput(a clear need for research in this area since ,problem statement,None)
RuleInput(our hypotheses,hypothesis/research question  ,Some(ArrayBuffer(ReferenceProperty('self,'must), ReferenceProperty('deictic,'must))))
RuleInput({ordinal number} hypothesis,hypothesis/research question  ,Some(ArrayBuffer(ReferenceProperty('self,'must), ReferenceProperty('deictic,'must))))
RuleInput(we also expected that,hypothesis/research question  ,Some(ArrayBuffer(ReferenceProperty('self,'must), ReferenceProperty('deictic,'must))))
RuleInput(we address the question of,hypothesis/research question  ,Some(ArrayBuffer(ReferenceProperty('self,'must), ReferenceProperty('deictic,'must))))
RuleInput(tested the following hypothesis,hypothesis/research question  ,Some(ArrayBuffer(ReferenceProperty('self,'must), ReferenceProperty('deictic,'must))))
RuleInput(we test whether,hypothesis/research question  ,Some(ArrayBuffer(ReferenceProperty('self,'must), ReferenceProperty('deictic,'must))))
RuleInput(test the hypothesis,hypothesis/research question  ,Some(ArrayBuffer(ReferenceProperty('self,'must), ReferenceProperty('deictic,'must))))
RuleInput(set of research questions,hypothesis/research question  ,Some(ArrayBuffer(ReferenceProperty('self,'must), ReferenceProperty('deictic,'must))))
RuleInput(Semantic Parsing using Distributional Semantics and Probabilistic Logic,hypothesis/research question  ,Some(ArrayBuffer(ReferenceProperty('self,'must), ReferenceProperty('deictic,'must))))
RuleInput(research questions were as follows,hypothesis/research question  ,Some(ArrayBuffer(ReferenceProperty('self,'must), ReferenceProperty('deictic,'must))))
RuleInput(research questions were,hypothesis/research question  ,Some(ArrayBuffer(ReferenceProperty('self,'must), ReferenceProperty('deictic,'must))))
RuleInput(research questions,hypothesis/research question  ,Some(ArrayBuffer(ReferenceProperty('self,'must), ReferenceProperty('deictic,'must))))
RuleInput(research question was,hypothesis/research question  ,Some(ArrayBuffer(ReferenceProperty('self,'must), ReferenceProperty('deictic,'must))))
RuleInput(our prediction,hypothesis/research question  ,Some(ArrayBuffer(ReferenceProperty('self,'must), ReferenceProperty('deictic,'must))))
RuleInput(We predicted that,hypothesis/research question  ,Some(ArrayBuffer(ReferenceProperty('self,'must), ReferenceProperty('deictic,'must))))
RuleInput(we posit that,hypothesis/research question  ,Some(ArrayBuffer(ReferenceProperty('self,'must), ReferenceProperty('deictic,'must))))
RuleInput(we predicted,hypothesis/research question  ,Some(ArrayBuffer(ReferenceProperty('self,'must), ReferenceProperty('deictic,'must))))
RuleInput(it was hypothesized that,hypothesis/research question  ,Some(ArrayBuffer(ReferenceProperty('self,'must), ReferenceProperty('deictic,'must))))
RuleInput(hypothesized that,hypothesis/research question  ,Some(ArrayBuffer(ReferenceProperty('self,'must), ReferenceProperty('deictic,'must))))
RuleInput(hypothesized as,hypothesis/research question  ,Some(ArrayBuffer(ReferenceProperty('self,'must), ReferenceProperty('deictic,'must))))
RuleInput(hypothesis:,hypothesis/research question  ,Some(ArrayBuffer(ReferenceProperty('self,'must), ReferenceProperty('deictic,'must))))
RuleInput(our hypothesis was,hypothesis/research question  ,Some(ArrayBuffer(ReferenceProperty('self,'must), ReferenceProperty('deictic,'must))))
RuleInput(hypothesis in this,hypothesis/research question  ,Some(ArrayBuffer(ReferenceProperty('self,'must), ReferenceProperty('deictic,'must))))
RuleInput(our hypothesis,hypothesis/research question  ,Some(ArrayBuffer(ReferenceProperty('self,'must), ReferenceProperty('deictic,'must))))
RuleInput(hypotheses were,hypothesis/research question  ,Some(ArrayBuffer(ReferenceProperty('self,'must), ReferenceProperty('deictic,'must))))
RuleInput(our hypotheses,hypothesis/research question  ,Some(ArrayBuffer(ReferenceProperty('self,'must), ReferenceProperty('deictic,'must))))
RuleInput(following hypothesis,hypothesis/research question  ,Some(ArrayBuffer(ReferenceProperty('self,'must), ReferenceProperty('deictic,'must))))
RuleInput(following hypotheses,hypothesis/research question  ,Some(ArrayBuffer(ReferenceProperty('self,'must), ReferenceProperty('deictic,'must))))
RuleInput(first hypothesis,hypothesis/research question  ,Some(ArrayBuffer(ReferenceProperty('self,'must), ReferenceProperty('deictic,'must))))
RuleInput(final hypothesis,hypothesis/research question  ,Some(ArrayBuffer(ReferenceProperty('self,'must), ReferenceProperty('deictic,'must))))
RuleInput(address questions of,hypothesis/research question  ,Some(ArrayBuffer(ReferenceProperty('self,'must), ReferenceProperty('deictic,'must))))
RuleInput( theory has seldom been applied,problem statement,None)
RuleInput( the sample tends to skew towards,limitation,None)
RuleInput( a selection bias may have influenced the results ,limitation,Some(ArrayBuffer(LocationProperty('inside,List(conclusion),'must))))
